Log file open, 06/18/22 23:25:21
LogWindows: Failed to load 'aqProf.dll' (GetLastError=126)
LogWindows: File 'aqProf.dll' does not exist
LogWindows: Failed to load 'VtuneApi.dll' (GetLastError=126)
LogWindows: File 'VtuneApi.dll' does not exist
LogWindows: Failed to load 'VtuneApi32e.dll' (GetLastError=126)
LogWindows: File 'VtuneApi32e.dll' does not exist
LogConsoleResponse: Display: Failed to find resolution value strings in scalability ini. Falling back to default.
LogConsoleResponse: Display: Failed to find resolution value strings in scalability ini. Falling back to default.
LogInit: Display: Running engine for game: HW_2
LogPlatformFile: Not using cached read wrapper
LogTaskGraph: Started task graph with 5 named threads and 23 total threads with 3 sets of task threads.
LogStats: Stats thread started at 0.363425
LogICUInternationalization: ICU TimeZone Detection - Raw Offset: +2:00, Platform Override: ''
LogInit: Display: Loading text-based GConfig....
LogPluginManager: Mounting plugin MeshPainting
LogPluginManager: Mounting plugin XGEController
LogPluginManager: Mounting plugin Paper2D
LogPluginManager: Mounting plugin AISupport
LogPluginManager: Mounting plugin EnvironmentQueryEditor
LogPluginManager: Mounting plugin LiveLink
LogPluginManager: Mounting plugin LightPropagationVolume
LogPluginManager: Mounting plugin OodleData
LogPluginManager: Mounting plugin OodleNetwork
LogPluginManager: Mounting plugin CameraShakePreviewer
LogPluginManager: Mounting plugin AssetManagerEditor
LogPluginManager: Mounting plugin CryptoKeys
LogPluginManager: Mounting plugin CurveEditorTools
LogPluginManager: Mounting plugin FacialAnimation
LogPluginManager: Mounting plugin DataValidation
LogPluginManager: Mounting plugin GameplayTagsEditor
LogPluginManager: Mounting plugin GeometryMode
LogPluginManager: Mounting plugin MacGraphicsSwitching
LogPluginManager: Mounting plugin MaterialAnalyzer
LogPluginManager: Mounting plugin MobileLauncherProfileWizard
LogPluginManager: Mounting plugin PluginBrowser
LogPluginManager: Mounting plugin SpeedTreeImporter
LogPluginManager: Mounting plugin AlembicImporter
LogPluginManager: Mounting plugin BackChannel
LogPluginManager: Mounting plugin AutomationUtils
LogPluginManager: Mounting plugin ChaosClothEditor
LogPluginManager: Mounting plugin ChaosCloth
LogPluginManager: Mounting plugin CharacterAI
LogPluginManager: Mounting plugin ChaosEditor
LogPluginManager: Mounting plugin ChaosNiagara
LogPluginManager: Mounting plugin ChaosSolverPlugin
LogPluginManager: Mounting plugin GeometryCache
LogPluginManager: Mounting plugin GeometryCollectionPlugin
LogPluginManager: Mounting plugin AnimationSharing
LogPluginManager: Mounting plugin GeometryProcessing
LogPluginManager: Mounting plugin MotoSynth
LogPluginManager: Mounting plugin OpenImageDenoise
LogPluginManager: Mounting plugin PlanarCut
LogPluginManager: Mounting plugin PlatformCrypto
LogPluginManager: Mounting plugin ProxyLODPlugin
LogPluginManager: Mounting plugin PythonScriptPlugin
LogPluginManager: Mounting plugin DatasmithContent
LogPluginManager: Mounting plugin CLionSourceCodeAccess
LogPluginManager: Mounting plugin CodeLiteSourceCodeAccess
LogPluginManager: Mounting plugin SkeletalReduction
LogPluginManager: Mounting plugin KDevelopSourceCodeAccess
LogPluginManager: Mounting plugin GitSourceControl
LogPluginManager: Mounting plugin NullSourceCodeAccess
LogPluginManager: Mounting plugin PerforceSourceControl
LogPluginManager: Mounting plugin VariantManagerContent
LogPluginManager: Mounting plugin PlasticSourceControl
LogPluginManager: Mounting plugin Niagara
LogPluginManager: Mounting plugin PixWinPlugin
LogPluginManager: Mounting plugin PropertyAccessNode
LogPluginManager: Mounting plugin PluginUtils
LogPluginManager: Mounting plugin TextureFormatOodle
LogPluginManager: Mounting plugin RiderSourceCodeAccess
LogPluginManager: Mounting plugin SubversionSourceControl
LogPluginManager: Mounting plugin UObjectPlugin
LogPluginManager: Mounting plugin VisualStudioSourceCodeAccess
LogPluginManager: Mounting plugin VisualStudioCodeSourceCodeAccess
LogPluginManager: Mounting plugin XCodeSourceCodeAccess
LogPluginManager: Mounting plugin LuminPlatformFeatures
LogPluginManager: Mounting plugin MagicLeap
LogPluginManager: Mounting plugin MagicLeapLightEstimation
LogPluginManager: Mounting plugin MagicLeapMedia
LogPluginManager: Mounting plugin MLSDK
LogPluginManager: Mounting plugin MagicLeapPassableWorld
LogPluginManager: Mounting plugin TcpMessaging
LogPluginManager: Mounting plugin UdpMessaging
LogPluginManager: Mounting plugin AndroidMedia
LogPluginManager: Mounting plugin AvfMedia
LogPluginManager: Mounting plugin MediaCompositing
LogPluginManager: Mounting plugin ImgMedia
LogPluginManager: Mounting plugin MediaPlayerEditor
LogPluginManager: Mounting plugin WebMMedia
LogPluginManager: Mounting plugin WmfMedia
LogPluginManager: Mounting plugin ActorSequence
LogPluginManager: Mounting plugin LevelSequenceEditor
LogPluginManager: Mounting plugin MatineeToLevelSequence
LogPluginManager: Mounting plugin TemplateSequence
LogPluginManager: Mounting plugin LauncherChunkInstaller
LogPluginManager: Mounting plugin OnlineSubsystem
LogPluginManager: Mounting plugin OnlineSubsystemNull
LogPluginManager: Mounting plugin OnlineSubsystemUtils
LogPluginManager: Mounting plugin ActorLayerUtilities
LogPluginManager: Mounting plugin AndroidDeviceProfileSelector
LogPluginManager: Mounting plugin AndroidMoviePlayer
LogPluginManager: Mounting plugin AndroidPermission
LogPluginManager: Mounting plugin AppleImageUtils
LogPluginManager: Mounting plugin AppleMoviePlayer
LogPluginManager: Mounting plugin ArchVisCharacter
LogPluginManager: Mounting plugin AssetTags
LogPluginManager: Mounting plugin AudioCapture
LogPluginManager: Mounting plugin AudioSynesthesia
LogPluginManager: Mounting plugin CableComponent
LogPluginManager: Mounting plugin ChunkDownloader
LogPluginManager: Mounting plugin CustomMeshComponent
LogPluginManager: Mounting plugin ExampleDeviceProfileSelector
LogPluginManager: Mounting plugin EditableMesh
LogPluginManager: Mounting plugin GoogleCloudMessaging
LogPluginManager: Mounting plugin GooglePAD
LogPluginManager: Mounting plugin IOSDeviceProfileSelector
LogPluginManager: Mounting plugin LinuxDeviceProfileSelector
LogPluginManager: Mounting plugin LocationServicesBPLibrary
LogPluginManager: Mounting plugin MobilePatchingUtils
LogPluginManager: Mounting plugin OpenXR
LogPluginManager: Mounting plugin OpenXREyeTracker
LogPluginManager: Mounting plugin OpenXRHandTracking
LogPluginManager: Mounting plugin PhysXVehicles
LogPluginManager: Mounting plugin FunctionalTestingEditor
LogPluginManager: Mounting plugin PostSplashScreen
LogPluginManager: Mounting plugin ScreenshotTools
LogPluginManager: Mounting plugin ProceduralMeshComponent
LogPluginManager: Mounting plugin PropertyAccessEditor
LogPluginManager: Mounting plugin RuntimePhysXCooking
LogPluginManager: Mounting plugin SignificanceManager
LogPluginManager: Mounting plugin SoundFields
LogPluginManager: Mounting plugin Synthesis
LogPluginManager: Mounting plugin WebMMoviePlayer
LogPluginManager: Mounting plugin WindowsMoviePlayer
LogPluginManager: Mounting plugin Takes
LogPluginManager: Mounting plugin GameplayCameras
LogPluginManager: Mounting plugin ContentBrowserAssetDataSource
LogPluginManager: Mounting plugin ContentBrowserFileDataSource
LogPluginManager: Mounting plugin ContentBrowserClassDataSource
LogPluginManager: Mounting plugin OnlineSubsystemGooglePlay
LogPluginManager: Mounting plugin OnlineSubsystemIOS
LogPluginManager: Mounting plugin OculusVR
LogPluginManager: Mounting plugin SteamVR
LogPluginManager: Mounting plugin CalculatorEBNF
PixWinPlugin: PIX capture plugin failed to initialize! Check that the process is launched from PIX.
LogInit: Using libcurl 7.55.1-DEV
LogInit:  - built for x86_64-pc-win32
LogInit:  - supports SSL with OpenSSL/1.1.1
LogInit:  - supports HTTP deflate (compression) using libz 1.2.8
LogInit:  - other features:
LogInit:      CURL_VERSION_SSL
LogInit:      CURL_VERSION_LIBZ
LogInit:      CURL_VERSION_IPV6
LogInit:      CURL_VERSION_ASYNCHDNS
LogInit:      CURL_VERSION_LARGEFILE
LogInit:      CURL_VERSION_IDN
LogInit:  CurlRequestOptions (configurable via config and command line):
LogInit:  - bVerifyPeer = true  - Libcurl will verify peer certificate
LogInit:  - bUseHttpProxy = false  - Libcurl will NOT use HTTP proxy
LogInit:  - bDontReuseConnections = false  - Libcurl will reuse connections
LogInit:  - MaxHostConnections = 16  - Libcurl will limit the number of connections to a host
LogInit:  - LocalHostAddr = Default
LogInit:  - BufferSize = 65536
LogOnline: OSS: Creating online subsystem instance for: NULL
LogInit: WinSock: version 1.1 (2.2), MaxSocks=32767, MaxUdp=65467
LogOnline: OSS: TryLoadSubsystemAndSetDefault: Loaded subsystem for module [NULL]
LogOculusPluginWrapper: OculusPlugin initialized successfully
LogHMD: Failed initializing OVRPlugin 1.59.0
LogInit: Build: ++UE4+Release-4.27-CL-18319896
LogInit: Engine Version: 4.27.2-18319896+++UE4+Release-4.27
LogInit: Compatible Engine Version: 4.27.0-17155196+++UE4+Release-4.27
LogInit: Net CL: 17155196
LogInit: OS: Windows 10 (Release 2009) (), CPU: Intel(R) Core(TM) i5-10300H CPU @ 2.50GHz, GPU: Intel(R) UHD Graphics
LogInit: Compiled (64-bit): Nov 30 2021 07:12:08
LogInit: Compiled with Visual C++: 19.24.28315.00
LogInit: Build Configuration: Development
LogInit: Branch Name: ++UE4+Release-4.27
LogInit: Command Line:  -skipcompile
LogInit: Base Directory: C:/Program Files/Epic Games/UE_4.27/Engine/Binaries/Win64/
LogInit: Allocator: TBB
LogInit: Installed Engine Build: 1
LogDevObjectVersion: Number of dev versions registered: 29
LogDevObjectVersion:   Dev-Blueprints (B0D832E4-1F89-4F0D-ACCF-7EB736FD4AA2): 10
LogDevObjectVersion:   Dev-Build (E1C64328-A22C-4D53-A36C-8E866417BD8C): 0
LogDevObjectVersion:   Dev-Core (375EC13C-06E4-48FB-B500-84F0262A717E): 4
LogDevObjectVersion:   Dev-Editor (E4B068ED-F494-42E9-A231-DA0B2E46BB41): 40
LogDevObjectVersion:   Dev-Framework (CFFC743F-43B0-4480-9391-14DF171D2073): 37
LogDevObjectVersion:   Dev-Mobile (B02B49B5-BB20-44E9-A304-32B752E40360): 3
LogDevObjectVersion:   Dev-Networking (A4E4105C-59A1-49B5-A7C5-40C4547EDFEE): 0
LogDevObjectVersion:   Dev-Online (39C831C9-5AE6-47DC-9A44-9C173E1C8E7C): 0
LogDevObjectVersion:   Dev-Physics (78F01B33-EBEA-4F98-B9B4-84EACCB95AA2): 14
LogDevObjectVersion:   Dev-Platform (6631380F-2D4D-43E0-8009-CF276956A95A): 0
LogDevObjectVersion:   Dev-Rendering (12F88B9F-8875-4AFC-A67C-D90C383ABD29): 45
LogDevObjectVersion:   Dev-Sequencer (7B5AE74C-D270-4C10-A958-57980B212A5A): 13
LogDevObjectVersion:   Dev-VR (D7296918-1DD6-4BDD-9DE2-64A83CC13884): 3
LogDevObjectVersion:   Dev-LoadTimes (C2A15278-BFE7-4AFE-6C17-90FF531DF755): 1
LogDevObjectVersion:   Private-Geometry (6EACA3D4-40EC-4CC1-B786-8BED09428FC5): 3
LogDevObjectVersion:   Dev-AnimPhys (29E575DD-E0A3-4627-9D10-D276232CDCEA): 17
LogDevObjectVersion:   Dev-Anim (AF43A65D-7FD3-4947-9873-3E8ED9C1BB05): 15
LogDevObjectVersion:   Dev-ReflectionCapture (6B266CEC-1EC7-4B8F-A30B-E4D90942FC07): 1
LogDevObjectVersion:   Dev-Automation (0DF73D61-A23F-47EA-B727-89E90C41499A): 1
LogDevObjectVersion:   FortniteMain (601D1886-AC64-4F84-AA16-D3DE0DEAC7D6): 47
LogDevObjectVersion:   FortniteRelease (E7086368-6B23-4C58-8439-1B7016265E91): 1
LogDevObjectVersion:   Dev-Enterprise (9DFFBCD6-494F-0158-E221-12823C92A888): 10
LogDevObjectVersion:   Dev-Niagara (F2AED0AC-9AFE-416F-8664-AA7FFA26D6FC): 1
LogDevObjectVersion:   Dev-Destruction (174F1F0B-B4C6-45A5-B13F-2EE8D0FB917D): 10
LogDevObjectVersion:   Dev-Physics-Ext (35F94A83-E258-406C-A318-09F59610247C): 41
LogDevObjectVersion:   Dev-PhysicsMaterial-Chaos (B68FC16E-8B1B-42E2-B453-215C058844FE): 1
LogDevObjectVersion:   Dev-CineCamera (B2E18506-4273-CFC2-A54E-F4BB758BBA07): 1
LogDevObjectVersion:   Dev-VirtualProduction (64F58936-FD1B-42BA-BA96-7289D5D0FA4E): 1
LogDevObjectVersion:   Dev-MediaFramework (6F0ED827-A609-4895-9C91-998D90180EA4): 2
LogInit: Presizing for max 25165824 objects, including 0 objects not considered by GC, pre-allocating 0 bytes for permanent pool.
LogConfig: Applying CVar settings from Section [/Script/Engine.StreamingSettings] File [C:/My/Projects/UE4/UE_Learning/HW_2/Saved/Config/Windows/Engine.ini]
LogConfig: Setting CVar [[s.MinBulkDataSizeForAsyncLoading:131072]]
LogConfig: Setting CVar [[s.AsyncLoadingThreadEnabled:0]]
LogConfig: Setting CVar [[s.EventDrivenLoaderEnabled:1]]
LogConfig: Setting CVar [[s.WarnIfTimeLimitExceeded:0]]
LogConfig: Setting CVar [[s.TimeLimitExceededMultiplier:1.5]]
LogConfig: Setting CVar [[s.TimeLimitExceededMinTime:0.005]]
LogConfig: Setting CVar [[s.UseBackgroundLevelStreaming:1]]
LogConfig: Setting CVar [[s.PriorityAsyncLoadingExtraTime:15.0]]
LogConfig: Setting CVar [[s.LevelStreamingActorsUpdateTimeLimit:5.0]]
LogConfig: Setting CVar [[s.PriorityLevelStreamingActorsUpdateExtraTime:5.0]]
LogConfig: Setting CVar [[s.LevelStreamingComponentsRegistrationGranularity:10]]
LogConfig: Setting CVar [[s.UnregisterComponentsTimeLimit:1.0]]
LogConfig: Setting CVar [[s.LevelStreamingComponentsUnregistrationGranularity:5]]
LogConfig: Setting CVar [[s.FlushStreamingOnExit:1]]
LogInit: Object subsystem initialized
LogConfig: Setting CVar [[con.DebugEarlyDefault:1]]
LogConfig: Setting CVar [[r.setres:1280x720]]
[2022.06.18-20.25.23:945][  0]LogConfig: Setting CVar [[r.VSync:0]]
[2022.06.18-20.25.23:945][  0]LogConfig: Setting CVar [[r.RHICmdBypass:0]]
[2022.06.18-20.25.23:945][  0]LogConfig: Applying CVar settings from Section [/Script/Engine.RendererSettings] File [C:/My/Projects/UE4/UE_Learning/HW_2/Saved/Config/Windows/Engine.ini]
[2022.06.18-20.25.23:945][  0]LogConfig: Setting CVar [[r.GPUCrashDebugging:0]]
[2022.06.18-20.25.23:945][  0]LogConfig: Applying CVar settings from Section [/Script/Engine.RendererOverrideSettings] File [C:/My/Projects/UE4/UE_Learning/HW_2/Saved/Config/Windows/Engine.ini]
[2022.06.18-20.25.23:945][  0]LogConfig: Applying CVar settings from Section [/Script/Engine.StreamingSettings] File [C:/My/Projects/UE4/UE_Learning/HW_2/Saved/Config/Windows/Engine.ini]
[2022.06.18-20.25.23:945][  0]LogConfig: Setting CVar [[s.MinBulkDataSizeForAsyncLoading:131072]]
[2022.06.18-20.25.23:945][  0]LogConfig: Setting CVar [[s.AsyncLoadingThreadEnabled:0]]
[2022.06.18-20.25.23:945][  0]LogConfig: Setting CVar [[s.EventDrivenLoaderEnabled:1]]
[2022.06.18-20.25.23:946][  0]LogConfig: Setting CVar [[s.WarnIfTimeLimitExceeded:0]]
[2022.06.18-20.25.23:946][  0]LogConfig: Setting CVar [[s.TimeLimitExceededMultiplier:1.5]]
[2022.06.18-20.25.23:946][  0]LogConfig: Setting CVar [[s.TimeLimitExceededMinTime:0.005]]
[2022.06.18-20.25.23:946][  0]LogConfig: Setting CVar [[s.UseBackgroundLevelStreaming:1]]
[2022.06.18-20.25.23:946][  0]LogConfig: Setting CVar [[s.PriorityAsyncLoadingExtraTime:15.0]]
[2022.06.18-20.25.23:946][  0]LogConfig: Setting CVar [[s.LevelStreamingActorsUpdateTimeLimit:5.0]]
[2022.06.18-20.25.23:946][  0]LogConfig: Setting CVar [[s.PriorityLevelStreamingActorsUpdateExtraTime:5.0]]
[2022.06.18-20.25.23:946][  0]LogConfig: Setting CVar [[s.LevelStreamingComponentsRegistrationGranularity:10]]
[2022.06.18-20.25.23:946][  0]LogConfig: Setting CVar [[s.UnregisterComponentsTimeLimit:1.0]]
[2022.06.18-20.25.23:946][  0]LogConfig: Setting CVar [[s.LevelStreamingComponentsUnregistrationGranularity:5]]
[2022.06.18-20.25.23:946][  0]LogConfig: Setting CVar [[s.FlushStreamingOnExit:1]]
[2022.06.18-20.25.23:946][  0]LogConfig: Applying CVar settings from Section [/Script/Engine.GarbageCollectionSettings] File [C:/My/Projects/UE4/UE_Learning/HW_2/Saved/Config/Windows/Engine.ini]
[2022.06.18-20.25.23:946][  0]LogConfig: Setting CVar [[gc.MaxObjectsNotConsideredByGC:1]]
[2022.06.18-20.25.23:946][  0]LogConfig: Setting CVar [[gc.SizeOfPermanentObjectPool:0]]
[2022.06.18-20.25.23:946][  0]LogConfig: Setting CVar [[gc.FlushStreamingOnGC:0]]
[2022.06.18-20.25.23:946][  0]LogConfig: Setting CVar [[gc.NumRetriesBeforeForcingGC:10]]
[2022.06.18-20.25.23:946][  0]LogConfig: Setting CVar [[gc.AllowParallelGC:1]]
[2022.06.18-20.25.23:946][  0]LogConfig: Setting CVar [[gc.TimeBetweenPurgingPendingKillObjects:61.1]]
[2022.06.18-20.25.23:946][  0]LogConfig: Setting CVar [[gc.MaxObjectsInEditor:25165824]]
[2022.06.18-20.25.23:946][  0]LogConfig: Setting CVar [[gc.IncrementalBeginDestroyEnabled:1]]
[2022.06.18-20.25.23:946][  0]LogConfig: Setting CVar [[gc.CreateGCClusters:1]]
[2022.06.18-20.25.23:946][  0]LogConfig: Setting CVar [[gc.MinGCClusterSize:5]]
[2022.06.18-20.25.23:946][  0]LogConfig: Setting CVar [[gc.ActorClusteringEnabled:0]]
[2022.06.18-20.25.23:946][  0]LogConfig: Setting CVar [[gc.BlueprintClusteringEnabled:0]]
[2022.06.18-20.25.23:946][  0]LogConfig: Setting CVar [[gc.UseDisregardForGCOnDedicatedServers:0]]
[2022.06.18-20.25.23:946][  0]LogConfig: Setting CVar [[gc.MultithreadedDestructionEnabled:1]]
[2022.06.18-20.25.23:946][  0]LogConfig: Applying CVar settings from Section [/Script/Engine.NetworkSettings] File [C:/My/Projects/UE4/UE_Learning/HW_2/Saved/Config/Windows/Engine.ini]
[2022.06.18-20.25.23:946][  0]LogConfig: Applying CVar settings from Section [/Script/UnrealEd.CookerSettings] File [C:/My/Projects/UE4/UE_Learning/HW_2/Saved/Config/Windows/Engine.ini]
[2022.06.18-20.25.23:962][  0]LogConfig: Applying CVar settings from Section [ViewDistanceQuality@3] File [C:/My/Projects/UE4/UE_Learning/HW_2/Saved/Config/Windows/Scalability.ini]
[2022.06.18-20.25.23:962][  0]LogConfig: Setting CVar [[r.SkeletalMeshLODBias:0]]
[2022.06.18-20.25.23:962][  0]LogConfig: Setting CVar [[r.ViewDistanceScale:1.0]]
[2022.06.18-20.25.23:962][  0]LogConfig: Applying CVar settings from Section [AntiAliasingQuality@3] File [C:/My/Projects/UE4/UE_Learning/HW_2/Saved/Config/Windows/Scalability.ini]
[2022.06.18-20.25.23:962][  0]LogConfig: Setting CVar [[r.PostProcessAAQuality:4]]
[2022.06.18-20.25.23:962][  0]LogConfig: Applying CVar settings from Section [ShadowQuality@3] File [C:/My/Projects/UE4/UE_Learning/HW_2/Saved/Config/Windows/Scalability.ini]
[2022.06.18-20.25.23:962][  0]LogConfig: Setting CVar [[r.LightFunctionQuality:1]]
[2022.06.18-20.25.23:962][  0]LogConfig: Setting CVar [[r.ShadowQuality:5]]
[2022.06.18-20.25.23:962][  0]LogConfig: Setting CVar [[r.Shadow.CSM.MaxCascades:10]]
[2022.06.18-20.25.23:962][  0]LogConfig: Setting CVar [[r.Shadow.MaxResolution:2048]]
[2022.06.18-20.25.23:962][  0]LogConfig: Setting CVar [[r.Shadow.MaxCSMResolution:2048]]
[2022.06.18-20.25.23:962][  0]LogConfig: Setting CVar [[r.Shadow.RadiusThreshold:0.01]]
[2022.06.18-20.25.23:962][  0]LogConfig: Setting CVar [[r.Shadow.DistanceScale:1.0]]
[2022.06.18-20.25.23:962][  0]LogConfig: Setting CVar [[r.Shadow.CSM.TransitionScale:1.0]]
[2022.06.18-20.25.23:962][  0]LogConfig: Setting CVar [[r.Shadow.PreShadowResolutionFactor:1.0]]
[2022.06.18-20.25.23:962][  0]LogConfig: Setting CVar [[r.DistanceFieldShadowing:1]]
[2022.06.18-20.25.23:962][  0]LogConfig: Setting CVar [[r.DistanceFieldAO:1]]
[2022.06.18-20.25.23:962][  0]LogConfig: Setting CVar [[r.AOQuality:2]]
[2022.06.18-20.25.23:962][  0]LogConfig: Setting CVar [[r.VolumetricFog:1]]
[2022.06.18-20.25.23:963][  0]LogConfig: Setting CVar [[r.VolumetricFog.GridPixelSize:8]]
[2022.06.18-20.25.23:963][  0]LogConfig: Setting CVar [[r.VolumetricFog.GridSizeZ:128]]
[2022.06.18-20.25.23:963][  0]LogConfig: Setting CVar [[r.VolumetricFog.HistoryMissSupersampleCount:4]]
[2022.06.18-20.25.23:963][  0]LogConfig: Setting CVar [[r.LightMaxDrawDistanceScale:1]]
[2022.06.18-20.25.23:963][  0]LogConfig: Setting CVar [[r.CapsuleShadows:1]]
[2022.06.18-20.25.23:963][  0]LogConfig: Applying CVar settings from Section [PostProcessQuality@3] File [C:/My/Projects/UE4/UE_Learning/HW_2/Saved/Config/Windows/Scalability.ini]
[2022.06.18-20.25.23:963][  0]LogConfig: Setting CVar [[r.MotionBlurQuality:4]]
[2022.06.18-20.25.23:963][  0]LogConfig: Setting CVar [[r.AmbientOcclusionMipLevelFactor:0.4]]
[2022.06.18-20.25.23:963][  0]LogConfig: Setting CVar [[r.AmbientOcclusionMaxQuality:100]]
[2022.06.18-20.25.23:963][  0]LogConfig: Setting CVar [[r.AmbientOcclusionLevels:-1]]
[2022.06.18-20.25.23:963][  0]LogConfig: Setting CVar [[r.AmbientOcclusionRadiusScale:1.0]]
[2022.06.18-20.25.23:963][  0]LogConfig: Setting CVar [[r.DepthOfFieldQuality:2]]
[2022.06.18-20.25.23:963][  0]LogConfig: Setting CVar [[r.RenderTargetPoolMin:400]]
[2022.06.18-20.25.23:963][  0]LogConfig: Setting CVar [[r.LensFlareQuality:2]]
[2022.06.18-20.25.23:963][  0]LogConfig: Setting CVar [[r.SceneColorFringeQuality:1]]
[2022.06.18-20.25.23:963][  0]LogConfig: Setting CVar [[r.EyeAdaptationQuality:2]]
[2022.06.18-20.25.23:963][  0]LogConfig: Setting CVar [[r.BloomQuality:5]]
[2022.06.18-20.25.23:963][  0]LogConfig: Setting CVar [[r.FastBlurThreshold:100]]
[2022.06.18-20.25.23:963][  0]LogConfig: Setting CVar [[r.Upscale.Quality:3]]
[2022.06.18-20.25.23:963][  0]LogConfig: Setting CVar [[r.Tonemapper.GrainQuantization:1]]
[2022.06.18-20.25.23:963][  0]LogConfig: Setting CVar [[r.LightShaftQuality:1]]
[2022.06.18-20.25.23:963][  0]LogConfig: Setting CVar [[r.Filter.SizeScale:1]]
[2022.06.18-20.25.23:963][  0]LogConfig: Setting CVar [[r.Tonemapper.Quality:5]]
[2022.06.18-20.25.23:963][  0]LogConfig: Setting CVar [[r.DOF.Gather.AccumulatorQuality:1        ; higher gathering accumulator quality]]
[2022.06.18-20.25.23:963][  0]LogConfig: Setting CVar [[r.DOF.Gather.PostfilterMethod:1          ; Median3x3 postfilering method]]
[2022.06.18-20.25.23:963][  0]LogConfig: Setting CVar [[r.DOF.Gather.EnableBokehSettings:0       ; no bokeh simulation when gathering]]
[2022.06.18-20.25.23:963][  0]LogConfig: Setting CVar [[r.DOF.Gather.RingCount:4                 ; medium number of samples when gathering]]
[2022.06.18-20.25.23:964][  0]LogConfig: Setting CVar [[r.DOF.Scatter.ForegroundCompositing:1    ; additive foreground scattering]]
[2022.06.18-20.25.23:964][  0]LogConfig: Setting CVar [[r.DOF.Scatter.BackgroundCompositing:2    ; additive background scattering]]
[2022.06.18-20.25.23:964][  0]LogConfig: Setting CVar [[r.DOF.Scatter.EnableBokehSettings:1      ; bokeh simulation when scattering]]
[2022.06.18-20.25.23:964][  0]LogConfig: Setting CVar [[r.DOF.Scatter.MaxSpriteRatio:0.1         ; only a maximum of 10% of scattered bokeh]]
[2022.06.18-20.25.23:964][  0]LogConfig: Setting CVar [[r.DOF.Recombine.Quality:1                ; cheap slight out of focus]]
[2022.06.18-20.25.23:964][  0]LogConfig: Setting CVar [[r.DOF.Recombine.EnableBokehSettings:0    ; no bokeh simulation on slight out of focus]]
[2022.06.18-20.25.23:964][  0]LogConfig: Setting CVar [[r.DOF.TemporalAAQuality:1                ; more stable temporal accumulation]]
[2022.06.18-20.25.23:964][  0]LogConfig: Setting CVar [[r.DOF.Kernel.MaxForegroundRadius:0.025]]
[2022.06.18-20.25.23:964][  0]LogConfig: Setting CVar [[r.DOF.Kernel.MaxBackgroundRadius:0.025]]
[2022.06.18-20.25.23:964][  0]LogConfig: Applying CVar settings from Section [TextureQuality@3] File [C:/My/Projects/UE4/UE_Learning/HW_2/Saved/Config/Windows/Scalability.ini]
[2022.06.18-20.25.23:964][  0]LogConfig: Setting CVar [[r.Streaming.MipBias:0]]
[2022.06.18-20.25.23:964][  0]LogConfig: Setting CVar [[r.Streaming.AmortizeCPUToGPUCopy:0]]
[2022.06.18-20.25.23:964][  0]LogConfig: Setting CVar [[r.Streaming.MaxNumTexturesToStreamPerFrame:0]]
[2022.06.18-20.25.23:964][  0]LogConfig: Setting CVar [[r.Streaming.Boost:1]]
[2022.06.18-20.25.23:964][  0]LogConfig: Setting CVar [[r.MaxAnisotropy:8]]
[2022.06.18-20.25.23:964][  0]LogConfig: Setting CVar [[r.VT.MaxAnisotropy:8]]
[2022.06.18-20.25.23:964][  0]LogConfig: Setting CVar [[r.Streaming.LimitPoolSizeToVRAM:0]]
[2022.06.18-20.25.23:965][  0]LogConfig: Setting CVar [[r.Streaming.PoolSize:1000]]
[2022.06.18-20.25.23:965][  0]LogConfig: Setting CVar [[r.Streaming.MaxEffectiveScreenSize:0]]
[2022.06.18-20.25.23:965][  0]LogConfig: Applying CVar settings from Section [EffectsQuality@3] File [C:/My/Projects/UE4/UE_Learning/HW_2/Saved/Config/Windows/Scalability.ini]
[2022.06.18-20.25.23:965][  0]LogConfig: Setting CVar [[r.TranslucencyLightingVolumeDim:64]]
[2022.06.18-20.25.23:965][  0]LogConfig: Setting CVar [[r.RefractionQuality:2]]
[2022.06.18-20.25.23:965][  0]LogConfig: Setting CVar [[r.SSR.Quality:3]]
[2022.06.18-20.25.23:965][  0]LogConfig: Setting CVar [[r.SSR.HalfResSceneColor:0]]
[2022.06.18-20.25.23:965][  0]LogConfig: Setting CVar [[r.SceneColorFormat:4]]
[2022.06.18-20.25.23:965][  0]LogConfig: Setting CVar [[r.DetailMode:2]]
[2022.06.18-20.25.23:965][  0]LogConfig: Setting CVar [[r.TranslucencyVolumeBlur:1]]
[2022.06.18-20.25.23:965][  0]LogConfig: Setting CVar [[r.MaterialQualityLevel:1 ; High quality]]
[2022.06.18-20.25.23:965][  0]LogConfig: Setting CVar [[r.AnisotropicMaterials:1]]
[2022.06.18-20.25.23:965][  0]LogConfig: Setting CVar [[r.SSS.Scale:1]]
[2022.06.18-20.25.23:965][  0]LogConfig: Setting CVar [[r.SSS.SampleSet:2]]
[2022.06.18-20.25.23:965][  0]LogConfig: Setting CVar [[r.SSS.Quality:1]]
[2022.06.18-20.25.23:965][  0]LogConfig: Setting CVar [[r.SSS.HalfRes:0]]
[2022.06.18-20.25.23:965][  0]LogConfig: Setting CVar [[r.SSGI.Quality:3]]
[2022.06.18-20.25.23:965][  0]LogConfig: Setting CVar [[r.EmitterSpawnRateScale:1.0]]
[2022.06.18-20.25.23:965][  0]LogConfig: Setting CVar [[r.ParticleLightQuality:2]]
[2022.06.18-20.25.23:965][  0]LogConfig: Setting CVar [[r.SkyAtmosphere.AerialPerspectiveLUT.FastApplyOnOpaque:1 ; Always have FastSkyLUT 1 in this case to avoid wrong sky]]
[2022.06.18-20.25.23:965][  0]LogConfig: Setting CVar [[r.SkyAtmosphere.AerialPerspectiveLUT.SampleCountMaxPerSlice:4]]
[2022.06.18-20.25.23:965][  0]LogConfig: Setting CVar [[r.SkyAtmosphere.AerialPerspectiveLUT.DepthResolution:16.0]]
[2022.06.18-20.25.23:965][  0]LogConfig: Setting CVar [[r.SkyAtmosphere.FastSkyLUT:1]]
[2022.06.18-20.25.23:966][  0]LogConfig: Setting CVar [[r.SkyAtmosphere.FastSkyLUT.SampleCountMin:4.0]]
[2022.06.18-20.25.23:966][  0]LogConfig: Setting CVar [[r.SkyAtmosphere.FastSkyLUT.SampleCountMax:128.0]]
[2022.06.18-20.25.23:966][  0]LogConfig: Setting CVar [[r.SkyAtmosphere.SampleCountMin:4.0]]
[2022.06.18-20.25.23:966][  0]LogConfig: Setting CVar [[r.SkyAtmosphere.SampleCountMax:128.0]]
[2022.06.18-20.25.23:966][  0]LogConfig: Setting CVar [[r.SkyAtmosphere.TransmittanceLUT.UseSmallFormat:0]]
[2022.06.18-20.25.23:966][  0]LogConfig: Setting CVar [[r.SkyAtmosphere.TransmittanceLUT.SampleCount:10.0]]
[2022.06.18-20.25.23:966][  0]LogConfig: Setting CVar [[r.SkyAtmosphere.MultiScatteringLUT.SampleCount:15.0]]
[2022.06.18-20.25.23:966][  0]LogConfig: Setting CVar [[r.SkyLight.RealTimeReflectionCapture:1]]
[2022.06.18-20.25.23:966][  0]LogConfig: Applying CVar settings from Section [FoliageQuality@3] File [C:/My/Projects/UE4/UE_Learning/HW_2/Saved/Config/Windows/Scalability.ini]
[2022.06.18-20.25.23:966][  0]LogConfig: Setting CVar [[foliage.DensityScale:1.0]]
[2022.06.18-20.25.23:966][  0]LogConfig: Setting CVar [[grass.DensityScale:1.0]]
[2022.06.18-20.25.23:966][  0]LogConfig: Applying CVar settings from Section [ShadingQuality@3] File [C:/My/Projects/UE4/UE_Learning/HW_2/Saved/Config/Windows/Scalability.ini]
[2022.06.18-20.25.23:966][  0]LogConfig: Setting CVar [[r.HairStrands.SkyLighting.IntegrationType:2]]
[2022.06.18-20.25.23:966][  0]LogConfig: Setting CVar [[r.HairStrands.SkyAO.SampleCount:4]]
[2022.06.18-20.25.23:966][  0]LogConfig: Setting CVar [[r.HairStrands.Visibility.MSAA.SamplePerPixel:4]]
[2022.06.18-20.25.23:967][  0]LogInit: Selected Device Profile: [Windows]
[2022.06.18-20.25.23:967][  0]LogInit: Applying CVar settings loaded from the selected device profile: [Windows]
[2022.06.18-20.25.23:968][  0]LogHAL: Display: Platform has ~ 8 GB [8412778496 / 8589934592 / 8], which maps to Default [LargestMinGB=32, LargerMinGB=12, DefaultMinGB=8, SmallerMinGB=6, SmallestMinGB=0)
[2022.06.18-20.25.23:968][  0]LogInit: Going up to parent DeviceProfile []
[2022.06.18-20.25.23:968][  0]LogConfig: Applying CVar settings from Section [ViewDistanceQuality@0] File [C:/My/Projects/UE4/UE_Learning/HW_2/Saved/Config/Windows/Scalability.ini]
[2022.06.18-20.25.23:968][  0]LogConfig: Setting CVar [[r.SkeletalMeshLODBias:2]]
[2022.06.18-20.25.23:968][  0]LogConfig: Setting CVar [[r.ViewDistanceScale:0.4]]
[2022.06.18-20.25.23:968][  0]LogConfig: Applying CVar settings from Section [AntiAliasingQuality@0] File [C:/My/Projects/UE4/UE_Learning/HW_2/Saved/Config/Windows/Scalability.ini]
[2022.06.18-20.25.23:968][  0]LogConfig: Setting CVar [[r.PostProcessAAQuality:0]]
[2022.06.18-20.25.23:968][  0]LogConfig: Applying CVar settings from Section [ShadowQuality@0] File [C:/My/Projects/UE4/UE_Learning/HW_2/Saved/Config/Windows/Scalability.ini]
[2022.06.18-20.25.23:969][  0]LogConfig: Setting CVar [[r.LightFunctionQuality:0]]
[2022.06.18-20.25.23:969][  0]LogConfig: Setting CVar [[r.ShadowQuality:0]]
[2022.06.18-20.25.23:969][  0]LogConfig: Setting CVar [[r.Shadow.CSM.MaxCascades:1]]
[2022.06.18-20.25.23:969][  0]LogConfig: Setting CVar [[r.Shadow.MaxResolution:512]]
[2022.06.18-20.25.23:969][  0]LogConfig: Setting CVar [[r.Shadow.MaxCSMResolution:512]]
[2022.06.18-20.25.23:969][  0]LogConfig: Setting CVar [[r.Shadow.RadiusThreshold:0.06]]
[2022.06.18-20.25.23:969][  0]LogConfig: Setting CVar [[r.Shadow.DistanceScale:0.6]]
[2022.06.18-20.25.23:969][  0]LogConfig: Setting CVar [[r.Shadow.CSM.TransitionScale:0]]
[2022.06.18-20.25.23:969][  0]LogConfig: Setting CVar [[r.Shadow.PreShadowResolutionFactor:0.5]]
[2022.06.18-20.25.23:969][  0]LogConfig: Setting CVar [[r.DistanceFieldShadowing:0]]
[2022.06.18-20.25.23:969][  0]LogConfig: Setting CVar [[r.DistanceFieldAO:0]]
[2022.06.18-20.25.23:969][  0]LogConfig: Setting CVar [[r.VolumetricFog:0]]
[2022.06.18-20.25.23:969][  0]LogConfig: Setting CVar [[r.LightMaxDrawDistanceScale:0]]
[2022.06.18-20.25.23:969][  0]LogConfig: Setting CVar [[r.CapsuleShadows:0]]
[2022.06.18-20.25.23:969][  0]LogConfig: Applying CVar settings from Section [PostProcessQuality@0] File [C:/My/Projects/UE4/UE_Learning/HW_2/Saved/Config/Windows/Scalability.ini]
[2022.06.18-20.25.23:969][  0]LogConfig: Setting CVar [[r.MotionBlurQuality:0]]
[2022.06.18-20.25.23:969][  0]LogConfig: Setting CVar [[r.AmbientOcclusionMipLevelFactor:1.0]]
[2022.06.18-20.25.23:969][  0]LogConfig: Setting CVar [[r.AmbientOcclusionMaxQuality:0]]
[2022.06.18-20.25.23:969][  0]LogConfig: Setting CVar [[r.AmbientOcclusionLevels:0]]
[2022.06.18-20.25.23:969][  0]LogConfig: Setting CVar [[r.AmbientOcclusionRadiusScale:1.2]]
[2022.06.18-20.25.23:969][  0]LogConfig: Setting CVar [[r.DepthOfFieldQuality:0]]
[2022.06.18-20.25.23:969][  0]LogConfig: Setting CVar [[r.RenderTargetPoolMin:300]]
[2022.06.18-20.25.23:969][  0]LogConfig: Setting CVar [[r.LensFlareQuality:0]]
[2022.06.18-20.25.23:969][  0]LogConfig: Setting CVar [[r.SceneColorFringeQuality:0]]
[2022.06.18-20.25.23:969][  0]LogConfig: Setting CVar [[r.EyeAdaptationQuality:2]]
[2022.06.18-20.25.23:970][  0]LogConfig: Setting CVar [[r.BloomQuality:4]]
[2022.06.18-20.25.23:970][  0]LogConfig: Setting CVar [[r.FastBlurThreshold:0]]
[2022.06.18-20.25.23:970][  0]LogConfig: Setting CVar [[r.Upscale.Quality:1]]
[2022.06.18-20.25.23:970][  0]LogConfig: Setting CVar [[r.Tonemapper.GrainQuantization:0]]
[2022.06.18-20.25.23:970][  0]LogConfig: Setting CVar [[r.LightShaftQuality:0]]
[2022.06.18-20.25.23:970][  0]LogConfig: Setting CVar [[r.Filter.SizeScale:0.6]]
[2022.06.18-20.25.23:970][  0]LogConfig: Setting CVar [[r.Tonemapper.Quality:0]]
[2022.06.18-20.25.23:970][  0]LogConfig: Applying CVar settings from Section [TextureQuality@0] File [C:/My/Projects/UE4/UE_Learning/HW_2/Saved/Config/Windows/Scalability.ini]
[2022.06.18-20.25.23:970][  0]LogConfig: Setting CVar [[r.Streaming.MipBias:16]]
[2022.06.18-20.25.23:970][  0]LogConfig: Setting CVar [[r.Streaming.AmortizeCPUToGPUCopy:1]]
[2022.06.18-20.25.23:970][  0]LogConfig: Setting CVar [[r.Streaming.MaxNumTexturesToStreamPerFrame:1]]
[2022.06.18-20.25.23:970][  0]LogConfig: Setting CVar [[r.Streaming.Boost:0.3]]
[2022.06.18-20.25.23:970][  0]LogConfig: Setting CVar [[r.MaxAnisotropy:0]]
[2022.06.18-20.25.23:970][  0]LogConfig: Setting CVar [[r.VT.MaxAnisotropy:4]]
[2022.06.18-20.25.23:970][  0]LogConfig: Setting CVar [[r.Streaming.LimitPoolSizeToVRAM:1]]
[2022.06.18-20.25.23:970][  0]LogConfig: Setting CVar [[r.Streaming.PoolSize:400]]
[2022.06.18-20.25.23:970][  0]LogConfig: Setting CVar [[r.Streaming.MaxEffectiveScreenSize:0]]
[2022.06.18-20.25.23:970][  0]LogConfig: Applying CVar settings from Section [EffectsQuality@0] File [C:/My/Projects/UE4/UE_Learning/HW_2/Saved/Config/Windows/Scalability.ini]
[2022.06.18-20.25.23:970][  0]LogConfig: Setting CVar [[r.TranslucencyLightingVolumeDim:24]]
[2022.06.18-20.25.23:970][  0]LogConfig: Setting CVar [[r.RefractionQuality:0]]
[2022.06.18-20.25.23:970][  0]LogConfig: Setting CVar [[r.SSR.Quality:0]]
[2022.06.18-20.25.23:970][  0]LogConfig: Setting CVar [[r.SSR.HalfResSceneColor:1]]
[2022.06.18-20.25.23:970][  0]LogConfig: Setting CVar [[r.SceneColorFormat:3]]
[2022.06.18-20.25.23:970][  0]LogConfig: Setting CVar [[r.DetailMode:0]]
[2022.06.18-20.25.23:970][  0]LogConfig: Setting CVar [[r.TranslucencyVolumeBlur:0]]
[2022.06.18-20.25.23:970][  0]LogConfig: Setting CVar [[r.MaterialQualityLevel:0 ; Low quality]]
[2022.06.18-20.25.23:970][  0]LogConfig: Setting CVar [[r.AnisotropicMaterials:0]]
[2022.06.18-20.25.23:971][  0]LogConfig: Setting CVar [[r.SSS.Scale:0]]
[2022.06.18-20.25.23:971][  0]LogConfig: Setting CVar [[r.SSS.SampleSet:0]]
[2022.06.18-20.25.23:971][  0]LogConfig: Setting CVar [[r.SSS.Quality:0]]
[2022.06.18-20.25.23:971][  0]LogConfig: Setting CVar [[r.SSS.HalfRes:1]]
[2022.06.18-20.25.23:971][  0]LogConfig: Setting CVar [[r.SSGI.Quality:0]]
[2022.06.18-20.25.23:971][  0]LogConfig: Setting CVar [[r.EmitterSpawnRateScale:0.125]]
[2022.06.18-20.25.23:971][  0]LogConfig: Setting CVar [[r.ParticleLightQuality:0]]
[2022.06.18-20.25.23:971][  0]LogConfig: Setting CVar [[r.SkyAtmosphere.AerialPerspectiveLUT.FastApplyOnOpaque:1 ; Always have FastSkyLUT 1 in this case to avoid wrong sky]]
[2022.06.18-20.25.23:971][  0]LogConfig: Setting CVar [[r.SkyAtmosphere.AerialPerspectiveLUT.SampleCountMaxPerSlice:1]]
[2022.06.18-20.25.23:971][  0]LogConfig: Setting CVar [[r.SkyAtmosphere.AerialPerspectiveLUT.DepthResolution:8.0]]
[2022.06.18-20.25.23:971][  0]LogConfig: Setting CVar [[r.SkyAtmosphere.FastSkyLUT:1]]
[2022.06.18-20.25.23:971][  0]LogConfig: Setting CVar [[r.SkyAtmosphere.FastSkyLUT.SampleCountMin:2.0]]
[2022.06.18-20.25.23:971][  0]LogConfig: Setting CVar [[r.SkyAtmosphere.FastSkyLUT.SampleCountMax:16.0]]
[2022.06.18-20.25.23:971][  0]LogConfig: Setting CVar [[r.SkyAtmosphere.SampleCountMin:2.0]]
[2022.06.18-20.25.23:971][  0]LogConfig: Setting CVar [[r.SkyAtmosphere.SampleCountMax:16.0]]
[2022.06.18-20.25.23:971][  0]LogConfig: Setting CVar [[r.SkyAtmosphere.TransmittanceLUT.UseSmallFormat:1]]
[2022.06.18-20.25.23:971][  0]LogConfig: Setting CVar [[r.SkyAtmosphere.TransmittanceLUT.SampleCount:10.0]]
[2022.06.18-20.25.23:971][  0]LogConfig: Setting CVar [[r.SkyAtmosphere.MultiScatteringLUT.SampleCount:15.0]]
[2022.06.18-20.25.23:971][  0]LogConfig: Setting CVar [[r.SkyLight.RealTimeReflectionCapture:0]]
[2022.06.18-20.25.23:971][  0]LogConfig: Applying CVar settings from Section [FoliageQuality@0] File [C:/My/Projects/UE4/UE_Learning/HW_2/Saved/Config/Windows/Scalability.ini]
[2022.06.18-20.25.23:971][  0]LogConfig: Setting CVar [[foliage.DensityScale:0]]
[2022.06.18-20.25.23:971][  0]LogConfig: Setting CVar [[grass.DensityScale:0]]
[2022.06.18-20.25.23:971][  0]LogConfig: Applying CVar settings from Section [ShadingQuality@0] File [C:/My/Projects/UE4/UE_Learning/HW_2/Saved/Config/Windows/Scalability.ini]
[2022.06.18-20.25.23:971][  0]LogConfig: Setting CVar [[r.HairStrands.SkyLighting.IntegrationType:2]]
[2022.06.18-20.25.23:971][  0]LogConfig: Setting CVar [[r.HairStrands.SkyAO.SampleCount:4]]
[2022.06.18-20.25.23:971][  0]LogConfig: Setting CVar [[r.HairStrands.Visibility.MSAA.SamplePerPixel:1]]
[2022.06.18-20.25.23:972][  0]LogConfig: Applying CVar settings from Section [Startup] File [../../../Engine/Config/ConsoleVariables.ini]
[2022.06.18-20.25.23:972][  0]LogConfig: Setting CVar [[net.UseAdaptiveNetUpdateFrequency:0]]
[2022.06.18-20.25.23:973][  0]LogConfig: Setting CVar [[p.chaos.AllowCreatePhysxBodies:1]]
[2022.06.18-20.25.23:973][  0]LogConfig: Setting CVar [[fx.SkipVectorVMBackendOptimizations:1]]
[2022.06.18-20.25.23:973][  0]LogConfig: Applying CVar settings from Section [ConsoleVariables] File [C:/My/Projects/UE4/UE_Learning/HW_2/Saved/Config/Windows/Engine.ini]
[2022.06.18-20.25.23:973][  0]LogConfig: Applying CVar settings from Section [ConsoleVariables] File [C:/My/Projects/UE4/UE_Learning/HW_2/Saved/Config/Windows/Editor.ini]
[2022.06.18-20.25.23:977][  0]LogInit: Computer: DESKTOP-Q7GCBOU
[2022.06.18-20.25.23:978][  0]LogInit: User: NITRO
[2022.06.18-20.25.23:978][  0]LogInit: CPU Page size=4096, Cores=4
[2022.06.18-20.25.23:978][  0]LogInit: High frequency timer resolution =10.000000 MHz
[2022.06.18-20.25.23:978][  0]LogMemory: Memory total: Physical=7.8GB (8GB approx)
[2022.06.18-20.25.23:978][  0]LogMemory: Platform Memory Stats for Windows
[2022.06.18-20.25.23:978][  0]LogMemory: Process Physical Memory: 141.21 MB used, 141.21 MB peak
[2022.06.18-20.25.23:979][  0]LogMemory: Process Virtual Memory: 122.63 MB used, 122.63 MB peak
[2022.06.18-20.25.23:979][  0]LogMemory: Physical Memory: 7250.79 MB used,  772.26 MB free, 8023.05 MB total
[2022.06.18-20.25.23:979][  0]LogMemory: Virtual Memory: 134213280.00 MB used,  4444.60 MB free, 134217728.00 MB total
[2022.06.18-20.25.23:987][  0]LogWindows: WindowsPlatformFeatures enabled
[2022.06.18-20.25.24:447][  0]LogInit: Physics initialised using underlying interface: PhysX
[2022.06.18-20.25.24:451][  0]LogInit: Using OS detected language (uk-UA).
[2022.06.18-20.25.24:451][  0]LogInit: Using OS detected locale (uk-UA).
[2022.06.18-20.25.24:468][  0]LogTextLocalizationManager: No localization for 'uk-UA' exists, so 'en' will be used for the language.
[2022.06.18-20.25.24:834][  0]LogInit: Setting process to per monitor DPI aware
[2022.06.18-20.25.24:879][  0]LogWindowsTextInputMethodSystem: Display: IME system deactivated.
[2022.06.18-20.25.24:959][  0]LogSlate: New Slate User Created.  User Index 0, Is Virtual User: 0
[2022.06.18-20.25.24:959][  0]LogSlate: Slate User Registered.  User Index 0, Is Virtual User: 0
[2022.06.18-20.25.27:560][  0]LogD3D11RHI: Loaded GFSDK_Aftermath_Lib.x64.dll
[2022.06.18-20.25.27:579][  0]LogHMD: Failed to initialize OpenVR with code 110
[2022.06.18-20.25.27:579][  0]LogD3D11RHI: D3D11 min allowed feature level: 11_0
[2022.06.18-20.25.27:579][  0]LogD3D11RHI: D3D11 max allowed feature level: 11_0
[2022.06.18-20.25.27:579][  0]LogD3D11RHI: D3D11 adapters:
[2022.06.18-20.25.27:719][  0]LogD3D11RHI:    0. 'NVIDIA GeForce GTX 1650 Ti' (Feature Level 11_0)
[2022.06.18-20.25.27:720][  0]LogD3D11RHI:       3962/0/4011 MB DedicatedVideo/DedicatedSystem/SharedSystem, Outputs:2, VendorId:0x10de
[2022.06.18-20.25.27:749][  0]LogD3D11RHI:    1. 'Intel(R) UHD Graphics' (Feature Level 11_0)
[2022.06.18-20.25.27:749][  0]LogD3D11RHI:       128/0/4011 MB DedicatedVideo/DedicatedSystem/SharedSystem, Outputs:0, VendorId:0x8086
[2022.06.18-20.25.27:757][  0]LogD3D11RHI:    2. 'Microsoft Basic Render Driver' (Feature Level 11_0)
[2022.06.18-20.25.27:757][  0]LogD3D11RHI:       0/0/4011 MB DedicatedVideo/DedicatedSystem/SharedSystem, Outputs:0, VendorId:0x1414
[2022.06.18-20.25.27:757][  0]LogD3D11RHI: Chosen D3D11 Adapter:
[2022.06.18-20.25.27:757][  0]LogD3D11RHI:     Description : NVIDIA GeForce GTX 1650 Ti
[2022.06.18-20.25.27:757][  0]LogD3D11RHI:     VendorId    : 10de
[2022.06.18-20.25.27:757][  0]LogD3D11RHI:     DeviceId    : 1f95
[2022.06.18-20.25.27:757][  0]LogD3D11RHI:     SubSysId    : 143e1025
[2022.06.18-20.25.27:757][  0]LogD3D11RHI:     Revision    : 00a1
[2022.06.18-20.25.27:758][  0]LogD3D11RHI:     DedicatedVideoMemory : 4154458112 bytes
[2022.06.18-20.25.27:758][  0]LogD3D11RHI:     DedicatedSystemMemory : 0 bytes
[2022.06.18-20.25.27:758][  0]LogD3D11RHI:     SharedSystemMemory : 4206389248 bytes
[2022.06.18-20.25.27:758][  0]LogD3D11RHI:     AdapterLuid : 0 79825
[2022.06.18-20.25.27:764][  0]LogD3D11RHI: Creating new Direct3DDevice
[2022.06.18-20.25.27:764][  0]LogD3D11RHI:     GPU DeviceId: 0x1f95 (for the marketing name, search the web for "GPU Device Id")
[2022.06.18-20.25.27:764][  0]LogWindows: EnumDisplayDevices:
[2022.06.18-20.25.27:765][  0]LogWindows:    0. 'Intel(R) UHD Graphics' (P:1 D:1)
[2022.06.18-20.25.27:765][  0]LogWindows:    1. 'Intel(R) UHD Graphics' (P:0 D:0)
[2022.06.18-20.25.27:765][  0]LogWindows:    2. 'Intel(R) UHD Graphics' (P:0 D:0)
[2022.06.18-20.25.27:765][  0]LogWindows:    3. 'NVIDIA GeForce GTX 1650 Ti' (P:0 D:1)
[2022.06.18-20.25.27:765][  0]LogWindows: DebugString: PrimaryIsNotTheChoosenAdapter PrimaryIsNotTheChoosenAdapter PrimaryIsNotTheChoosenAdapter 
[2022.06.18-20.25.27:765][  0]LogD3D11RHI:     Adapter Name: NVIDIA GeForce GTX 1650 Ti
[2022.06.18-20.25.27:766][  0]LogD3D11RHI:   Driver Version: 511.23 (internal:30.0.15.1123, unified:511.23)
[2022.06.18-20.25.27:766][  0]LogD3D11RHI:      Driver Date: 1-10-2022
[2022.06.18-20.25.27:766][  0]LogRHI: Texture pool is 2773 MB (70% of 3962 MB)
[2022.06.18-20.25.27:766][  0]LogD3D11RHI: Creating D3DDevice using adapter:
[2022.06.18-20.25.27:766][  0]LogD3D11RHI:     Description : NVIDIA GeForce GTX 1650 Ti
[2022.06.18-20.25.27:766][  0]LogD3D11RHI:     VendorId    : 10de
[2022.06.18-20.25.27:766][  0]LogD3D11RHI:     DeviceId    : 1f95
[2022.06.18-20.25.27:766][  0]LogD3D11RHI:     SubSysId    : 143e1025
[2022.06.18-20.25.27:766][  0]LogD3D11RHI:     Revision    : 00a1
[2022.06.18-20.25.27:766][  0]LogD3D11RHI:     DedicatedVideoMemory : 4154458112 bytes
[2022.06.18-20.25.27:766][  0]LogD3D11RHI:     DedicatedSystemMemory : 0 bytes
[2022.06.18-20.25.27:766][  0]LogD3D11RHI:     SharedSystemMemory : 4206389248 bytes
[2022.06.18-20.25.27:766][  0]LogD3D11RHI:     AdapterLuid : 0 79825
[2022.06.18-20.25.27:831][  0]LogD3D11RHI: RHI has support for 64 bit atomics
[2022.06.18-20.25.27:832][  0]LogD3D11RHI: Async texture creation enabled
[2022.06.18-20.25.27:832][  0]LogD3D11RHI: Array index from any shader is supported
[2022.06.18-20.25.27:890][  0]LogD3D11RHI: GPU Timing Frequency: 1000.000000 (Debug: 2 1)
[2022.06.18-20.25.27:992][  0]LogRHI: GeForceNow SDK initialized: 1
[2022.06.18-20.25.28:350][  0]LogTargetPlatformManager: Display: Loaded TargetPlatform 'AllDesktop'
[2022.06.18-20.25.28:393][  0]LogTargetPlatformManager: Display: Loaded TargetPlatform 'Android'
[2022.06.18-20.25.28:393][  0]LogTargetPlatformManager: Display: Loaded TargetPlatform 'Android_ASTC'
[2022.06.18-20.25.28:393][  0]LogTargetPlatformManager: Display: Loaded TargetPlatform 'Android_DXT'
[2022.06.18-20.25.28:393][  0]LogTargetPlatformManager: Display: Loaded TargetPlatform 'Android_ETC2'
[2022.06.18-20.25.28:393][  0]LogTargetPlatformManager: Display: Loaded TargetPlatform 'AndroidClient'
[2022.06.18-20.25.28:393][  0]LogTargetPlatformManager: Display: Loaded TargetPlatform 'Android_ASTCClient'
[2022.06.18-20.25.28:393][  0]LogTargetPlatformManager: Display: Loaded TargetPlatform 'Android_DXTClient'
[2022.06.18-20.25.28:393][  0]LogTargetPlatformManager: Display: Loaded TargetPlatform 'Android_ETC2Client'
[2022.06.18-20.25.28:394][  0]LogTargetPlatformManager: Display: Loaded TargetPlatform 'Android_Multi'
[2022.06.18-20.25.28:394][  0]LogTargetPlatformManager: Display: Loaded TargetPlatform 'Android_MultiClient'
[2022.06.18-20.25.28:470][  0]LogTargetPlatformManager: Display: Loaded TargetPlatform 'IOSClient'
[2022.06.18-20.25.28:470][  0]LogTargetPlatformManager: Display: Loaded TargetPlatform 'IOS'
[2022.06.18-20.25.28:498][  0]LogTargetPlatformManager: Display: Loaded TargetPlatform 'Linux'
[2022.06.18-20.25.28:519][  0]LogTargetPlatformManager: Display: Loaded TargetPlatform 'LinuxNoEditor'
[2022.06.18-20.25.28:541][  0]LogTargetPlatformManager: Display: Loaded TargetPlatform 'LinuxClient'
[2022.06.18-20.25.28:564][  0]LogTargetPlatformManager: Display: Loaded TargetPlatform 'LinuxServer'
[2022.06.18-20.25.28:591][  0]LogTargetPlatformManager: Display: Loaded TargetPlatform 'LinuxAArch64NoEditor'
[2022.06.18-20.25.28:611][  0]LogTargetPlatformManager: Display: Loaded TargetPlatform 'LinuxAArch64Client'
[2022.06.18-20.25.28:630][  0]LogTargetPlatformManager: Display: Loaded TargetPlatform 'LinuxAArch64Server'
[2022.06.18-20.25.28:675][  0]LogTargetPlatformManager: Display: Loaded TargetPlatform 'Lumin'
[2022.06.18-20.25.28:676][  0]LogTargetPlatformManager: Display: Loaded TargetPlatform 'LuminClient'
[2022.06.18-20.25.28:699][  0]LogTargetPlatformManager: Display: Loaded TargetPlatform 'MacNoEditor'
[2022.06.18-20.25.28:722][  0]LogTargetPlatformManager: Display: Loaded TargetPlatform 'Mac'
[2022.06.18-20.25.28:742][  0]LogTargetPlatformManager: Display: Loaded TargetPlatform 'MacClient'
[2022.06.18-20.25.28:762][  0]LogTargetPlatformManager: Display: Loaded TargetPlatform 'MacServer'
[2022.06.18-20.25.28:787][  0]LogTargetPlatformManager: Display: Loaded TargetPlatform 'TVOSClient'
[2022.06.18-20.25.28:787][  0]LogTargetPlatformManager: Display: Loaded TargetPlatform 'TVOS'
[2022.06.18-20.25.28:815][  0]LogTargetPlatformManager: Display: Loaded TargetPlatform 'WindowsNoEditor'
[2022.06.18-20.25.28:838][  0]LogTargetPlatformManager: Display: Loaded TargetPlatform 'Windows'
[2022.06.18-20.25.28:864][  0]LogTargetPlatformManager: Display: Loaded TargetPlatform 'WindowsClient'
[2022.06.18-20.25.28:887][  0]LogTargetPlatformManager: Display: Loaded TargetPlatform 'WindowsServer'
[2022.06.18-20.25.28:887][  0]LogTargetPlatformManager: Display: Building Assets For Windows
[2022.06.18-20.25.28:971][  0]LogAudioDebug: Display: Lib vorbis DLL was dynamically loaded.
[2022.06.18-20.25.29:381][  0]LogTextureFormatOodle: Display: Oodle Texture 2.9.0 init RDO Off
[2022.06.18-20.25.29:711][  0]LogRendererCore: Ray tracing is disabled. Reason: r.RayTracing=0.
[2022.06.18-20.25.29:712][  0]LogShaderCompilers: Guid format shader working directory is -5 characters bigger than the processId version (../../../../../../My/Projects/UE4/UE_Learning/HW_2/Intermediate/Shaders/WorkingDirectory/18428/).
[2022.06.18-20.25.29:713][  0]LogShaderCompilers: Cleaned the shader compiler working directory 'C:/Users/NITRO/AppData/Local/Temp/UnrealShaderWorkingDir/7C5609814C3AFA0EBE85CAA455B82969/'.
[2022.06.18-20.25.29:714][  0]LogXGEController: Cannot use XGE Controller as Incredibuild is not installed on this machine.
[2022.06.18-20.25.29:715][  0]LogShaderCompilers: Cannot use XGE Shader Compiler as Incredibuild is not installed on this machine.
[2022.06.18-20.25.29:715][  0]LogShaderCompilers: Display: Using Local Shader Compiler.
[2022.06.18-20.25.32:768][  0]LogDerivedDataCache: Display: Max Cache Size: 512 MB
[2022.06.18-20.25.32:916][  0]LogDerivedDataCache: Loaded boot cache 0.15s 94MB C:/Users/NITRO/AppData/Local/UnrealEngine/4.27/DerivedDataCache/Boot.ddc.
[2022.06.18-20.25.32:916][  0]LogDerivedDataCache: Display: Loaded Boot cache: C:/Users/NITRO/AppData/Local/UnrealEngine/4.27/DerivedDataCache/Boot.ddc
[2022.06.18-20.25.32:916][  0]LogDerivedDataCache: FDerivedDataBackendGraph:  Pak pak cache file ../../../../../../My/Projects/UE4/UE_Learning/HW_2/DerivedDataCache/DDC.ddp not found, will not use a pak cache.
[2022.06.18-20.25.32:916][  0]LogDerivedDataCache: Unable to find inner node Pak for hierarchical cache Hierarchy.
[2022.06.18-20.25.32:917][  0]LogDerivedDataCache: FDerivedDataBackendGraph:  CompressedPak pak cache file ../../../../../../My/Projects/UE4/UE_Learning/HW_2/DerivedDataCache/Compressed.ddp not found, will not use a pak cache.
[2022.06.18-20.25.32:917][  0]LogDerivedDataCache: Unable to find inner node CompressedPak for hierarchical cache Hierarchy.
[2022.06.18-20.25.32:945][  0]LogDerivedDataCache: Display: Pak cache opened for reading ../../../Engine/DerivedDataCache/Compressed.ddp.
[2022.06.18-20.25.32:945][  0]LogDerivedDataCache: FDerivedDataBackendGraph:  EnterprisePak pak cache file ../../../Enterprise/DerivedDataCache/Compressed.ddp not found, will not use a pak cache.
[2022.06.18-20.25.32:945][  0]LogDerivedDataCache: Unable to find inner node EnterprisePak for hierarchical cache Hierarchy.
[2022.06.18-20.25.32:957][  0]LogDerivedDataCache: Speed tests for C:/Users/NITRO/AppData/Local/UnrealEngine/Common/DerivedDataCache took 0.01 seconds
[2022.06.18-20.25.32:958][  0]LogDerivedDataCache: Display: Performance to C:/Users/NITRO/AppData/Local/UnrealEngine/Common/DerivedDataCache: Latency=0.10ms. RandomReadSpeed=148.87MBs, RandomWriteSpeed=204.50MBs. Assigned SpeedClass 'Local'
[2022.06.18-20.25.32:976][  0]LogDerivedDataCache: Using Local data cache path C:/Users/NITRO/AppData/Local/UnrealEngine/Common/DerivedDataCache: Writable
[2022.06.18-20.25.32:976][  0]LogDerivedDataCache: Shared data cache path not found in *engine.ini, will not use an Shared cache.
[2022.06.18-20.25.32:976][  0]LogDerivedDataCache: Unable to find inner node Shared for hierarchical cache Hierarchy.
[2022.06.18-20.25.33:032][  0]LogSlate: Using FreeType 2.10.0
[2022.06.18-20.25.33:045][  0]LogSlate: SlateFontServices - WITH_FREETYPE: 1, WITH_HARFBUZZ: 1
[2022.06.18-20.25.33:229][  0]LogAssetRegistry: FAssetRegistry took 0.0518 seconds to start up
[2022.06.18-20.25.33:784][  0]LogInit: Selected Device Profile: [Windows]
[2022.06.18-20.25.33:784][  0]LogInit: Active device profile: [0000021DDA4E7E00][0000021DDA38CEC0 49] Windows
[2022.06.18-20.25.33:784][  0]LogInit: Profiles: [0000021DDA4E7E00][0000021DDA38CEC0 49] Windows, [0000021DDA4A8300][0000021DD6D25040 49] WindowsNoEditor, [0000021DDA4E4300][0000021DD69371C0 49] WindowsServer, [0000021DDA4A9C00][0000021DD693B340 49] WindowsClient, [0000021DDA4E5A00][0000021DD693F4C0 49] IOS, [0000021DDA4A8E00][0000021DD6943640 49] iPadAir, [0000021DDA4E4D00][0000021DD69477C0 49] iPadAir2, [0000021DDA454400][0000021DD694FA80 49] IPadPro, [0000021DDA454500][0000021DD694BAC0 49] iPadAir3, [0000021DDA4E4500][0000021DD69520C0 49] iPadAir4, [0000021DDA457A00][0000021DD6956240 49] iPadMini2, [0000021DDA4E4700][0000021DDB7743C0 49] iPadMini3, [0000021DDA455400][0000021DDB778540 49] iPadMini4, [0000021DDA4E7A00][0000021DDB77C6C0 49] iPadMini5, [0000021DDA453C00][0000021DDB780900 49] iPhone6, [0000021DDA453D00][0000021DDB770940 49] iPodTouch6, [0000021DDA457300][0000021DDB788B80 49] iPhone7, [0000021DDA457200][0000021DDB784BC0 49] iPodTouch7, [0000021DDA450800][0000021DDB790D40 49] iPhone5S, [0000021DDA456000][0000021DDB794EC0 49] iPhone6Plus, [0000021DDA453000][0000021DDB799040 49] iPhone6S, [0000021DDA454300][0000021DDB79D1C0 49] iPhone6SPlus, [0000021DDA451100][0000021DDA0D5340 49] iPhone7Plus, [0000021DDA455600][0000021DDA0D94C0 49] iPhoneSE, [0000021DDA452700][0000021DDA0DD640 49] iPhone8, [0000021DDA455C00][0000021DDA0E17C0 49] iPhone8Plus, [0000021DDA453E00][0000021DDA0E5940 49] iPhoneX, [0000021DDA454200][0000021DDA0E9AC0 49] iPhoneXS, [0000021DDA450900][0000021DDA0EC0C0 49] iPhoneXSMax, [0000021DDA456100][0000021DDA0F0240 49] iPhoneXR, [0000021DDA452E00][0000021DDA0F43C0 49] iPhone11, [0000021DDA455800][0000021DDA0F8540 49] iPhone11Pro, [0000021DDA451300][0000021DDA0FC6C0 49] iPhone11ProMax, [0000021DDA457E00][0000021DDA100840 49] iPhoneSE2, [0000021DDA453F00][0000021DDB78C980 49] iPhone12Mini, [0000021DDA457900][0000021DDA104AC0 49] iPhone12, [0000021DDA452000][0000021DD8A2EC00 49] iPhone12Pro, [0000021DDA457800][0000021DD8A32D40 49] iPhone12ProMax, [0000021DDA451900][0000021DD8A3AEC0 49] iPadPro105, [0000021DDA456600][0000021DD8A3F040 49] iPadPro129, [0000021DDA451700][0000021DD8A431C0 49] iPadPro97, [0000021DDA455000][0000021DD8A47340 49] iPadPro2_129, [0000021DDA450D00][0000021DD8A4B4C0 49] iPad5, [0000021DDA454F00][0000021DBAB51640 49] iPad6, [0000021DDA452300][0000021DBAB557C0 49] iPad7, [0000021DDA455A00][0000021DBAB59940 49] iPad8, [0000021DDA451C00][0000021DBAB5DAC0 49] iPadPro11, [0000021DDA454E00][0000021DBAB600C0 49] iPadPro2_11, [0000021DDA452600][0000021DBAB64240 49] iPadPro3_129, [0000021DDA455200][0000021DBAB683C0 49] iPadPro4_129, [0000021DDA452100][0000021DBAB6C540 49] AppleTV, [0000021DDA454100][0000021DBAB706C0 49] AppleTV4K, [0000021DDA452900][0000021DBAB74840 49] TVOS, [0000021DDA456D00][0000021DBAB789C0 49] Mac, [0000021DDA453500][0000021DBAB7CB40 49] MacClient, [0000021DDA457600][0000021DD8A36C80 49] MacNoEditor, [0000021DDA451000][0000021DDA1CADC0 49] MacServer, [0000021DDA455D00][0000021DDA1CEF00 49] Linux, [0000021DDA453900][0000021DDA1D7080 49] LinuxAArch64, [0000021DDA454800][0000021DDA1DB200 49] LinuxNoEditor, [0000021DDA453700][0000021DDA1DF380 49] LinuxAArch64NoEditor, [0000021DDA455B00][0000021DDA1E3500 49] LinuxClient, [0000021DDA452200][0000021DDA1E7680 49] LinuxAArch64Client, [0000021DDA457D00][0000021DDA1EB800 49] LinuxServer, [0000021DDA451200][0000021DDA1EF980 49] LinuxAArch64Server, [0000021DDA456A00][0000021DDA1F3B00 49] Android, [0000021DDA4AB400][0000021DDA1F6100 49] Android_Low, [0000021DDA5B0500][0000021DDA1FA280 49] Android_Mid, [0000021DDA4A8400][0000021DDA1FE400 49] Android_High, [0000021DDA5B0100][0000021DDA202580 49] Android_Default, [0000021DDA4A8700][0000021DDA206700 49] Android_Adreno4xx, [0000021DDA5B0D00][0000021DDA20A880 49] Android_Adreno5xx_Low, [0000021DDA4AAD00][0000021DDA20EA00 49] Android_Adreno5xx, [0000021DDA5B0F00][0000021DDA212B80 49] Android_Adreno6xx, [0000021DDA4AA900][0000021DDA216D00 49] Android_Adreno6xx_Vulkan, [0000021DDA5B1200][0000021DDA1D2E40 49] Android_Mali_T6xx, [0000021DDA4AB000][0000021DDA21AF80 49] Android_Mali_T7xx, [0000021DDA5B2600][0000021DDA21F0C0 49] Android_Mali_T8xx, [0000021DDA4A8200][0000021DDA227240 49] Android_Mali_G71, [0000021DDA5B1400][0000021DDA22B3C0 49] Android_Mali_G72, [0000021DDA4A9800][0000021DDA22F540 49] Android_Mali_G72_Vulkan, [0000021DDA5B1F00][0000021DDA2336C0 49] Android_Mali_G76, [0000021DDA4A9000][0000021DDA237840 49] Android_Mali_G76_Vulkan, [0000021DDA5B0300][0000021DDA23B9C0 49] Android_Mali_G77, [0000021DDA4AA000][0000021DDA23FB40 49] Android_Mali_G77_Vulkan, [0000021DDA5B0400][0000021DDA242140 49] Android_Mali_G78, [0000021DDA4AA800][0000021DDA2462C0 49] Android_Mali_G78_Vulkan, [0000021DDA5B2D00][0000021DDA24A440 49] Android_Mali_G710, [0000021DDA4AB600][0000021DDA24E5C0 49] Android_Mali_G710_Vulkan, [0000021DDA5B2700][0000021DDA252740 49] Android_Vulkan_SM5, [0000021DDA4ABD00][0000021DDA2568C0 49] Android_PowerVR_G6xxx, [0000021DDA5B0600][0000021DDA25AA40 49] Android_PowerVR_GT7xxx, [0000021DDA4A9400][0000021DDA25EBC0 49] Android_PowerVR_GE8xxx, [0000021DDA5B2500][0000021DDA262D40 49] Android_PowerVR_GM9xxx, [0000021DDA457500][0000021DDA266EC0 49] Android_PowerVR_GM9xxx_Vulkan, [0000021DDA5B1700][0000021DDA223000 49] Android_TegraK1, [0000021DDA456B00][0000021DDA26B140 49] Android_Unknown_Vulkan, [0000021DDA5B1600][0000021DDA26F280 49] Lumin, [0000021DDA457700][0000021DDA2733C0 49] Lumin_Desktop, [0000021DDA5B2100][0000021DDA27B540 49] HoloLens, 
[2022.06.18-20.25.34:354][  0]LogMeshReduction: Using QuadricMeshReduction for automatic static mesh reduction
[2022.06.18-20.25.34:354][  0]LogMeshReduction: Using SimplygonMeshReduction for automatic skeletal mesh reduction
[2022.06.18-20.25.34:354][  0]LogMeshReduction: Using ProxyLODMeshReduction for automatic mesh merging
[2022.06.18-20.25.34:354][  0]LogMeshReduction: No distributed automatic mesh merging module available
[2022.06.18-20.25.34:355][  0]LogMeshMerging: No distributed automatic mesh merging module available
[2022.06.18-20.25.34:436][  0]LogNetVersion: HW_2 1.0.0, NetCL: 17155196, EngineNetVer: 17, GameNetVer: 0 (Checksum: 3470296912)
[2022.06.18-20.25.35:764][  0]LogTexture: Default maximum texture size for cubemaps generated from long-lat sources has been changed from 512 to unlimited. In order to preserve old behaiour for '/Engine/MapTemplates/Sky/DaylightAmbientCubemap.DaylightAmbientCubemap', its maximum texture size has been explicitly set to 512.
[2022.06.18-20.25.35:927][  0]LogHMD: PokeAHoleMaterial loaded successfully
[2022.06.18-20.25.35:937][  0]LogUObjectArray: 17178 objects as part of root set at end of initial load.
[2022.06.18-20.25.35:937][  0]LogUObjectAllocator: 4302048 out of 0 bytes used by permanent object pool.
[2022.06.18-20.25.35:937][  0]LogUObjectArray: CloseDisregardForGC: 0/0 objects in disregard for GC pool
[2022.06.18-20.25.37:558][  0]LogPython: Using Python 3.7.7
[2022.06.18-20.25.38:378][  0]LogNiagaraDebuggerClient: Niagara Debugger Client Initialized | Session: 38B905684E896F58E5ACAD8F41485EA2 | Instance: 3EC4CB5C4C0BF5D18C2AF699C23D56F9 (DESKTOP-Q7GCBOU-18428).
[2022.06.18-20.25.39:078][  0]LogTcpMessaging: Initializing TcpMessaging bridge
[2022.06.18-20.25.39:108][  0]LogUdpMessaging: Initializing bridge on interface 0.0.0.0:0 to multicast group 230.0.0.1:6666.
[2022.06.18-20.25.39:713][  0]LogLinker: Warning: Failed to load '/Game/FirstPersonBP/FirstPersonOverview': Can't find file.
[2022.06.18-20.25.39:714][  0]LogLinker: Warning: Failed to load '/Game/FirstPersonBP/FirstPersonOverview': Can't find file.
[2022.06.18-20.25.39:714][  0]LogUObjectGlobals: Warning: Failed to find object 'Class /Game/FirstPersonBP/FirstPersonOverview.FirstPersonOverview_C'
[2022.06.18-20.25.41:306][  0]LogOpenImageDenoise: OIDN starting up
[2022.06.18-20.25.41:398][  0]SourceControl: Source control is disabled
[2022.06.18-20.25.41:398][  0]SourceControl: Source control is disabled
[2022.06.18-20.25.41:429][  0]SourceControl: Source control is disabled
[2022.06.18-20.25.41:481][  0]SourceControl: Source control is disabled
[2022.06.18-20.25.41:577][  0]SourceControl: Source control is disabled
[2022.06.18-20.25.41:623][  0]LogUProjectInfo: Found projects:
[2022.06.18-20.25.41:922][  0]LogAndroidPermission: UAndroidPermissionCallbackProxy::GetInstance
[2022.06.18-20.25.42:063][  0]LogAudioCaptureCore: Display: No Audio Capture implementations found. Audio input will be silent.
[2022.06.18-20.25.42:063][  0]LogAudioCaptureCore: Display: No Audio Capture implementations found. Audio input will be silent.
[2022.06.18-20.25.42:759][  0]LogCollectionManager: Loaded 0 collections in 0.001992 seconds
[2022.06.18-20.25.42:769][  0]LogFileCache: Scanning file cache for directory 'C:/My/Projects/UE4/UE_Learning/HW_2/Saved/Collections/' took 0.00s
[2022.06.18-20.25.42:769][  0]LogFileCache: Scanning file cache for directory 'C:/My/Projects/UE4/UE_Learning/HW_2/Content/Developers/NITRO/Collections/' took 0.00s
[2022.06.18-20.25.42:769][  0]LogFileCache: Scanning file cache for directory 'C:/My/Projects/UE4/UE_Learning/HW_2/Content/Collections/' took 0.00s
[2022.06.18-20.25.42:877][  0]LogOcInput: OculusInput pre-init called
[2022.06.18-20.25.43:476][  0]LogEngine: Initializing Engine...
[2022.06.18-20.25.43:534][  0]LogHMD: Failed to enumerate extensions. Please check that you have a valid OpenXR runtime installed.
[2022.06.18-20.25.43:535][  0]LogHMD: Failed to initialize OpenVR with code 110
[2022.06.18-20.25.43:535][  0]LogMagicLeap: Warning: VR disabled because ZI is not enabled.  To enable, in the editor, Edit -> Project Settings -> Plugins -> Magic Leap Plugin -> Enable Zero Iteration
[2022.06.18-20.25.43:541][  0]LogStats: UGameplayTagsManager::InitializeManager -  0.001 s
[2022.06.18-20.25.43:939][  0]LogInit: Initializing FReadOnlyCVARCache
[2022.06.18-20.25.44:015][  0]LogAIModule: Creating AISystem for world Untitled
[2022.06.18-20.25.44:026][  0]LogAudio: Display: Initializing Audio Device Manager...
[2022.06.18-20.25.44:047][  0]LogAudio: Display: Loading Default Audio Settings Objects...
[2022.06.18-20.25.44:053][  0]LogAudio: Display: No default SoundConcurrencyObject specified (or failed to load).
[2022.06.18-20.25.44:056][  0]LogAudio: Display: Audio Device Manager Initialized
[2022.06.18-20.25.44:057][  0]LogAudio: Display: Creating Audio Device:                 Id: 1, Scope: Shared, Realtime: True
[2022.06.18-20.25.44:058][  0]LogAudioMixer: Display: Audio Mixer Platform Settings:
[2022.06.18-20.25.44:058][  0]LogAudioMixer: Display: 	Sample Rate:						  48000
[2022.06.18-20.25.44:058][  0]LogAudioMixer: Display: 	Callback Buffer Frame Size Requested: 1024
[2022.06.18-20.25.44:058][  0]LogAudioMixer: Display: 	Callback Buffer Frame Size To Use:	  1024
[2022.06.18-20.25.44:058][  0]LogAudioMixer: Display: 	Number of buffers to queue:			  2
[2022.06.18-20.25.44:058][  0]LogAudioMixer: Display: 	Max Channels (voices):				  32
[2022.06.18-20.25.44:058][  0]LogAudioMixer: Display: 	Number of Async Source Workers:		  0
[2022.06.18-20.25.44:058][  0]LogAudio: Display: AudioDevice MaxSources: 32
[2022.06.18-20.25.44:060][  0]LogAudio: Display: Audio Spatialization Plugin: None (built-in).
[2022.06.18-20.25.44:060][  0]LogAudio: Display: Audio Reverb Plugin: None (built-in).
[2022.06.18-20.25.44:060][  0]LogAudio: Display: Audio Occlusion Plugin: None (built-in).
[2022.06.18-20.25.44:061][  0]LogAudioMixer: Display: Initializing audio mixer.
[2022.06.18-20.25.44:140][  0]LogAudioMixer: Display: 0: FrontLeft
[2022.06.18-20.25.44:140][  0]LogAudioMixer: Display: 1: FrontRight
[2022.06.18-20.25.44:171][  0]LogAudioMixer: Display: Using Audio Device Headset Earphone (Jabra EVOLVE 20 MS)
[2022.06.18-20.25.44:174][  0]LogAudioMixer: Display: Initializing Sound Submixes...
[2022.06.18-20.25.44:196][  0]LogAudioMixer: Display: Creating Master Submix 'MasterSubmixDefault'
[2022.06.18-20.25.44:197][  0]LogAudioMixer: Display: Creating Master Submix 'MasterReverbSubmixDefault'
[2022.06.18-20.25.44:199][  0]LogAudioMixer: Display: Creating Master Submix 'MasterEQSubmixDefault'
[2022.06.18-20.25.44:199][  0]LogAudioMixer: FMixerPlatformXAudio2::StartAudioStream() called
[2022.06.18-20.25.44:199][  0]LogAudioMixer: Display: Output buffers initialized: Frames=1024, Channels=2, Samples=2048
[2022.06.18-20.25.44:201][  0]LogAudioMixer: Display: Starting AudioMixerPlatformInterface::RunInternal()
[2022.06.18-20.25.44:201][  0]LogAudioMixer: Display: FMixerPlatformXAudio2::SubmitBuffer() called for the first time
[2022.06.18-20.25.44:201][  0]LogInit: FAudioDevice initialized.
[2022.06.18-20.25.44:202][  0]LogAudio: Display: Audio Device (ID: 1) registered with world 'Untitled'.
[2022.06.18-20.25.44:203][  0]LogNetVersion: Set ProjectVersion to 1.0.0.0. Version Checksum will be recalculated on next use.
[2022.06.18-20.25.44:242][  0]LogDerivedDataCache: Saved boot cache 0.04s 94MB C:/Users/NITRO/AppData/Local/UnrealEngine/4.27/DerivedDataCache/Boot.ddc.
[2022.06.18-20.25.44:288][  0]LogInit: Texture streaming: Enabled
[2022.06.18-20.25.44:367][  0]LogAnalytics: Display: [UEEditor.Rocket.Release] APIServer = https://datarouter.ol.epicgames.com/. AppVersion = 4.27.2-18319896+++UE4+Release-4.27
[2022.06.18-20.25.44:390][  0]LogEngineSessionManager: EngineSessionManager initialized
[2022.06.18-20.25.44:390][  0]LogEngineSessionManager: EngineSessionManager sent abnormal shutdown report. Type=Debugger, SessionId={1F12CB00-4AEB-2B86-F824-C79E6B6CB770}
[2022.06.18-20.25.44:391][  0]LogEditorSessionSummary: Verbose: Initializing EditorSessionSummaryWriter for editor session tracking
[2022.06.18-20.25.44:394][  0]LogEditorSessionSummary: EditorSessionSummaryWriter initialized
[2022.06.18-20.25.44:469][  0]LogInit: Transaction tracking system initialized
[2022.06.18-20.25.44:631][  0]BlueprintLog: New page: Editor Load
[2022.06.18-20.25.45:078][  0]LocalizationService: Localization service is disabled
[2022.06.18-20.25.45:250][  0]TimingProfiler: Initialize
[2022.06.18-20.25.45:252][  0]TimingProfiler: OnSessionChanged
[2022.06.18-20.25.45:252][  0]LoadingProfiler: Initialize
[2022.06.18-20.25.45:252][  0]LoadingProfiler: OnSessionChanged
[2022.06.18-20.25.45:252][  0]NetworkingProfiler: Initialize
[2022.06.18-20.25.45:253][  0]NetworkingProfiler: OnSessionChanged
[2022.06.18-20.25.45:253][  0]MemoryProfiler: Initialize
[2022.06.18-20.25.45:253][  0]MemoryProfiler: OnSessionChanged
[2022.06.18-20.25.45:932][  0]LogFileCache: Scanning file cache for directory 'C:/My/Projects/UE4/UE_Learning/HW_2/Content/' took 0.00s
[2022.06.18-20.25.45:932][  0]LogCook: Display: CookSettings for Memory: MemoryMaxUsedVirtual 0MiB, MemoryMaxUsedPhysical 16384MiB, MemoryMinFreeVirtual 0MiB, MemoryMinFreePhysical 1024MiB
[2022.06.18-20.25.45:933][  0]LogCook: Display: Mobile HDR setting 1
[2022.06.18-20.25.47:153][  0]LogInit: Display: Engine is initialized. Leaving FEngineLoop::Init()
[2022.06.18-20.25.47:162][  0]SourceControl: Source control is disabled
[2022.06.18-20.25.47:162][  0]LogUnrealEdMisc: Loading editor; pre map load, took 27.094
[2022.06.18-20.25.47:164][  0]Cmd: MAP LOAD FILE="../../../Engine/Content/Maps/Templates/Template_Default.umap" TEMPLATE=1 SHOWPROGRESS=1 FEATURELEVEL=3
[2022.06.18-20.25.47:171][  0]LightingResults: New page: Lighting Build
[2022.06.18-20.25.47:178][  0]LogWorld: UWorld::CleanupWorld for Untitled, bSessionEnded=true, bCleanupResources=true
[2022.06.18-20.25.47:181][  0]LogSlate: InvalidateAllWidgets triggered.  All widgets were invalidated
[2022.06.18-20.25.47:185][  0]MapCheck: New page: Map Check
[2022.06.18-20.25.47:186][  0]LightingResults: New page: Lighting Build
[2022.06.18-20.25.47:201][  0]LogAudio: Display: Audio Device unregistered from world 'None'.
[2022.06.18-20.25.47:219][  0]LogUObjectHash: Compacting FUObjectHashTables data took   0.96ms
[2022.06.18-20.25.47:336][  0]LogTexture: Display: Building textures: DeprecatedTextureEB9CBE3C423008B5E8E130901E171C89 (BGRA8, 128X128)
[2022.06.18-20.25.47:345][  0]LogAudio: Display: Audio Device (ID: 1) registered with world 'Untitled_1'.
[2022.06.18-20.25.47:346][  0]LogAIModule: Creating AISystem for world Untitled_1
[2022.06.18-20.25.47:379][  0]LogEditorServer: Finished looking for orphan Actors (0.000 secs)
[2022.06.18-20.25.47:388][  0]LogUObjectHash: Compacting FUObjectHashTables data took   0.79ms
[2022.06.18-20.25.47:389][  0]Cmd: MAP CHECKDEP NOCLEARLOG
[2022.06.18-20.25.47:390][  0]MapCheck: Map check complete: 0 Error(s), 0 Warning(s), took 0,306ms to complete.
[2022.06.18-20.25.47:390][  0]LogFileHelpers: Loading map 'Template_Default' took 0.227
[2022.06.18-20.25.47:443][  0]LogUnrealEdMisc: Total Editor Startup Time, took 27.374
[2022.06.18-20.25.47:612][  0]LogSlate: Updating window title bar state: overlay mode, drag disabled, window buttons hidden, title bar hidden
[2022.06.18-20.25.47:619][  0]LogSlate: Updating window title bar state: overlay mode, drag disabled, window buttons hidden, title bar hidden
[2022.06.18-20.25.47:625][  0]LogSlate: Updating window title bar state: overlay mode, drag disabled, window buttons hidden, title bar hidden
[2022.06.18-20.25.47:631][  0]LogSlate: Updating window title bar state: overlay mode, drag disabled, window buttons hidden, title bar hidden
[2022.06.18-20.25.47:666][  0]LogNativeClassHierarchy: Verbose: Native class hierarchy populated in 0.0086 seconds. Added 3827 classes and 937 folders.
[2022.06.18-20.25.47:676][  0]LogNativeClassHierarchy: Verbose: Native class hierarchy updated for 'WidgetCarousel' in 0.0002 seconds. Added 0 classes and 0 folders.
[2022.06.18-20.25.47:692][  0]LogPakFile: PakFile PrimaryIndexSize=187
[2022.06.18-20.25.47:692][  0]LogPakFile: PakFile PathHashIndexSize=101
[2022.06.18-20.25.47:692][  0]LogPakFile: PakFile FullDirectoryIndexSize=148
[2022.06.18-20.25.47:693][  0]LogShaderLibrary: Display: ShaderCodeLibraryPakFileMountedCallback: PakFile 'C:/Program Files/Epic Games/UE_4.27/FeaturePacks/FP_FirstPerson.upack' (chunk index -1, root 'root:/') mounted
[2022.06.18-20.25.47:693][  0]LogShaderLibrary: Display: ShaderCodeLibraryPakFileMountedCallback: pending pak file info (ChunkID:-1 Root:root:/ File:C:/Program Files/Epic Games/UE_4.27/FeaturePacks/FP_FirstPerson.upack)
[2022.06.18-20.25.47:694][  0]LogPakFile: OnPakFileMounted2Time == 0.001372
[2022.06.18-20.25.47:703][  0]LogPakFile: PakFile PrimaryIndexSize=189
[2022.06.18-20.25.47:703][  0]LogPakFile: PakFile PathHashIndexSize=101
[2022.06.18-20.25.47:703][  0]LogPakFile: PakFile FullDirectoryIndexSize=152
[2022.06.18-20.25.47:703][  0]LogShaderLibrary: Display: ShaderCodeLibraryPakFileMountedCallback: PakFile 'C:/Program Files/Epic Games/UE_4.27/FeaturePacks/FP_FirstPersonBP.upack' (chunk index -1, root 'root:/') mounted
[2022.06.18-20.25.47:703][  0]LogShaderLibrary: Display: ShaderCodeLibraryPakFileMountedCallback: pending pak file info (ChunkID:-1 Root:root:/ File:C:/Program Files/Epic Games/UE_4.27/FeaturePacks/FP_FirstPersonBP.upack)
[2022.06.18-20.25.47:703][  0]LogPakFile: OnPakFileMounted2Time == 0.000301
[2022.06.18-20.25.47:710][  0]LogPakFile: PakFile PrimaryIndexSize=191
[2022.06.18-20.25.47:711][  0]LogPakFile: PakFile PathHashIndexSize=101
[2022.06.18-20.25.47:711][  0]LogPakFile: PakFile FullDirectoryIndexSize=160
[2022.06.18-20.25.47:711][  0]LogShaderLibrary: Display: ShaderCodeLibraryPakFileMountedCallback: PakFile 'C:/Program Files/Epic Games/UE_4.27/FeaturePacks/MobileStarterContent.upack' (chunk index -1, root 'root:/') mounted
[2022.06.18-20.25.47:711][  0]LogShaderLibrary: Display: ShaderCodeLibraryPakFileMountedCallback: pending pak file info (ChunkID:-1 Root:root:/ File:C:/Program Files/Epic Games/UE_4.27/FeaturePacks/MobileStarterContent.upack)
[2022.06.18-20.25.47:711][  0]LogPakFile: OnPakFileMounted2Time == 0.000126
[2022.06.18-20.25.47:719][  0]LogPakFile: PakFile PrimaryIndexSize=185
[2022.06.18-20.25.47:719][  0]LogPakFile: PakFile PathHashIndexSize=101
[2022.06.18-20.25.47:719][  0]LogPakFile: PakFile FullDirectoryIndexSize=148
[2022.06.18-20.25.47:719][  0]LogShaderLibrary: Display: ShaderCodeLibraryPakFileMountedCallback: PakFile 'C:/Program Files/Epic Games/UE_4.27/FeaturePacks/StarterContent.upack' (chunk index -1, root 'root:/') mounted
[2022.06.18-20.25.47:719][  0]LogShaderLibrary: Display: ShaderCodeLibraryPakFileMountedCallback: pending pak file info (ChunkID:-1 Root:root:/ File:C:/Program Files/Epic Games/UE_4.27/FeaturePacks/StarterContent.upack)
[2022.06.18-20.25.47:719][  0]LogPakFile: OnPakFileMounted2Time == 0.000191
[2022.06.18-20.25.47:730][  0]LogPakFile: PakFile PrimaryIndexSize=190
[2022.06.18-20.25.47:730][  0]LogPakFile: PakFile PathHashIndexSize=101
[2022.06.18-20.25.47:730][  0]LogPakFile: PakFile FullDirectoryIndexSize=154
[2022.06.18-20.25.47:730][  0]LogShaderLibrary: Display: ShaderCodeLibraryPakFileMountedCallback: PakFile 'C:/Program Files/Epic Games/UE_4.27/FeaturePacks/TP_2DSideScroller.upack' (chunk index -1, root 'root:/') mounted
[2022.06.18-20.25.47:730][  0]LogShaderLibrary: Display: ShaderCodeLibraryPakFileMountedCallback: pending pak file info (ChunkID:-1 Root:root:/ File:C:/Program Files/Epic Games/UE_4.27/FeaturePacks/TP_2DSideScroller.upack)
[2022.06.18-20.25.47:730][  0]LogPakFile: OnPakFileMounted2Time == 0.000130
[2022.06.18-20.25.47:736][  0]LogPakFile: PakFile PrimaryIndexSize=192
[2022.06.18-20.25.47:736][  0]LogPakFile: PakFile PathHashIndexSize=101
[2022.06.18-20.25.47:737][  0]LogPakFile: PakFile FullDirectoryIndexSize=158
[2022.06.18-20.25.47:737][  0]LogShaderLibrary: Display: ShaderCodeLibraryPakFileMountedCallback: PakFile 'C:/Program Files/Epic Games/UE_4.27/FeaturePacks/TP_2DSideScrollerBP.upack' (chunk index -1, root 'root:/') mounted
[2022.06.18-20.25.47:737][  0]LogShaderLibrary: Display: ShaderCodeLibraryPakFileMountedCallback: pending pak file info (ChunkID:-1 Root:root:/ File:C:/Program Files/Epic Games/UE_4.27/FeaturePacks/TP_2DSideScrollerBP.upack)
[2022.06.18-20.25.47:737][  0]LogPakFile: OnPakFileMounted2Time == 0.000126
[2022.06.18-20.25.47:743][  0]LogPakFile: PakFile PrimaryIndexSize=182
[2022.06.18-20.25.47:743][  0]LogPakFile: PakFile PathHashIndexSize=101
[2022.06.18-20.25.47:743][  0]LogPakFile: PakFile FullDirectoryIndexSize=138
[2022.06.18-20.25.47:743][  0]LogShaderLibrary: Display: ShaderCodeLibraryPakFileMountedCallback: PakFile 'C:/Program Files/Epic Games/UE_4.27/FeaturePacks/TP_Flying.upack' (chunk index -1, root 'root:/') mounted
[2022.06.18-20.25.47:743][  0]LogShaderLibrary: Display: ShaderCodeLibraryPakFileMountedCallback: pending pak file info (ChunkID:-1 Root:root:/ File:C:/Program Files/Epic Games/UE_4.27/FeaturePacks/TP_Flying.upack)
[2022.06.18-20.25.47:743][  0]LogPakFile: OnPakFileMounted2Time == 0.000211
[2022.06.18-20.25.47:751][  0]LogPakFile: PakFile PrimaryIndexSize=184
[2022.06.18-20.25.47:751][  0]LogPakFile: PakFile PathHashIndexSize=101
[2022.06.18-20.25.47:751][  0]LogPakFile: PakFile FullDirectoryIndexSize=142
[2022.06.18-20.25.47:751][  0]LogShaderLibrary: Display: ShaderCodeLibraryPakFileMountedCallback: PakFile 'C:/Program Files/Epic Games/UE_4.27/FeaturePacks/TP_FlyingBP.upack' (chunk index -1, root 'root:/') mounted
[2022.06.18-20.25.47:751][  0]LogShaderLibrary: Display: ShaderCodeLibraryPakFileMountedCallback: pending pak file info (ChunkID:-1 Root:root:/ File:C:/Program Files/Epic Games/UE_4.27/FeaturePacks/TP_FlyingBP.upack)
[2022.06.18-20.25.47:751][  0]LogPakFile: OnPakFileMounted2Time == 0.000152
[2022.06.18-20.25.47:760][  0]LogPakFile: PakFile PrimaryIndexSize=188
[2022.06.18-20.25.47:761][  0]LogPakFile: PakFile PathHashIndexSize=101
[2022.06.18-20.25.47:761][  0]LogPakFile: PakFile FullDirectoryIndexSize=150
[2022.06.18-20.25.47:761][  0]LogShaderLibrary: Display: ShaderCodeLibraryPakFileMountedCallback: PakFile 'C:/Program Files/Epic Games/UE_4.27/FeaturePacks/TP_HandheldARBP.upack' (chunk index -1, root 'root:/') mounted
[2022.06.18-20.25.47:761][  0]LogShaderLibrary: Display: ShaderCodeLibraryPakFileMountedCallback: pending pak file info (ChunkID:-1 Root:root:/ File:C:/Program Files/Epic Games/UE_4.27/FeaturePacks/TP_HandheldARBP.upack)
[2022.06.18-20.25.47:761][  0]LogPakFile: OnPakFileMounted2Time == 0.000129
[2022.06.18-20.25.47:768][  0]LogPakFile: PakFile PrimaryIndexSize=182
[2022.06.18-20.25.47:768][  0]LogPakFile: PakFile PathHashIndexSize=101
[2022.06.18-20.25.47:768][  0]LogPakFile: PakFile FullDirectoryIndexSize=138
[2022.06.18-20.25.47:768][  0]LogShaderLibrary: Display: ShaderCodeLibraryPakFileMountedCallback: PakFile 'C:/Program Files/Epic Games/UE_4.27/FeaturePacks/TP_Puzzle.upack' (chunk index -1, root 'root:/') mounted
[2022.06.18-20.25.47:768][  0]LogShaderLibrary: Display: ShaderCodeLibraryPakFileMountedCallback: pending pak file info (ChunkID:-1 Root:root:/ File:C:/Program Files/Epic Games/UE_4.27/FeaturePacks/TP_Puzzle.upack)
[2022.06.18-20.25.47:768][  0]LogPakFile: OnPakFileMounted2Time == 0.000138
[2022.06.18-20.25.47:774][  0]LogPakFile: PakFile PrimaryIndexSize=184
[2022.06.18-20.25.47:774][  0]LogPakFile: PakFile PathHashIndexSize=101
[2022.06.18-20.25.47:775][  0]LogPakFile: PakFile FullDirectoryIndexSize=142
[2022.06.18-20.25.47:775][  0]LogShaderLibrary: Display: ShaderCodeLibraryPakFileMountedCallback: PakFile 'C:/Program Files/Epic Games/UE_4.27/FeaturePacks/TP_PuzzleBP.upack' (chunk index -1, root 'root:/') mounted
[2022.06.18-20.25.47:775][  0]LogShaderLibrary: Display: ShaderCodeLibraryPakFileMountedCallback: pending pak file info (ChunkID:-1 Root:root:/ File:C:/Program Files/Epic Games/UE_4.27/FeaturePacks/TP_PuzzleBP.upack)
[2022.06.18-20.25.47:775][  0]LogPakFile: OnPakFileMounted2Time == 0.000141
[2022.06.18-20.25.47:783][  0]LogPakFile: PakFile PrimaryIndexSize=183
[2022.06.18-20.25.47:783][  0]LogPakFile: PakFile PathHashIndexSize=101
[2022.06.18-20.25.47:783][  0]LogPakFile: PakFile FullDirectoryIndexSize=140
[2022.06.18-20.25.47:783][  0]LogShaderLibrary: Display: ShaderCodeLibraryPakFileMountedCallback: PakFile 'C:/Program Files/Epic Games/UE_4.27/FeaturePacks/TP_Rolling.upack' (chunk index -1, root 'root:/') mounted
[2022.06.18-20.25.47:783][  0]LogShaderLibrary: Display: ShaderCodeLibraryPakFileMountedCallback: pending pak file info (ChunkID:-1 Root:root:/ File:C:/Program Files/Epic Games/UE_4.27/FeaturePacks/TP_Rolling.upack)
[2022.06.18-20.25.47:783][  0]LogPakFile: OnPakFileMounted2Time == 0.000159
[2022.06.18-20.25.47:789][  0]LogPakFile: PakFile PrimaryIndexSize=185
[2022.06.18-20.25.47:789][  0]LogPakFile: PakFile PathHashIndexSize=101
[2022.06.18-20.25.47:789][  0]LogPakFile: PakFile FullDirectoryIndexSize=144
[2022.06.18-20.25.47:790][  0]LogShaderLibrary: Display: ShaderCodeLibraryPakFileMountedCallback: PakFile 'C:/Program Files/Epic Games/UE_4.27/FeaturePacks/TP_RollingBP.upack' (chunk index -1, root 'root:/') mounted
[2022.06.18-20.25.47:790][  0]LogShaderLibrary: Display: ShaderCodeLibraryPakFileMountedCallback: pending pak file info (ChunkID:-1 Root:root:/ File:C:/Program Files/Epic Games/UE_4.27/FeaturePacks/TP_RollingBP.upack)
[2022.06.18-20.25.47:790][  0]LogPakFile: OnPakFileMounted2Time == 0.000131
[2022.06.18-20.25.47:797][  0]LogPakFile: PakFile PrimaryIndexSize=188
[2022.06.18-20.25.47:797][  0]LogPakFile: PakFile PathHashIndexSize=101
[2022.06.18-20.25.47:797][  0]LogPakFile: PakFile FullDirectoryIndexSize=150
[2022.06.18-20.25.47:797][  0]LogShaderLibrary: Display: ShaderCodeLibraryPakFileMountedCallback: PakFile 'C:/Program Files/Epic Games/UE_4.27/FeaturePacks/TP_SideScroller.upack' (chunk index -1, root 'root:/') mounted
[2022.06.18-20.25.47:797][  0]LogShaderLibrary: Display: ShaderCodeLibraryPakFileMountedCallback: pending pak file info (ChunkID:-1 Root:root:/ File:C:/Program Files/Epic Games/UE_4.27/FeaturePacks/TP_SideScroller.upack)
[2022.06.18-20.25.47:797][  0]LogPakFile: OnPakFileMounted2Time == 0.000106
[2022.06.18-20.25.47:802][  0]LogPakFile: PakFile PrimaryIndexSize=190
[2022.06.18-20.25.47:802][  0]LogPakFile: PakFile PathHashIndexSize=101
[2022.06.18-20.25.47:802][  0]LogPakFile: PakFile FullDirectoryIndexSize=154
[2022.06.18-20.25.47:803][  0]LogShaderLibrary: Display: ShaderCodeLibraryPakFileMountedCallback: PakFile 'C:/Program Files/Epic Games/UE_4.27/FeaturePacks/TP_SideScrollerBP.upack' (chunk index -1, root 'root:/') mounted
[2022.06.18-20.25.47:803][  0]LogShaderLibrary: Display: ShaderCodeLibraryPakFileMountedCallback: pending pak file info (ChunkID:-1 Root:root:/ File:C:/Program Files/Epic Games/UE_4.27/FeaturePacks/TP_SideScrollerBP.upack)
[2022.06.18-20.25.47:803][  0]LogPakFile: OnPakFileMounted2Time == 0.000164
[2022.06.18-20.25.47:809][  0]LogPakFile: PakFile PrimaryIndexSize=187
[2022.06.18-20.25.47:809][  0]LogPakFile: PakFile PathHashIndexSize=101
[2022.06.18-20.25.47:809][  0]LogPakFile: PakFile FullDirectoryIndexSize=148
[2022.06.18-20.25.47:809][  0]LogShaderLibrary: Display: ShaderCodeLibraryPakFileMountedCallback: PakFile 'C:/Program Files/Epic Games/UE_4.27/FeaturePacks/TP_ThirdPerson.upack' (chunk index -1, root 'root:/') mounted
[2022.06.18-20.25.47:809][  0]LogShaderLibrary: Display: ShaderCodeLibraryPakFileMountedCallback: pending pak file info (ChunkID:-1 Root:root:/ File:C:/Program Files/Epic Games/UE_4.27/FeaturePacks/TP_ThirdPerson.upack)
[2022.06.18-20.25.47:809][  0]LogPakFile: OnPakFileMounted2Time == 0.000111
[2022.06.18-20.25.47:815][  0]LogPakFile: PakFile PrimaryIndexSize=189
[2022.06.18-20.25.47:815][  0]LogPakFile: PakFile PathHashIndexSize=101
[2022.06.18-20.25.47:815][  0]LogPakFile: PakFile FullDirectoryIndexSize=152
[2022.06.18-20.25.47:815][  0]LogShaderLibrary: Display: ShaderCodeLibraryPakFileMountedCallback: PakFile 'C:/Program Files/Epic Games/UE_4.27/FeaturePacks/TP_ThirdPersonBP.upack' (chunk index -1, root 'root:/') mounted
[2022.06.18-20.25.47:815][  0]LogShaderLibrary: Display: ShaderCodeLibraryPakFileMountedCallback: pending pak file info (ChunkID:-1 Root:root:/ File:C:/Program Files/Epic Games/UE_4.27/FeaturePacks/TP_ThirdPersonBP.upack)
[2022.06.18-20.25.47:815][  0]LogPakFile: OnPakFileMounted2Time == 0.000106
[2022.06.18-20.25.47:821][  0]LogPakFile: PakFile PrimaryIndexSize=183
[2022.06.18-20.25.47:822][  0]LogPakFile: PakFile PathHashIndexSize=101
[2022.06.18-20.25.47:822][  0]LogPakFile: PakFile FullDirectoryIndexSize=140
[2022.06.18-20.25.47:822][  0]LogShaderLibrary: Display: ShaderCodeLibraryPakFileMountedCallback: PakFile 'C:/Program Files/Epic Games/UE_4.27/FeaturePacks/TP_TopDown.upack' (chunk index -1, root 'root:/') mounted
[2022.06.18-20.25.47:822][  0]LogShaderLibrary: Display: ShaderCodeLibraryPakFileMountedCallback: pending pak file info (ChunkID:-1 Root:root:/ File:C:/Program Files/Epic Games/UE_4.27/FeaturePacks/TP_TopDown.upack)
[2022.06.18-20.25.47:822][  0]LogPakFile: OnPakFileMounted2Time == 0.000123
[2022.06.18-20.25.47:827][  0]LogPakFile: PakFile PrimaryIndexSize=185
[2022.06.18-20.25.47:827][  0]LogPakFile: PakFile PathHashIndexSize=101
[2022.06.18-20.25.47:827][  0]LogPakFile: PakFile FullDirectoryIndexSize=144
[2022.06.18-20.25.47:828][  0]LogShaderLibrary: Display: ShaderCodeLibraryPakFileMountedCallback: PakFile 'C:/Program Files/Epic Games/UE_4.27/FeaturePacks/TP_TopDownBP.upack' (chunk index -1, root 'root:/') mounted
[2022.06.18-20.25.47:828][  0]LogShaderLibrary: Display: ShaderCodeLibraryPakFileMountedCallback: pending pak file info (ChunkID:-1 Root:root:/ File:C:/Program Files/Epic Games/UE_4.27/FeaturePacks/TP_TopDownBP.upack)
[2022.06.18-20.25.47:828][  0]LogPakFile: OnPakFileMounted2Time == 0.000117
[2022.06.18-20.25.47:837][  0]LogPakFile: PakFile PrimaryIndexSize=185
[2022.06.18-20.25.47:837][  0]LogPakFile: PakFile PathHashIndexSize=101
[2022.06.18-20.25.47:837][  0]LogPakFile: PakFile FullDirectoryIndexSize=144
[2022.06.18-20.25.47:837][  0]LogShaderLibrary: Display: ShaderCodeLibraryPakFileMountedCallback: PakFile 'C:/Program Files/Epic Games/UE_4.27/FeaturePacks/TP_TwinStick.upack' (chunk index -1, root 'root:/') mounted
[2022.06.18-20.25.47:837][  0]LogShaderLibrary: Display: ShaderCodeLibraryPakFileMountedCallback: pending pak file info (ChunkID:-1 Root:root:/ File:C:/Program Files/Epic Games/UE_4.27/FeaturePacks/TP_TwinStick.upack)
[2022.06.18-20.25.47:837][  0]LogPakFile: OnPakFileMounted2Time == 0.000115
[2022.06.18-20.25.47:843][  0]LogPakFile: PakFile PrimaryIndexSize=187
[2022.06.18-20.25.47:843][  0]LogPakFile: PakFile PathHashIndexSize=101
[2022.06.18-20.25.47:843][  0]LogPakFile: PakFile FullDirectoryIndexSize=148
[2022.06.18-20.25.47:843][  0]LogShaderLibrary: Display: ShaderCodeLibraryPakFileMountedCallback: PakFile 'C:/Program Files/Epic Games/UE_4.27/FeaturePacks/TP_TwinStickBP.upack' (chunk index -1, root 'root:/') mounted
[2022.06.18-20.25.47:843][  0]LogShaderLibrary: Display: ShaderCodeLibraryPakFileMountedCallback: pending pak file info (ChunkID:-1 Root:root:/ File:C:/Program Files/Epic Games/UE_4.27/FeaturePacks/TP_TwinStickBP.upack)
[2022.06.18-20.25.47:843][  0]LogPakFile: OnPakFileMounted2Time == 0.000111
[2022.06.18-20.25.47:849][  0]LogPakFile: PakFile PrimaryIndexSize=183
[2022.06.18-20.25.47:849][  0]LogPakFile: PakFile PathHashIndexSize=101
[2022.06.18-20.25.47:849][  0]LogPakFile: PakFile FullDirectoryIndexSize=140
[2022.06.18-20.25.47:849][  0]LogShaderLibrary: Display: ShaderCodeLibraryPakFileMountedCallback: PakFile 'C:/Program Files/Epic Games/UE_4.27/FeaturePacks/TP_Vehicle.upack' (chunk index -1, root 'root:/') mounted
[2022.06.18-20.25.47:849][  0]LogShaderLibrary: Display: ShaderCodeLibraryPakFileMountedCallback: pending pak file info (ChunkID:-1 Root:root:/ File:C:/Program Files/Epic Games/UE_4.27/FeaturePacks/TP_Vehicle.upack)
[2022.06.18-20.25.47:849][  0]LogPakFile: OnPakFileMounted2Time == 0.000105
[2022.06.18-20.25.47:855][  0]LogPakFile: PakFile PrimaryIndexSize=186
[2022.06.18-20.25.47:855][  0]LogPakFile: PakFile PathHashIndexSize=101
[2022.06.18-20.25.47:855][  0]LogPakFile: PakFile FullDirectoryIndexSize=146
[2022.06.18-20.25.47:855][  0]LogShaderLibrary: Display: ShaderCodeLibraryPakFileMountedCallback: PakFile 'C:/Program Files/Epic Games/UE_4.27/FeaturePacks/TP_VehicleAdv.upack' (chunk index -1, root 'root:/') mounted
[2022.06.18-20.25.47:855][  0]LogShaderLibrary: Display: ShaderCodeLibraryPakFileMountedCallback: pending pak file info (ChunkID:-1 Root:root:/ File:C:/Program Files/Epic Games/UE_4.27/FeaturePacks/TP_VehicleAdv.upack)
[2022.06.18-20.25.47:855][  0]LogPakFile: OnPakFileMounted2Time == 0.000118
[2022.06.18-20.25.47:861][  0]LogPakFile: PakFile PrimaryIndexSize=188
[2022.06.18-20.25.47:861][  0]LogPakFile: PakFile PathHashIndexSize=101
[2022.06.18-20.25.47:861][  0]LogPakFile: PakFile FullDirectoryIndexSize=150
[2022.06.18-20.25.47:861][  0]LogShaderLibrary: Display: ShaderCodeLibraryPakFileMountedCallback: PakFile 'C:/Program Files/Epic Games/UE_4.27/FeaturePacks/TP_VehicleAdvBP.upack' (chunk index -1, root 'root:/') mounted
[2022.06.18-20.25.47:861][  0]LogShaderLibrary: Display: ShaderCodeLibraryPakFileMountedCallback: pending pak file info (ChunkID:-1 Root:root:/ File:C:/Program Files/Epic Games/UE_4.27/FeaturePacks/TP_VehicleAdvBP.upack)
[2022.06.18-20.25.47:861][  0]LogPakFile: OnPakFileMounted2Time == 0.000113
[2022.06.18-20.25.47:867][  0]LogPakFile: PakFile PrimaryIndexSize=185
[2022.06.18-20.25.47:867][  0]LogPakFile: PakFile PathHashIndexSize=101
[2022.06.18-20.25.47:867][  0]LogPakFile: PakFile FullDirectoryIndexSize=144
[2022.06.18-20.25.47:867][  0]LogShaderLibrary: Display: ShaderCodeLibraryPakFileMountedCallback: PakFile 'C:/Program Files/Epic Games/UE_4.27/FeaturePacks/TP_VehicleBP.upack' (chunk index -1, root 'root:/') mounted
[2022.06.18-20.25.47:867][  0]LogShaderLibrary: Display: ShaderCodeLibraryPakFileMountedCallback: pending pak file info (ChunkID:-1 Root:root:/ File:C:/Program Files/Epic Games/UE_4.27/FeaturePacks/TP_VehicleBP.upack)
[2022.06.18-20.25.47:867][  0]LogPakFile: OnPakFileMounted2Time == 0.000120
[2022.06.18-20.25.47:873][  0]LogPakFile: PakFile PrimaryIndexSize=192
[2022.06.18-20.25.47:873][  0]LogPakFile: PakFile PathHashIndexSize=101
[2022.06.18-20.25.47:873][  0]LogPakFile: PakFile FullDirectoryIndexSize=158
[2022.06.18-20.25.47:873][  0]LogShaderLibrary: Display: ShaderCodeLibraryPakFileMountedCallback: PakFile 'C:/Program Files/Epic Games/UE_4.27/FeaturePacks/TP_VirtualRealityBP.upack' (chunk index -1, root 'root:/') mounted
[2022.06.18-20.25.47:873][  0]LogShaderLibrary: Display: ShaderCodeLibraryPakFileMountedCallback: pending pak file info (ChunkID:-1 Root:root:/ File:C:/Program Files/Epic Games/UE_4.27/FeaturePacks/TP_VirtualRealityBP.upack)
[2022.06.18-20.25.47:873][  0]LogPakFile: OnPakFileMounted2Time == 0.000185
[2022.06.18-20.25.48:046][  0]LogNativeClassHierarchy: Verbose: Native class hierarchy updated for 'AddContentDialog' in 0.0002 seconds. Added 0 classes and 0 folders.
[2022.06.18-20.25.48:051][  0]LogNativeClassHierarchy: Verbose: Native class hierarchy updated for 'SceneOutliner' in 0.0002 seconds. Added 2 classes and 0 folders.
[2022.06.18-20.25.48:221][  0]LogNativeClassHierarchy: Verbose: Native class hierarchy updated for 'ScreenShotComparisonTools' in 0.0003 seconds. Added 1 classes and 2 folders.
[2022.06.18-20.25.48:369][  0]LogSlate: Took 0.001778 seconds to synchronously load lazily loaded font '../../../Engine/Content/Slate/Fonts/Roboto-Regular.ttf' (155K)
[2022.06.18-20.25.48:385][  0]LogSlate: Took 0.012052 seconds to synchronously load lazily loaded font '../../../Engine/Content/Editor/Slate/Fonts/FontAwesome.ttf' (139K)
[2022.06.18-20.25.48:390][  0]LogSlate: Took 0.000772 seconds to synchronously load lazily loaded font '../../../Engine/Content/Slate/Fonts/Roboto-Bold.ttf' (160K)
[2022.06.18-20.25.48:512][  0]LogRenderer: Reallocating scene render targets to support 1228x416 Format 9 NumSamples 1 (Frame:1).
[2022.06.18-20.25.48:606][  0]LogSlate: Took 0.000647 seconds to synchronously load lazily loaded font '../../../Engine/Content/Slate/Fonts/Roboto-Light.ttf' (167K)
[2022.06.18-20.25.48:722][  0]LogNativeClassHierarchy: Verbose: Native class hierarchy updated for 'HierarchicalLODOutliner' in 0.0004 seconds. Added 0 classes and 0 folders.
[2022.06.18-20.25.48:724][  0]LogLoad: (Engine Initialization) Total time: 28.66 seconds
[2022.06.18-20.25.48:724][  0]LogLoad: (Engine Initialization) Total Blueprint compile time: 0.00 seconds
[2022.06.18-20.25.48:800][  0]LogAssetRegistry: Asset discovery search completed in 15.6170 seconds
[2022.06.18-20.25.48:847][  0]LogCollectionManager: Fixed up redirectors for 0 collections in 0.000228 seconds (updated 0 objects)
[2022.06.18-20.25.48:857][  0]LogContentStreaming: Texture pool size now 400 MB
[2022.06.18-20.25.53:753][289]LogNiagaraDebugger: Session selection changed. Dropping connections not from this session. | Session: 38B905684E896F58E5ACAD8F41485EA2 ()
[2022.06.18-20.25.53:756][289]LogProfilerClient: Subscribe Session: 38B905684E896F58E5ACAD8F41485EA2
[2022.06.18-20.25.53:770][289]LogNiagaraDebugger: Establishing connection. | Session: 38B905684E896F58E5ACAD8F41485EA2 | Instance: 3EC4CB5C4C0BF5D18C2AF699C23D56F9 (DESKTOP-Q7GCBOU-18428).
[2022.06.18-20.25.53:771][289]LogProfilerService: Subscribe Session: 38B905684E896F58E5ACAD8F41485EA2, Instance: 3EC4CB5C4C0BF5D18C2AF699C23D56F9
[2022.06.18-20.25.53:771][289]LogNiagaraDebuggerClient: Connection request recieved and accepted. | Session: 38B905684E896F58E5ACAD8F41485EA2 | Instance: 3EC4CB5C4C0BF5D18C2AF699C23D56F9 (DESKTOP-Q7GCBOU-18428).
[2022.06.18-20.25.53:772][289]LogNiagaraDebugger: Connection accepted. | Session: 38B905684E896F58E5ACAD8F41485EA2 | Instance: 3EC4CB5C4C0BF5D18C2AF699C23D56F9 |
[2022.06.18-20.25.53:773][289]LogNiagaraDebugger: Sending updated debug HUD settings. | Session: 38B905684E896F58E5ACAD8F41485EA2 | Instance: 3EC4CB5C4C0BF5D18C2AF699C23D56F9 |
[2022.06.18-20.25.53:773][289]LogNiagaraDebugger: Recieved simple client info update. | Sender: 45BD0817405F32F86D8F8D9077CBA241 
[2022.06.18-20.25.53:773][289]LogNiagaraDebuggerClient: Received updated DebugHUD settings. | Session: 38B905684E896F58E5ACAD8F41485EA2 | Instance: 3EC4CB5C4C0BF5D18C2AF699C23D56F9 (DESKTOP-Q7GCBOU-18428).
[2022.06.18-20.25.53:773][289]Cmd: fx.Niagara.Debug.GlobalLoopTime 0.000
[2022.06.18-20.25.53:782][289]fx.Niagara.Debug.GlobalLoopTime = "0.0"
[2022.06.18-20.25.53:784][289]LogAutomationWorker: Received FindWorkersMessage from A1C36BBC43E12E9AA563C8A10FBB5646
[2022.06.18-20.25.53:784][290]LogAutomationController: Received FindWorkersResponseMessage from 0F11F01D4C78D8F0AB907094733D4802
[2022.06.18-20.25.53:785][290]LogAutomationController: Requesting test list from 0F11F01D4C78D8F0AB907094733D4802
[2022.06.18-20.25.53:787][290]LogAutomationWorker: Received RequestTestsMessage from A1C36BBC43E12E9AA563C8A10FBB5646
[2022.06.18-20.25.54:166][290]LogAutomationWorker: Set 675 tests to A1C36BBC43E12E9AA563C8A10FBB5646
[2022.06.18-20.25.54:166][291]LogAutomationController: Received RequestTestsReplyCompleteMessage from 0F11F01D4C78D8F0AB907094733D4802
[2022.06.18-20.25.54:166][291]LogAutomationController: 675 tests available on 0F11F01D4C78D8F0AB907094733D4802
[2022.06.18-20.25.56:836][450]LogUObjectHash: Compacting FUObjectHashTables data took   0.63ms
[2022.06.18-20.25.56:840][450]AutomationTestingLog: New page: -----Test Run 4----
[2022.06.18-20.25.56:841][450]LogAutomationController: Sending Reset Tests to 0F11F01D4C78D8F0AB907094733D4802
[2022.06.18-20.25.56:841][450]LogAutomationController: Display: Clearing ../../../../../../My/Projects/UE4/UE_Learning/HW_2/Saved/Automation/Logs/ and ../../../../../../My/Projects/UE4/UE_Learning/HW_2/Saved/Automation/Tmp/
[2022.06.18-20.25.56:841][450]AutomationTestingLog: -----Test Run 4----
[2022.06.18-20.25.56:843][450]LogAutomationController: Display: Test Started. Name={Compute}
[2022.06.18-20.25.56:843][450]LogAutomationController: Sending RunTest Compute to 0F11F01D4C78D8F0AB907094733D4802
[2022.06.18-20.25.56:844][450]LogAutomationWorker: Received ResetTests from A1C36BBC43E12E9AA563C8A10FBB5646
[2022.06.18-20.25.56:844][450]LogAutomationWorker: Received RunTests Compute from A1C36BBC43E12E9AA563C8A10FBB5646
[2022.06.18-20.25.56:905][452]LogAutomationController: Error: Test Completed. Result={Failed} Name={Compute} Path={CalculatorEBNF.Compute}
[2022.06.18-20.25.56:906][452]LogAutomationController: BeginEvents: CalculatorEBNF.Compute
[2022.06.18-20.25.56:906][452]LogAutomationController: Error: Expected 'Expression: 3.03*3 /2.01; Expected: 4.520000; Actual: 4.714286' to be 4.520000, but it was 4.714286 within tolerance 0.010000. [C:\My\Projects\UE4\UE_Learning\HW_2\Plugins\CalculatorEBNF\Source\CalculatorEBNF\Private\Test\TestCalculator.cpp(37)]
[2022.06.18-20.25.56:906][452]LogAutomationController: EndEvents: CalculatorEBNF.Compute
[2022.06.18-20.25.56:917][452]LogSlate: Took 0.008032 seconds to synchronously load lazily loaded font '../../../Engine/Content/Slate/Fonts/DroidSansMono.ttf' (77K)
[2022.06.18-20.25.56:918][452]LogAutomationController: Display: Report can be opened in the editor at 'C:/My/Projects/UE4/UE_Learning/HW_2/Saved/Automation/Reports/'
[2022.06.18-20.26.09:684][  8]LogUObjectHash: Compacting FUObjectHashTables data took   0.34ms
[2022.06.18-20.26.09:686][  8]AutomationTestingLog: New page: -----Test Run 5----
[2022.06.18-20.26.09:686][  8]LogAutomationController: Sending Reset Tests to 0F11F01D4C78D8F0AB907094733D4802
[2022.06.18-20.26.09:686][  8]LogAutomationController: Display: Clearing ../../../../../../My/Projects/UE4/UE_Learning/HW_2/Saved/Automation/Logs/ and ../../../../../../My/Projects/UE4/UE_Learning/HW_2/Saved/Automation/Tmp/
[2022.06.18-20.26.09:686][  8]AutomationTestingLog: -----Test Run 5----
[2022.06.18-20.26.09:688][  8]LogAutomationController: Display: Test Started. Name={Compute}
[2022.06.18-20.26.09:688][  8]LogAutomationController: Sending RunTest Compute to 0F11F01D4C78D8F0AB907094733D4802
[2022.06.18-20.26.09:688][  8]LogAutomationWorker: Received ResetTests from A1C36BBC43E12E9AA563C8A10FBB5646
[2022.06.18-20.26.09:688][  8]LogAutomationWorker: Received RunTests Compute from A1C36BBC43E12E9AA563C8A10FBB5646
