Log file open, 06/18/22 23:27:29
LogWindows: Failed to load 'aqProf.dll' (GetLastError=126)
LogWindows: File 'aqProf.dll' does not exist
LogWindows: Failed to load 'VtuneApi.dll' (GetLastError=126)
LogWindows: File 'VtuneApi.dll' does not exist
LogWindows: Failed to load 'VtuneApi32e.dll' (GetLastError=126)
LogWindows: File 'VtuneApi32e.dll' does not exist
LogConsoleResponse: Display: Failed to find resolution value strings in scalability ini. Falling back to default.
LogConsoleResponse: Display: Failed to find resolution value strings in scalability ini. Falling back to default.
LogInit: Display: Running engine for game: HW_2
LogPlatformFile: Not using cached read wrapper
LogTaskGraph: Started task graph with 5 named threads and 23 total threads with 3 sets of task threads.
LogStats: Stats thread started at 0.356995
LogICUInternationalization: ICU TimeZone Detection - Raw Offset: +2:00, Platform Override: ''
LogInit: Display: Loading text-based GConfig....
LogPluginManager: Mounting plugin MeshPainting
LogPluginManager: Mounting plugin XGEController
LogPluginManager: Mounting plugin Paper2D
LogPluginManager: Mounting plugin LiveLink
LogPluginManager: Mounting plugin AISupport
LogPluginManager: Mounting plugin EnvironmentQueryEditor
LogPluginManager: Mounting plugin LightPropagationVolume
LogPluginManager: Mounting plugin CameraShakePreviewer
LogPluginManager: Mounting plugin GameplayCameras
LogPluginManager: Mounting plugin OodleData
LogPluginManager: Mounting plugin OodleNetwork
LogPluginManager: Mounting plugin AnimationSharing
LogPluginManager: Mounting plugin CLionSourceCodeAccess
LogPluginManager: Mounting plugin GitSourceControl
LogPluginManager: Mounting plugin KDevelopSourceCodeAccess
LogPluginManager: Mounting plugin NullSourceCodeAccess
LogPluginManager: Mounting plugin PerforceSourceControl
LogPluginManager: Mounting plugin PixWinPlugin
LogPluginManager: Mounting plugin CodeLiteSourceCodeAccess
LogPluginManager: Mounting plugin PlasticSourceControl
LogPluginManager: Mounting plugin PluginUtils
LogPluginManager: Mounting plugin CryptoKeys
LogPluginManager: Mounting plugin PropertyAccessNode
LogPluginManager: Mounting plugin SubversionSourceControl
LogPluginManager: Mounting plugin RiderSourceCodeAccess
LogPluginManager: Mounting plugin CurveEditorTools
LogPluginManager: Mounting plugin DataValidation
LogPluginManager: Mounting plugin TextureFormatOodle
LogPluginManager: Mounting plugin UObjectPlugin
LogPluginManager: Mounting plugin VisualStudioSourceCodeAccess
LogPluginManager: Mounting plugin VisualStudioCodeSourceCodeAccess
LogPluginManager: Mounting plugin XCodeSourceCodeAccess
LogPluginManager: Mounting plugin FacialAnimation
LogPluginManager: Mounting plugin GameplayTagsEditor
LogPluginManager: Mounting plugin MacGraphicsSwitching
LogPluginManager: Mounting plugin GeometryMode
LogPluginManager: Mounting plugin MaterialAnalyzer
LogPluginManager: Mounting plugin PluginBrowser
LogPluginManager: Mounting plugin MobileLauncherProfileWizard
LogPluginManager: Mounting plugin SpeedTreeImporter
LogPluginManager: Mounting plugin DatasmithContent
LogPluginManager: Mounting plugin VariantManagerContent
LogPluginManager: Mounting plugin AlembicImporter
LogPluginManager: Mounting plugin AutomationUtils
LogPluginManager: Mounting plugin BackChannel
LogPluginManager: Mounting plugin ChaosCloth
LogPluginManager: Mounting plugin ChaosClothEditor
LogPluginManager: Mounting plugin ChaosEditor
LogPluginManager: Mounting plugin ChaosNiagara
LogPluginManager: Mounting plugin ChaosSolverPlugin
LogPluginManager: Mounting plugin CharacterAI
LogPluginManager: Mounting plugin GeometryCollectionPlugin
LogPluginManager: Mounting plugin GeometryProcessing
LogPluginManager: Mounting plugin MotoSynth
LogPluginManager: Mounting plugin PlatformCrypto
LogPluginManager: Mounting plugin ProxyLODPlugin
LogPluginManager: Mounting plugin PythonScriptPlugin
LogPluginManager: Mounting plugin PlanarCut
LogPluginManager: Mounting plugin SkeletalReduction
LogPluginManager: Mounting plugin Niagara
LogPluginManager: Mounting plugin LuminPlatformFeatures
LogPluginManager: Mounting plugin MagicLeap
LogPluginManager: Mounting plugin MagicLeapLightEstimation
LogPluginManager: Mounting plugin OpenImageDenoise
LogPluginManager: Mounting plugin MagicLeapMedia
LogPluginManager: Mounting plugin MagicLeapPassableWorld
LogPluginManager: Mounting plugin MLSDK
LogPluginManager: Mounting plugin AndroidMedia
LogPluginManager: Mounting plugin AvfMedia
LogPluginManager: Mounting plugin ImgMedia
LogPluginManager: Mounting plugin MediaCompositing
LogPluginManager: Mounting plugin GeometryCache
LogPluginManager: Mounting plugin MediaPlayerEditor
LogPluginManager: Mounting plugin WebMMedia
LogPluginManager: Mounting plugin WmfMedia
LogPluginManager: Mounting plugin ActorSequence
LogPluginManager: Mounting plugin LevelSequenceEditor
LogPluginManager: Mounting plugin MatineeToLevelSequence
LogPluginManager: Mounting plugin TemplateSequence
LogPluginManager: Mounting plugin TcpMessaging
LogPluginManager: Mounting plugin UdpMessaging
LogPluginManager: Mounting plugin OnlineSubsystemNull
LogPluginManager: Mounting plugin OnlineSubsystemUtils
LogPluginManager: Mounting plugin LauncherChunkInstaller
LogPluginManager: Mounting plugin ActorLayerUtilities
LogPluginManager: Mounting plugin AndroidDeviceProfileSelector
LogPluginManager: Mounting plugin AndroidMoviePlayer
LogPluginManager: Mounting plugin AndroidPermission
LogPluginManager: Mounting plugin AppleMoviePlayer
LogPluginManager: Mounting plugin AppleImageUtils
LogPluginManager: Mounting plugin ArchVisCharacter
LogPluginManager: Mounting plugin AudioCapture
LogPluginManager: Mounting plugin AudioSynesthesia
LogPluginManager: Mounting plugin AssetTags
LogPluginManager: Mounting plugin ChunkDownloader
LogPluginManager: Mounting plugin CustomMeshComponent
LogPluginManager: Mounting plugin CableComponent
LogPluginManager: Mounting plugin EditableMesh
LogPluginManager: Mounting plugin ExampleDeviceProfileSelector
LogPluginManager: Mounting plugin GoogleCloudMessaging
LogPluginManager: Mounting plugin GooglePAD
LogPluginManager: Mounting plugin IOSDeviceProfileSelector
LogPluginManager: Mounting plugin LocationServicesBPLibrary
LogPluginManager: Mounting plugin LinuxDeviceProfileSelector
LogPluginManager: Mounting plugin MobilePatchingUtils
LogPluginManager: Mounting plugin OnlineSubsystem
LogPluginManager: Mounting plugin OpenXREyeTracker
LogPluginManager: Mounting plugin OpenXRHandTracking
LogPluginManager: Mounting plugin OpenXR
LogPluginManager: Mounting plugin FunctionalTestingEditor
LogPluginManager: Mounting plugin ScreenshotTools
LogPluginManager: Mounting plugin PostSplashScreen
LogPluginManager: Mounting plugin ProceduralMeshComponent
LogPluginManager: Mounting plugin PropertyAccessEditor
LogPluginManager: Mounting plugin RuntimePhysXCooking
LogPluginManager: Mounting plugin SignificanceManager
LogPluginManager: Mounting plugin SoundFields
LogPluginManager: Mounting plugin Synthesis
LogPluginManager: Mounting plugin PhysXVehicles
LogPluginManager: Mounting plugin WebMMoviePlayer
LogPluginManager: Mounting plugin WindowsMoviePlayer
LogPluginManager: Mounting plugin Takes
LogPluginManager: Mounting plugin AssetManagerEditor
LogPluginManager: Mounting plugin ContentBrowserClassDataSource
LogPluginManager: Mounting plugin ContentBrowserFileDataSource
LogPluginManager: Mounting plugin ContentBrowserAssetDataSource
LogPluginManager: Mounting plugin OnlineSubsystemGooglePlay
LogPluginManager: Mounting plugin OnlineSubsystemIOS
LogPluginManager: Mounting plugin OculusVR
LogPluginManager: Mounting plugin SteamVR
LogPluginManager: Mounting plugin CalculatorEBNF
PixWinPlugin: PIX capture plugin failed to initialize! Check that the process is launched from PIX.
LogInit: Using libcurl 7.55.1-DEV
LogInit:  - built for x86_64-pc-win32
LogInit:  - supports SSL with OpenSSL/1.1.1
LogInit:  - supports HTTP deflate (compression) using libz 1.2.8
LogInit:  - other features:
LogInit:      CURL_VERSION_SSL
LogInit:      CURL_VERSION_LIBZ
LogInit:      CURL_VERSION_IPV6
LogInit:      CURL_VERSION_ASYNCHDNS
LogInit:      CURL_VERSION_LARGEFILE
LogInit:      CURL_VERSION_IDN
LogInit:  CurlRequestOptions (configurable via config and command line):
LogInit:  - bVerifyPeer = true  - Libcurl will verify peer certificate
LogInit:  - bUseHttpProxy = false  - Libcurl will NOT use HTTP proxy
LogInit:  - bDontReuseConnections = false  - Libcurl will reuse connections
LogInit:  - MaxHostConnections = 16  - Libcurl will limit the number of connections to a host
LogInit:  - LocalHostAddr = Default
LogInit:  - BufferSize = 65536
LogOnline: OSS: Creating online subsystem instance for: NULL
LogInit: WinSock: version 1.1 (2.2), MaxSocks=32767, MaxUdp=65467
LogOnline: OSS: TryLoadSubsystemAndSetDefault: Loaded subsystem for module [NULL]
LogOculusPluginWrapper: OculusPlugin initialized successfully
LogHMD: Failed initializing OVRPlugin 1.59.0
LogInit: Build: ++UE4+Release-4.27-CL-18319896
LogInit: Engine Version: 4.27.2-18319896+++UE4+Release-4.27
LogInit: Compatible Engine Version: 4.27.0-17155196+++UE4+Release-4.27
LogInit: Net CL: 17155196
LogInit: OS: Windows 10 (Release 2009) (), CPU: Intel(R) Core(TM) i5-10300H CPU @ 2.50GHz, GPU: Intel(R) UHD Graphics
LogInit: Compiled (64-bit): Nov 30 2021 07:12:08
LogInit: Compiled with Visual C++: 19.24.28315.00
LogInit: Build Configuration: Development
LogInit: Branch Name: ++UE4+Release-4.27
LogInit: Command Line:  -skipcompile
LogInit: Base Directory: C:/Program Files/Epic Games/UE_4.27/Engine/Binaries/Win64/
LogInit: Allocator: TBB
LogInit: Installed Engine Build: 1
LogDevObjectVersion: Number of dev versions registered: 29
LogDevObjectVersion:   Dev-Blueprints (B0D832E4-1F89-4F0D-ACCF-7EB736FD4AA2): 10
LogDevObjectVersion:   Dev-Build (E1C64328-A22C-4D53-A36C-8E866417BD8C): 0
LogDevObjectVersion:   Dev-Core (375EC13C-06E4-48FB-B500-84F0262A717E): 4
LogDevObjectVersion:   Dev-Editor (E4B068ED-F494-42E9-A231-DA0B2E46BB41): 40
LogDevObjectVersion:   Dev-Framework (CFFC743F-43B0-4480-9391-14DF171D2073): 37
LogDevObjectVersion:   Dev-Mobile (B02B49B5-BB20-44E9-A304-32B752E40360): 3
LogDevObjectVersion:   Dev-Networking (A4E4105C-59A1-49B5-A7C5-40C4547EDFEE): 0
LogDevObjectVersion:   Dev-Online (39C831C9-5AE6-47DC-9A44-9C173E1C8E7C): 0
LogDevObjectVersion:   Dev-Physics (78F01B33-EBEA-4F98-B9B4-84EACCB95AA2): 14
LogDevObjectVersion:   Dev-Platform (6631380F-2D4D-43E0-8009-CF276956A95A): 0
LogDevObjectVersion:   Dev-Rendering (12F88B9F-8875-4AFC-A67C-D90C383ABD29): 45
LogDevObjectVersion:   Dev-Sequencer (7B5AE74C-D270-4C10-A958-57980B212A5A): 13
LogDevObjectVersion:   Dev-VR (D7296918-1DD6-4BDD-9DE2-64A83CC13884): 3
LogDevObjectVersion:   Dev-LoadTimes (C2A15278-BFE7-4AFE-6C17-90FF531DF755): 1
LogDevObjectVersion:   Private-Geometry (6EACA3D4-40EC-4CC1-B786-8BED09428FC5): 3
LogDevObjectVersion:   Dev-AnimPhys (29E575DD-E0A3-4627-9D10-D276232CDCEA): 17
LogDevObjectVersion:   Dev-Anim (AF43A65D-7FD3-4947-9873-3E8ED9C1BB05): 15
LogDevObjectVersion:   Dev-ReflectionCapture (6B266CEC-1EC7-4B8F-A30B-E4D90942FC07): 1
LogDevObjectVersion:   Dev-Automation (0DF73D61-A23F-47EA-B727-89E90C41499A): 1
LogDevObjectVersion:   FortniteMain (601D1886-AC64-4F84-AA16-D3DE0DEAC7D6): 47
LogDevObjectVersion:   FortniteRelease (E7086368-6B23-4C58-8439-1B7016265E91): 1
LogDevObjectVersion:   Dev-Enterprise (9DFFBCD6-494F-0158-E221-12823C92A888): 10
LogDevObjectVersion:   Dev-Niagara (F2AED0AC-9AFE-416F-8664-AA7FFA26D6FC): 1
LogDevObjectVersion:   Dev-Destruction (174F1F0B-B4C6-45A5-B13F-2EE8D0FB917D): 10
LogDevObjectVersion:   Dev-Physics-Ext (35F94A83-E258-406C-A318-09F59610247C): 41
LogDevObjectVersion:   Dev-PhysicsMaterial-Chaos (B68FC16E-8B1B-42E2-B453-215C058844FE): 1
LogDevObjectVersion:   Dev-CineCamera (B2E18506-4273-CFC2-A54E-F4BB758BBA07): 1
LogDevObjectVersion:   Dev-VirtualProduction (64F58936-FD1B-42BA-BA96-7289D5D0FA4E): 1
LogDevObjectVersion:   Dev-MediaFramework (6F0ED827-A609-4895-9C91-998D90180EA4): 2
LogInit: Presizing for max 25165824 objects, including 0 objects not considered by GC, pre-allocating 0 bytes for permanent pool.
LogConfig: Applying CVar settings from Section [/Script/Engine.StreamingSettings] File [C:/My/Projects/UE4/UE_Learning/HW_2/Saved/Config/Windows/Engine.ini]
LogConfig: Setting CVar [[s.MinBulkDataSizeForAsyncLoading:131072]]
LogConfig: Setting CVar [[s.AsyncLoadingThreadEnabled:0]]
LogConfig: Setting CVar [[s.EventDrivenLoaderEnabled:1]]
LogConfig: Setting CVar [[s.WarnIfTimeLimitExceeded:0]]
LogConfig: Setting CVar [[s.TimeLimitExceededMultiplier:1.5]]
LogConfig: Setting CVar [[s.TimeLimitExceededMinTime:0.005]]
LogConfig: Setting CVar [[s.UseBackgroundLevelStreaming:1]]
LogConfig: Setting CVar [[s.PriorityAsyncLoadingExtraTime:15.0]]
LogConfig: Setting CVar [[s.LevelStreamingActorsUpdateTimeLimit:5.0]]
LogConfig: Setting CVar [[s.PriorityLevelStreamingActorsUpdateExtraTime:5.0]]
LogConfig: Setting CVar [[s.LevelStreamingComponentsRegistrationGranularity:10]]
LogConfig: Setting CVar [[s.UnregisterComponentsTimeLimit:1.0]]
LogConfig: Setting CVar [[s.LevelStreamingComponentsUnregistrationGranularity:5]]
LogConfig: Setting CVar [[s.FlushStreamingOnExit:1]]
LogInit: Object subsystem initialized
LogConfig: Setting CVar [[con.DebugEarlyDefault:1]]
LogConfig: Setting CVar [[r.setres:1280x720]]
[2022.06.18-20.27.30:805][  0]LogConfig: Setting CVar [[r.VSync:0]]
[2022.06.18-20.27.30:805][  0]LogConfig: Setting CVar [[r.RHICmdBypass:0]]
[2022.06.18-20.27.30:805][  0]LogConfig: Applying CVar settings from Section [/Script/Engine.RendererSettings] File [C:/My/Projects/UE4/UE_Learning/HW_2/Saved/Config/Windows/Engine.ini]
[2022.06.18-20.27.30:805][  0]LogConfig: Setting CVar [[r.GPUCrashDebugging:0]]
[2022.06.18-20.27.30:805][  0]LogConfig: Applying CVar settings from Section [/Script/Engine.RendererOverrideSettings] File [C:/My/Projects/UE4/UE_Learning/HW_2/Saved/Config/Windows/Engine.ini]
[2022.06.18-20.27.30:805][  0]LogConfig: Applying CVar settings from Section [/Script/Engine.StreamingSettings] File [C:/My/Projects/UE4/UE_Learning/HW_2/Saved/Config/Windows/Engine.ini]
[2022.06.18-20.27.30:805][  0]LogConfig: Setting CVar [[s.MinBulkDataSizeForAsyncLoading:131072]]
[2022.06.18-20.27.30:805][  0]LogConfig: Setting CVar [[s.AsyncLoadingThreadEnabled:0]]
[2022.06.18-20.27.30:806][  0]LogConfig: Setting CVar [[s.EventDrivenLoaderEnabled:1]]
[2022.06.18-20.27.30:806][  0]LogConfig: Setting CVar [[s.WarnIfTimeLimitExceeded:0]]
[2022.06.18-20.27.30:806][  0]LogConfig: Setting CVar [[s.TimeLimitExceededMultiplier:1.5]]
[2022.06.18-20.27.30:806][  0]LogConfig: Setting CVar [[s.TimeLimitExceededMinTime:0.005]]
[2022.06.18-20.27.30:806][  0]LogConfig: Setting CVar [[s.UseBackgroundLevelStreaming:1]]
[2022.06.18-20.27.30:806][  0]LogConfig: Setting CVar [[s.PriorityAsyncLoadingExtraTime:15.0]]
[2022.06.18-20.27.30:806][  0]LogConfig: Setting CVar [[s.LevelStreamingActorsUpdateTimeLimit:5.0]]
[2022.06.18-20.27.30:806][  0]LogConfig: Setting CVar [[s.PriorityLevelStreamingActorsUpdateExtraTime:5.0]]
[2022.06.18-20.27.30:806][  0]LogConfig: Setting CVar [[s.LevelStreamingComponentsRegistrationGranularity:10]]
[2022.06.18-20.27.30:806][  0]LogConfig: Setting CVar [[s.UnregisterComponentsTimeLimit:1.0]]
[2022.06.18-20.27.30:806][  0]LogConfig: Setting CVar [[s.LevelStreamingComponentsUnregistrationGranularity:5]]
[2022.06.18-20.27.30:806][  0]LogConfig: Setting CVar [[s.FlushStreamingOnExit:1]]
[2022.06.18-20.27.30:806][  0]LogConfig: Applying CVar settings from Section [/Script/Engine.GarbageCollectionSettings] File [C:/My/Projects/UE4/UE_Learning/HW_2/Saved/Config/Windows/Engine.ini]
[2022.06.18-20.27.30:806][  0]LogConfig: Setting CVar [[gc.MaxObjectsNotConsideredByGC:1]]
[2022.06.18-20.27.30:806][  0]LogConfig: Setting CVar [[gc.SizeOfPermanentObjectPool:0]]
[2022.06.18-20.27.30:806][  0]LogConfig: Setting CVar [[gc.FlushStreamingOnGC:0]]
[2022.06.18-20.27.30:806][  0]LogConfig: Setting CVar [[gc.NumRetriesBeforeForcingGC:10]]
[2022.06.18-20.27.30:806][  0]LogConfig: Setting CVar [[gc.AllowParallelGC:1]]
[2022.06.18-20.27.30:806][  0]LogConfig: Setting CVar [[gc.TimeBetweenPurgingPendingKillObjects:61.1]]
[2022.06.18-20.27.30:806][  0]LogConfig: Setting CVar [[gc.MaxObjectsInEditor:25165824]]
[2022.06.18-20.27.30:806][  0]LogConfig: Setting CVar [[gc.IncrementalBeginDestroyEnabled:1]]
[2022.06.18-20.27.30:806][  0]LogConfig: Setting CVar [[gc.CreateGCClusters:1]]
[2022.06.18-20.27.30:806][  0]LogConfig: Setting CVar [[gc.MinGCClusterSize:5]]
[2022.06.18-20.27.30:806][  0]LogConfig: Setting CVar [[gc.ActorClusteringEnabled:0]]
[2022.06.18-20.27.30:806][  0]LogConfig: Setting CVar [[gc.BlueprintClusteringEnabled:0]]
[2022.06.18-20.27.30:806][  0]LogConfig: Setting CVar [[gc.UseDisregardForGCOnDedicatedServers:0]]
[2022.06.18-20.27.30:806][  0]LogConfig: Setting CVar [[gc.MultithreadedDestructionEnabled:1]]
[2022.06.18-20.27.30:806][  0]LogConfig: Applying CVar settings from Section [/Script/Engine.NetworkSettings] File [C:/My/Projects/UE4/UE_Learning/HW_2/Saved/Config/Windows/Engine.ini]
[2022.06.18-20.27.30:807][  0]LogConfig: Applying CVar settings from Section [/Script/UnrealEd.CookerSettings] File [C:/My/Projects/UE4/UE_Learning/HW_2/Saved/Config/Windows/Engine.ini]
[2022.06.18-20.27.30:823][  0]LogConfig: Applying CVar settings from Section [ViewDistanceQuality@3] File [C:/My/Projects/UE4/UE_Learning/HW_2/Saved/Config/Windows/Scalability.ini]
[2022.06.18-20.27.30:823][  0]LogConfig: Setting CVar [[r.SkeletalMeshLODBias:0]]
[2022.06.18-20.27.30:823][  0]LogConfig: Setting CVar [[r.ViewDistanceScale:1.0]]
[2022.06.18-20.27.30:823][  0]LogConfig: Applying CVar settings from Section [AntiAliasingQuality@3] File [C:/My/Projects/UE4/UE_Learning/HW_2/Saved/Config/Windows/Scalability.ini]
[2022.06.18-20.27.30:823][  0]LogConfig: Setting CVar [[r.PostProcessAAQuality:4]]
[2022.06.18-20.27.30:823][  0]LogConfig: Applying CVar settings from Section [ShadowQuality@3] File [C:/My/Projects/UE4/UE_Learning/HW_2/Saved/Config/Windows/Scalability.ini]
[2022.06.18-20.27.30:823][  0]LogConfig: Setting CVar [[r.LightFunctionQuality:1]]
[2022.06.18-20.27.30:823][  0]LogConfig: Setting CVar [[r.ShadowQuality:5]]
[2022.06.18-20.27.30:823][  0]LogConfig: Setting CVar [[r.Shadow.CSM.MaxCascades:10]]
[2022.06.18-20.27.30:823][  0]LogConfig: Setting CVar [[r.Shadow.MaxResolution:2048]]
[2022.06.18-20.27.30:823][  0]LogConfig: Setting CVar [[r.Shadow.MaxCSMResolution:2048]]
[2022.06.18-20.27.30:823][  0]LogConfig: Setting CVar [[r.Shadow.RadiusThreshold:0.01]]
[2022.06.18-20.27.30:823][  0]LogConfig: Setting CVar [[r.Shadow.DistanceScale:1.0]]
[2022.06.18-20.27.30:823][  0]LogConfig: Setting CVar [[r.Shadow.CSM.TransitionScale:1.0]]
[2022.06.18-20.27.30:823][  0]LogConfig: Setting CVar [[r.Shadow.PreShadowResolutionFactor:1.0]]
[2022.06.18-20.27.30:823][  0]LogConfig: Setting CVar [[r.DistanceFieldShadowing:1]]
[2022.06.18-20.27.30:823][  0]LogConfig: Setting CVar [[r.DistanceFieldAO:1]]
[2022.06.18-20.27.30:823][  0]LogConfig: Setting CVar [[r.AOQuality:2]]
[2022.06.18-20.27.30:823][  0]LogConfig: Setting CVar [[r.VolumetricFog:1]]
[2022.06.18-20.27.30:824][  0]LogConfig: Setting CVar [[r.VolumetricFog.GridPixelSize:8]]
[2022.06.18-20.27.30:824][  0]LogConfig: Setting CVar [[r.VolumetricFog.GridSizeZ:128]]
[2022.06.18-20.27.30:824][  0]LogConfig: Setting CVar [[r.VolumetricFog.HistoryMissSupersampleCount:4]]
[2022.06.18-20.27.30:824][  0]LogConfig: Setting CVar [[r.LightMaxDrawDistanceScale:1]]
[2022.06.18-20.27.30:824][  0]LogConfig: Setting CVar [[r.CapsuleShadows:1]]
[2022.06.18-20.27.30:824][  0]LogConfig: Applying CVar settings from Section [PostProcessQuality@3] File [C:/My/Projects/UE4/UE_Learning/HW_2/Saved/Config/Windows/Scalability.ini]
[2022.06.18-20.27.30:824][  0]LogConfig: Setting CVar [[r.MotionBlurQuality:4]]
[2022.06.18-20.27.30:824][  0]LogConfig: Setting CVar [[r.AmbientOcclusionMipLevelFactor:0.4]]
[2022.06.18-20.27.30:824][  0]LogConfig: Setting CVar [[r.AmbientOcclusionMaxQuality:100]]
[2022.06.18-20.27.30:824][  0]LogConfig: Setting CVar [[r.AmbientOcclusionLevels:-1]]
[2022.06.18-20.27.30:824][  0]LogConfig: Setting CVar [[r.AmbientOcclusionRadiusScale:1.0]]
[2022.06.18-20.27.30:824][  0]LogConfig: Setting CVar [[r.DepthOfFieldQuality:2]]
[2022.06.18-20.27.30:824][  0]LogConfig: Setting CVar [[r.RenderTargetPoolMin:400]]
[2022.06.18-20.27.30:824][  0]LogConfig: Setting CVar [[r.LensFlareQuality:2]]
[2022.06.18-20.27.30:824][  0]LogConfig: Setting CVar [[r.SceneColorFringeQuality:1]]
[2022.06.18-20.27.30:824][  0]LogConfig: Setting CVar [[r.EyeAdaptationQuality:2]]
[2022.06.18-20.27.30:824][  0]LogConfig: Setting CVar [[r.BloomQuality:5]]
[2022.06.18-20.27.30:824][  0]LogConfig: Setting CVar [[r.FastBlurThreshold:100]]
[2022.06.18-20.27.30:824][  0]LogConfig: Setting CVar [[r.Upscale.Quality:3]]
[2022.06.18-20.27.30:824][  0]LogConfig: Setting CVar [[r.Tonemapper.GrainQuantization:1]]
[2022.06.18-20.27.30:824][  0]LogConfig: Setting CVar [[r.LightShaftQuality:1]]
[2022.06.18-20.27.30:824][  0]LogConfig: Setting CVar [[r.Filter.SizeScale:1]]
[2022.06.18-20.27.30:825][  0]LogConfig: Setting CVar [[r.Tonemapper.Quality:5]]
[2022.06.18-20.27.30:825][  0]LogConfig: Setting CVar [[r.DOF.Gather.AccumulatorQuality:1        ; higher gathering accumulator quality]]
[2022.06.18-20.27.30:825][  0]LogConfig: Setting CVar [[r.DOF.Gather.PostfilterMethod:1          ; Median3x3 postfilering method]]
[2022.06.18-20.27.30:825][  0]LogConfig: Setting CVar [[r.DOF.Gather.EnableBokehSettings:0       ; no bokeh simulation when gathering]]
[2022.06.18-20.27.30:825][  0]LogConfig: Setting CVar [[r.DOF.Gather.RingCount:4                 ; medium number of samples when gathering]]
[2022.06.18-20.27.30:825][  0]LogConfig: Setting CVar [[r.DOF.Scatter.ForegroundCompositing:1    ; additive foreground scattering]]
[2022.06.18-20.27.30:825][  0]LogConfig: Setting CVar [[r.DOF.Scatter.BackgroundCompositing:2    ; additive background scattering]]
[2022.06.18-20.27.30:825][  0]LogConfig: Setting CVar [[r.DOF.Scatter.EnableBokehSettings:1      ; bokeh simulation when scattering]]
[2022.06.18-20.27.30:825][  0]LogConfig: Setting CVar [[r.DOF.Scatter.MaxSpriteRatio:0.1         ; only a maximum of 10% of scattered bokeh]]
[2022.06.18-20.27.30:825][  0]LogConfig: Setting CVar [[r.DOF.Recombine.Quality:1                ; cheap slight out of focus]]
[2022.06.18-20.27.30:825][  0]LogConfig: Setting CVar [[r.DOF.Recombine.EnableBokehSettings:0    ; no bokeh simulation on slight out of focus]]
[2022.06.18-20.27.30:825][  0]LogConfig: Setting CVar [[r.DOF.TemporalAAQuality:1                ; more stable temporal accumulation]]
[2022.06.18-20.27.30:825][  0]LogConfig: Setting CVar [[r.DOF.Kernel.MaxForegroundRadius:0.025]]
[2022.06.18-20.27.30:825][  0]LogConfig: Setting CVar [[r.DOF.Kernel.MaxBackgroundRadius:0.025]]
[2022.06.18-20.27.30:825][  0]LogConfig: Applying CVar settings from Section [TextureQuality@3] File [C:/My/Projects/UE4/UE_Learning/HW_2/Saved/Config/Windows/Scalability.ini]
[2022.06.18-20.27.30:825][  0]LogConfig: Setting CVar [[r.Streaming.MipBias:0]]
[2022.06.18-20.27.30:825][  0]LogConfig: Setting CVar [[r.Streaming.AmortizeCPUToGPUCopy:0]]
[2022.06.18-20.27.30:825][  0]LogConfig: Setting CVar [[r.Streaming.MaxNumTexturesToStreamPerFrame:0]]
[2022.06.18-20.27.30:825][  0]LogConfig: Setting CVar [[r.Streaming.Boost:1]]
[2022.06.18-20.27.30:825][  0]LogConfig: Setting CVar [[r.MaxAnisotropy:8]]
[2022.06.18-20.27.30:825][  0]LogConfig: Setting CVar [[r.VT.MaxAnisotropy:8]]
[2022.06.18-20.27.30:825][  0]LogConfig: Setting CVar [[r.Streaming.LimitPoolSizeToVRAM:0]]
[2022.06.18-20.27.30:825][  0]LogConfig: Setting CVar [[r.Streaming.PoolSize:1000]]
[2022.06.18-20.27.30:825][  0]LogConfig: Setting CVar [[r.Streaming.MaxEffectiveScreenSize:0]]
[2022.06.18-20.27.30:825][  0]LogConfig: Applying CVar settings from Section [EffectsQuality@3] File [C:/My/Projects/UE4/UE_Learning/HW_2/Saved/Config/Windows/Scalability.ini]
[2022.06.18-20.27.30:825][  0]LogConfig: Setting CVar [[r.TranslucencyLightingVolumeDim:64]]
[2022.06.18-20.27.30:825][  0]LogConfig: Setting CVar [[r.RefractionQuality:2]]
[2022.06.18-20.27.30:826][  0]LogConfig: Setting CVar [[r.SSR.Quality:3]]
[2022.06.18-20.27.30:826][  0]LogConfig: Setting CVar [[r.SSR.HalfResSceneColor:0]]
[2022.06.18-20.27.30:826][  0]LogConfig: Setting CVar [[r.SceneColorFormat:4]]
[2022.06.18-20.27.30:826][  0]LogConfig: Setting CVar [[r.DetailMode:2]]
[2022.06.18-20.27.30:826][  0]LogConfig: Setting CVar [[r.TranslucencyVolumeBlur:1]]
[2022.06.18-20.27.30:826][  0]LogConfig: Setting CVar [[r.MaterialQualityLevel:1 ; High quality]]
[2022.06.18-20.27.30:826][  0]LogConfig: Setting CVar [[r.AnisotropicMaterials:1]]
[2022.06.18-20.27.30:826][  0]LogConfig: Setting CVar [[r.SSS.Scale:1]]
[2022.06.18-20.27.30:826][  0]LogConfig: Setting CVar [[r.SSS.SampleSet:2]]
[2022.06.18-20.27.30:826][  0]LogConfig: Setting CVar [[r.SSS.Quality:1]]
[2022.06.18-20.27.30:826][  0]LogConfig: Setting CVar [[r.SSS.HalfRes:0]]
[2022.06.18-20.27.30:826][  0]LogConfig: Setting CVar [[r.SSGI.Quality:3]]
[2022.06.18-20.27.30:826][  0]LogConfig: Setting CVar [[r.EmitterSpawnRateScale:1.0]]
[2022.06.18-20.27.30:826][  0]LogConfig: Setting CVar [[r.ParticleLightQuality:2]]
[2022.06.18-20.27.30:826][  0]LogConfig: Setting CVar [[r.SkyAtmosphere.AerialPerspectiveLUT.FastApplyOnOpaque:1 ; Always have FastSkyLUT 1 in this case to avoid wrong sky]]
[2022.06.18-20.27.30:826][  0]LogConfig: Setting CVar [[r.SkyAtmosphere.AerialPerspectiveLUT.SampleCountMaxPerSlice:4]]
[2022.06.18-20.27.30:826][  0]LogConfig: Setting CVar [[r.SkyAtmosphere.AerialPerspectiveLUT.DepthResolution:16.0]]
[2022.06.18-20.27.30:826][  0]LogConfig: Setting CVar [[r.SkyAtmosphere.FastSkyLUT:1]]
[2022.06.18-20.27.30:826][  0]LogConfig: Setting CVar [[r.SkyAtmosphere.FastSkyLUT.SampleCountMin:4.0]]
[2022.06.18-20.27.30:826][  0]LogConfig: Setting CVar [[r.SkyAtmosphere.FastSkyLUT.SampleCountMax:128.0]]
[2022.06.18-20.27.30:826][  0]LogConfig: Setting CVar [[r.SkyAtmosphere.SampleCountMin:4.0]]
[2022.06.18-20.27.30:826][  0]LogConfig: Setting CVar [[r.SkyAtmosphere.SampleCountMax:128.0]]
[2022.06.18-20.27.30:826][  0]LogConfig: Setting CVar [[r.SkyAtmosphere.TransmittanceLUT.UseSmallFormat:0]]
[2022.06.18-20.27.30:826][  0]LogConfig: Setting CVar [[r.SkyAtmosphere.TransmittanceLUT.SampleCount:10.0]]
[2022.06.18-20.27.30:826][  0]LogConfig: Setting CVar [[r.SkyAtmosphere.MultiScatteringLUT.SampleCount:15.0]]
[2022.06.18-20.27.30:826][  0]LogConfig: Setting CVar [[r.SkyLight.RealTimeReflectionCapture:1]]
[2022.06.18-20.27.30:827][  0]LogConfig: Applying CVar settings from Section [FoliageQuality@3] File [C:/My/Projects/UE4/UE_Learning/HW_2/Saved/Config/Windows/Scalability.ini]
[2022.06.18-20.27.30:827][  0]LogConfig: Setting CVar [[foliage.DensityScale:1.0]]
[2022.06.18-20.27.30:827][  0]LogConfig: Setting CVar [[grass.DensityScale:1.0]]
[2022.06.18-20.27.30:827][  0]LogConfig: Applying CVar settings from Section [ShadingQuality@3] File [C:/My/Projects/UE4/UE_Learning/HW_2/Saved/Config/Windows/Scalability.ini]
[2022.06.18-20.27.30:827][  0]LogConfig: Setting CVar [[r.HairStrands.SkyLighting.IntegrationType:2]]
[2022.06.18-20.27.30:827][  0]LogConfig: Setting CVar [[r.HairStrands.SkyAO.SampleCount:4]]
[2022.06.18-20.27.30:827][  0]LogConfig: Setting CVar [[r.HairStrands.Visibility.MSAA.SamplePerPixel:4]]
[2022.06.18-20.27.30:827][  0]LogInit: Selected Device Profile: [Windows]
[2022.06.18-20.27.30:828][  0]LogInit: Applying CVar settings loaded from the selected device profile: [Windows]
[2022.06.18-20.27.30:829][  0]LogHAL: Display: Platform has ~ 8 GB [8412778496 / 8589934592 / 8], which maps to Default [LargestMinGB=32, LargerMinGB=12, DefaultMinGB=8, SmallerMinGB=6, SmallestMinGB=0)
[2022.06.18-20.27.30:829][  0]LogInit: Going up to parent DeviceProfile []
[2022.06.18-20.27.30:829][  0]LogConfig: Applying CVar settings from Section [ViewDistanceQuality@0] File [C:/My/Projects/UE4/UE_Learning/HW_2/Saved/Config/Windows/Scalability.ini]
[2022.06.18-20.27.30:829][  0]LogConfig: Setting CVar [[r.SkeletalMeshLODBias:2]]
[2022.06.18-20.27.30:829][  0]LogConfig: Setting CVar [[r.ViewDistanceScale:0.4]]
[2022.06.18-20.27.30:829][  0]LogConfig: Applying CVar settings from Section [AntiAliasingQuality@0] File [C:/My/Projects/UE4/UE_Learning/HW_2/Saved/Config/Windows/Scalability.ini]
[2022.06.18-20.27.30:829][  0]LogConfig: Setting CVar [[r.PostProcessAAQuality:0]]
[2022.06.18-20.27.30:829][  0]LogConfig: Applying CVar settings from Section [ShadowQuality@0] File [C:/My/Projects/UE4/UE_Learning/HW_2/Saved/Config/Windows/Scalability.ini]
[2022.06.18-20.27.30:829][  0]LogConfig: Setting CVar [[r.LightFunctionQuality:0]]
[2022.06.18-20.27.30:829][  0]LogConfig: Setting CVar [[r.ShadowQuality:0]]
[2022.06.18-20.27.30:829][  0]LogConfig: Setting CVar [[r.Shadow.CSM.MaxCascades:1]]
[2022.06.18-20.27.30:829][  0]LogConfig: Setting CVar [[r.Shadow.MaxResolution:512]]
[2022.06.18-20.27.30:829][  0]LogConfig: Setting CVar [[r.Shadow.MaxCSMResolution:512]]
[2022.06.18-20.27.30:829][  0]LogConfig: Setting CVar [[r.Shadow.RadiusThreshold:0.06]]
[2022.06.18-20.27.30:830][  0]LogConfig: Setting CVar [[r.Shadow.DistanceScale:0.6]]
[2022.06.18-20.27.30:830][  0]LogConfig: Setting CVar [[r.Shadow.CSM.TransitionScale:0]]
[2022.06.18-20.27.30:830][  0]LogConfig: Setting CVar [[r.Shadow.PreShadowResolutionFactor:0.5]]
[2022.06.18-20.27.30:830][  0]LogConfig: Setting CVar [[r.DistanceFieldShadowing:0]]
[2022.06.18-20.27.30:830][  0]LogConfig: Setting CVar [[r.DistanceFieldAO:0]]
[2022.06.18-20.27.30:830][  0]LogConfig: Setting CVar [[r.VolumetricFog:0]]
[2022.06.18-20.27.30:830][  0]LogConfig: Setting CVar [[r.LightMaxDrawDistanceScale:0]]
[2022.06.18-20.27.30:830][  0]LogConfig: Setting CVar [[r.CapsuleShadows:0]]
[2022.06.18-20.27.30:830][  0]LogConfig: Applying CVar settings from Section [PostProcessQuality@0] File [C:/My/Projects/UE4/UE_Learning/HW_2/Saved/Config/Windows/Scalability.ini]
[2022.06.18-20.27.30:830][  0]LogConfig: Setting CVar [[r.MotionBlurQuality:0]]
[2022.06.18-20.27.30:830][  0]LogConfig: Setting CVar [[r.AmbientOcclusionMipLevelFactor:1.0]]
[2022.06.18-20.27.30:830][  0]LogConfig: Setting CVar [[r.AmbientOcclusionMaxQuality:0]]
[2022.06.18-20.27.30:830][  0]LogConfig: Setting CVar [[r.AmbientOcclusionLevels:0]]
[2022.06.18-20.27.30:830][  0]LogConfig: Setting CVar [[r.AmbientOcclusionRadiusScale:1.2]]
[2022.06.18-20.27.30:830][  0]LogConfig: Setting CVar [[r.DepthOfFieldQuality:0]]
[2022.06.18-20.27.30:830][  0]LogConfig: Setting CVar [[r.RenderTargetPoolMin:300]]
[2022.06.18-20.27.30:830][  0]LogConfig: Setting CVar [[r.LensFlareQuality:0]]
[2022.06.18-20.27.30:830][  0]LogConfig: Setting CVar [[r.SceneColorFringeQuality:0]]
[2022.06.18-20.27.30:830][  0]LogConfig: Setting CVar [[r.EyeAdaptationQuality:2]]
[2022.06.18-20.27.30:830][  0]LogConfig: Setting CVar [[r.BloomQuality:4]]
[2022.06.18-20.27.30:830][  0]LogConfig: Setting CVar [[r.FastBlurThreshold:0]]
[2022.06.18-20.27.30:830][  0]LogConfig: Setting CVar [[r.Upscale.Quality:1]]
[2022.06.18-20.27.30:830][  0]LogConfig: Setting CVar [[r.Tonemapper.GrainQuantization:0]]
[2022.06.18-20.27.30:830][  0]LogConfig: Setting CVar [[r.LightShaftQuality:0]]
[2022.06.18-20.27.30:831][  0]LogConfig: Setting CVar [[r.Filter.SizeScale:0.6]]
[2022.06.18-20.27.30:831][  0]LogConfig: Setting CVar [[r.Tonemapper.Quality:0]]
[2022.06.18-20.27.30:831][  0]LogConfig: Applying CVar settings from Section [TextureQuality@0] File [C:/My/Projects/UE4/UE_Learning/HW_2/Saved/Config/Windows/Scalability.ini]
[2022.06.18-20.27.30:831][  0]LogConfig: Setting CVar [[r.Streaming.MipBias:16]]
[2022.06.18-20.27.30:831][  0]LogConfig: Setting CVar [[r.Streaming.AmortizeCPUToGPUCopy:1]]
[2022.06.18-20.27.30:831][  0]LogConfig: Setting CVar [[r.Streaming.MaxNumTexturesToStreamPerFrame:1]]
[2022.06.18-20.27.30:831][  0]LogConfig: Setting CVar [[r.Streaming.Boost:0.3]]
[2022.06.18-20.27.30:831][  0]LogConfig: Setting CVar [[r.MaxAnisotropy:0]]
[2022.06.18-20.27.30:831][  0]LogConfig: Setting CVar [[r.VT.MaxAnisotropy:4]]
[2022.06.18-20.27.30:831][  0]LogConfig: Setting CVar [[r.Streaming.LimitPoolSizeToVRAM:1]]
[2022.06.18-20.27.30:831][  0]LogConfig: Setting CVar [[r.Streaming.PoolSize:400]]
[2022.06.18-20.27.30:831][  0]LogConfig: Setting CVar [[r.Streaming.MaxEffectiveScreenSize:0]]
[2022.06.18-20.27.30:831][  0]LogConfig: Applying CVar settings from Section [EffectsQuality@0] File [C:/My/Projects/UE4/UE_Learning/HW_2/Saved/Config/Windows/Scalability.ini]
[2022.06.18-20.27.30:831][  0]LogConfig: Setting CVar [[r.TranslucencyLightingVolumeDim:24]]
[2022.06.18-20.27.30:831][  0]LogConfig: Setting CVar [[r.RefractionQuality:0]]
[2022.06.18-20.27.30:831][  0]LogConfig: Setting CVar [[r.SSR.Quality:0]]
[2022.06.18-20.27.30:831][  0]LogConfig: Setting CVar [[r.SSR.HalfResSceneColor:1]]
[2022.06.18-20.27.30:831][  0]LogConfig: Setting CVar [[r.SceneColorFormat:3]]
[2022.06.18-20.27.30:831][  0]LogConfig: Setting CVar [[r.DetailMode:0]]
[2022.06.18-20.27.30:831][  0]LogConfig: Setting CVar [[r.TranslucencyVolumeBlur:0]]
[2022.06.18-20.27.30:831][  0]LogConfig: Setting CVar [[r.MaterialQualityLevel:0 ; Low quality]]
[2022.06.18-20.27.30:831][  0]LogConfig: Setting CVar [[r.AnisotropicMaterials:0]]
[2022.06.18-20.27.30:831][  0]LogConfig: Setting CVar [[r.SSS.Scale:0]]
[2022.06.18-20.27.30:831][  0]LogConfig: Setting CVar [[r.SSS.SampleSet:0]]
[2022.06.18-20.27.30:831][  0]LogConfig: Setting CVar [[r.SSS.Quality:0]]
[2022.06.18-20.27.30:831][  0]LogConfig: Setting CVar [[r.SSS.HalfRes:1]]
[2022.06.18-20.27.30:831][  0]LogConfig: Setting CVar [[r.SSGI.Quality:0]]
[2022.06.18-20.27.30:831][  0]LogConfig: Setting CVar [[r.EmitterSpawnRateScale:0.125]]
[2022.06.18-20.27.30:832][  0]LogConfig: Setting CVar [[r.ParticleLightQuality:0]]
[2022.06.18-20.27.30:832][  0]LogConfig: Setting CVar [[r.SkyAtmosphere.AerialPerspectiveLUT.FastApplyOnOpaque:1 ; Always have FastSkyLUT 1 in this case to avoid wrong sky]]
[2022.06.18-20.27.30:832][  0]LogConfig: Setting CVar [[r.SkyAtmosphere.AerialPerspectiveLUT.SampleCountMaxPerSlice:1]]
[2022.06.18-20.27.30:832][  0]LogConfig: Setting CVar [[r.SkyAtmosphere.AerialPerspectiveLUT.DepthResolution:8.0]]
[2022.06.18-20.27.30:832][  0]LogConfig: Setting CVar [[r.SkyAtmosphere.FastSkyLUT:1]]
[2022.06.18-20.27.30:832][  0]LogConfig: Setting CVar [[r.SkyAtmosphere.FastSkyLUT.SampleCountMin:2.0]]
[2022.06.18-20.27.30:832][  0]LogConfig: Setting CVar [[r.SkyAtmosphere.FastSkyLUT.SampleCountMax:16.0]]
[2022.06.18-20.27.30:832][  0]LogConfig: Setting CVar [[r.SkyAtmosphere.SampleCountMin:2.0]]
[2022.06.18-20.27.30:832][  0]LogConfig: Setting CVar [[r.SkyAtmosphere.SampleCountMax:16.0]]
[2022.06.18-20.27.30:832][  0]LogConfig: Setting CVar [[r.SkyAtmosphere.TransmittanceLUT.UseSmallFormat:1]]
[2022.06.18-20.27.30:832][  0]LogConfig: Setting CVar [[r.SkyAtmosphere.TransmittanceLUT.SampleCount:10.0]]
[2022.06.18-20.27.30:832][  0]LogConfig: Setting CVar [[r.SkyAtmosphere.MultiScatteringLUT.SampleCount:15.0]]
[2022.06.18-20.27.30:832][  0]LogConfig: Setting CVar [[r.SkyLight.RealTimeReflectionCapture:0]]
[2022.06.18-20.27.30:832][  0]LogConfig: Applying CVar settings from Section [FoliageQuality@0] File [C:/My/Projects/UE4/UE_Learning/HW_2/Saved/Config/Windows/Scalability.ini]
[2022.06.18-20.27.30:832][  0]LogConfig: Setting CVar [[foliage.DensityScale:0]]
[2022.06.18-20.27.30:832][  0]LogConfig: Setting CVar [[grass.DensityScale:0]]
[2022.06.18-20.27.30:832][  0]LogConfig: Applying CVar settings from Section [ShadingQuality@0] File [C:/My/Projects/UE4/UE_Learning/HW_2/Saved/Config/Windows/Scalability.ini]
[2022.06.18-20.27.30:832][  0]LogConfig: Setting CVar [[r.HairStrands.SkyLighting.IntegrationType:2]]
[2022.06.18-20.27.30:832][  0]LogConfig: Setting CVar [[r.HairStrands.SkyAO.SampleCount:4]]
[2022.06.18-20.27.30:832][  0]LogConfig: Setting CVar [[r.HairStrands.Visibility.MSAA.SamplePerPixel:1]]
[2022.06.18-20.27.30:832][  0]LogConfig: Applying CVar settings from Section [Startup] File [../../../Engine/Config/ConsoleVariables.ini]
[2022.06.18-20.27.30:834][  0]LogConfig: Setting CVar [[net.UseAdaptiveNetUpdateFrequency:0]]
[2022.06.18-20.27.30:834][  0]LogConfig: Setting CVar [[p.chaos.AllowCreatePhysxBodies:1]]
[2022.06.18-20.27.30:834][  0]LogConfig: Setting CVar [[fx.SkipVectorVMBackendOptimizations:1]]
[2022.06.18-20.27.30:834][  0]LogConfig: Applying CVar settings from Section [ConsoleVariables] File [C:/My/Projects/UE4/UE_Learning/HW_2/Saved/Config/Windows/Engine.ini]
[2022.06.18-20.27.30:834][  0]LogConfig: Applying CVar settings from Section [ConsoleVariables] File [C:/My/Projects/UE4/UE_Learning/HW_2/Saved/Config/Windows/Editor.ini]
[2022.06.18-20.27.30:840][  0]LogInit: Computer: DESKTOP-Q7GCBOU
[2022.06.18-20.27.30:840][  0]LogInit: User: NITRO
[2022.06.18-20.27.30:840][  0]LogInit: CPU Page size=4096, Cores=4
[2022.06.18-20.27.30:840][  0]LogInit: High frequency timer resolution =10.000000 MHz
[2022.06.18-20.27.30:841][  0]LogMemory: Memory total: Physical=7.8GB (8GB approx)
[2022.06.18-20.27.30:841][  0]LogMemory: Platform Memory Stats for Windows
[2022.06.18-20.27.30:841][  0]LogMemory: Process Physical Memory: 142.43 MB used, 142.43 MB peak
[2022.06.18-20.27.30:841][  0]LogMemory: Process Virtual Memory: 114.49 MB used, 114.49 MB peak
[2022.06.18-20.27.30:841][  0]LogMemory: Physical Memory: 6975.82 MB used,  1047.23 MB free, 8023.05 MB total
[2022.06.18-20.27.30:841][  0]LogMemory: Virtual Memory: 134213512.00 MB used,  4215.36 MB free, 134217728.00 MB total
[2022.06.18-20.27.30:851][  0]LogWindows: WindowsPlatformFeatures enabled
[2022.06.18-20.27.31:065][  0]LogInit: Physics initialised using underlying interface: PhysX
[2022.06.18-20.27.31:068][  0]LogInit: Using OS detected language (uk-UA).
[2022.06.18-20.27.31:068][  0]LogInit: Using OS detected locale (uk-UA).
[2022.06.18-20.27.31:076][  0]LogTextLocalizationManager: No localization for 'uk-UA' exists, so 'en' will be used for the language.
[2022.06.18-20.27.31:353][  0]LogInit: Setting process to per monitor DPI aware
[2022.06.18-20.27.31:383][  0]LogWindowsTextInputMethodSystem: Display: IME system deactivated.
[2022.06.18-20.27.31:421][  0]LogSlate: New Slate User Created.  User Index 0, Is Virtual User: 0
[2022.06.18-20.27.31:421][  0]LogSlate: Slate User Registered.  User Index 0, Is Virtual User: 0
[2022.06.18-20.27.31:650][  0]LogD3D11RHI: Loaded GFSDK_Aftermath_Lib.x64.dll
[2022.06.18-20.27.31:670][  0]LogHMD: Failed to initialize OpenVR with code 110
[2022.06.18-20.27.31:670][  0]LogD3D11RHI: D3D11 min allowed feature level: 11_0
[2022.06.18-20.27.31:670][  0]LogD3D11RHI: D3D11 max allowed feature level: 11_0
[2022.06.18-20.27.31:670][  0]LogD3D11RHI: D3D11 adapters:
[2022.06.18-20.27.31:816][  0]LogD3D11RHI:    0. 'NVIDIA GeForce GTX 1650 Ti' (Feature Level 11_0)
[2022.06.18-20.27.31:816][  0]LogD3D11RHI:       3962/0/4011 MB DedicatedVideo/DedicatedSystem/SharedSystem, Outputs:2, VendorId:0x10de
[2022.06.18-20.27.31:857][  0]LogD3D11RHI:    1. 'Intel(R) UHD Graphics' (Feature Level 11_0)
[2022.06.18-20.27.31:857][  0]LogD3D11RHI:       128/0/4011 MB DedicatedVideo/DedicatedSystem/SharedSystem, Outputs:0, VendorId:0x8086
[2022.06.18-20.27.31:866][  0]LogD3D11RHI:    2. 'Microsoft Basic Render Driver' (Feature Level 11_0)
[2022.06.18-20.27.31:866][  0]LogD3D11RHI:       0/0/4011 MB DedicatedVideo/DedicatedSystem/SharedSystem, Outputs:0, VendorId:0x1414
[2022.06.18-20.27.31:866][  0]LogD3D11RHI: Chosen D3D11 Adapter:
[2022.06.18-20.27.31:866][  0]LogD3D11RHI:     Description : NVIDIA GeForce GTX 1650 Ti
[2022.06.18-20.27.31:866][  0]LogD3D11RHI:     VendorId    : 10de
[2022.06.18-20.27.31:866][  0]LogD3D11RHI:     DeviceId    : 1f95
[2022.06.18-20.27.31:866][  0]LogD3D11RHI:     SubSysId    : 143e1025
[2022.06.18-20.27.31:866][  0]LogD3D11RHI:     Revision    : 00a1
[2022.06.18-20.27.31:866][  0]LogD3D11RHI:     DedicatedVideoMemory : 4154458112 bytes
[2022.06.18-20.27.31:866][  0]LogD3D11RHI:     DedicatedSystemMemory : 0 bytes
[2022.06.18-20.27.31:866][  0]LogD3D11RHI:     SharedSystemMemory : 4206389248 bytes
[2022.06.18-20.27.31:866][  0]LogD3D11RHI:     AdapterLuid : 0 79825
[2022.06.18-20.27.31:872][  0]LogD3D11RHI: Creating new Direct3DDevice
[2022.06.18-20.27.31:873][  0]LogD3D11RHI:     GPU DeviceId: 0x1f95 (for the marketing name, search the web for "GPU Device Id")
[2022.06.18-20.27.31:873][  0]LogWindows: EnumDisplayDevices:
[2022.06.18-20.27.31:873][  0]LogWindows:    0. 'Intel(R) UHD Graphics' (P:1 D:1)
[2022.06.18-20.27.31:873][  0]LogWindows:    1. 'Intel(R) UHD Graphics' (P:0 D:0)
[2022.06.18-20.27.31:873][  0]LogWindows:    2. 'Intel(R) UHD Graphics' (P:0 D:0)
[2022.06.18-20.27.31:873][  0]LogWindows:    3. 'NVIDIA GeForce GTX 1650 Ti' (P:0 D:1)
[2022.06.18-20.27.31:874][  0]LogWindows: DebugString: PrimaryIsNotTheChoosenAdapter PrimaryIsNotTheChoosenAdapter PrimaryIsNotTheChoosenAdapter 
[2022.06.18-20.27.31:874][  0]LogD3D11RHI:     Adapter Name: NVIDIA GeForce GTX 1650 Ti
[2022.06.18-20.27.31:874][  0]LogD3D11RHI:   Driver Version: 511.23 (internal:30.0.15.1123, unified:511.23)
[2022.06.18-20.27.31:874][  0]LogD3D11RHI:      Driver Date: 1-10-2022
[2022.06.18-20.27.31:874][  0]LogRHI: Texture pool is 2773 MB (70% of 3962 MB)
[2022.06.18-20.27.31:874][  0]LogD3D11RHI: Creating D3DDevice using adapter:
[2022.06.18-20.27.31:874][  0]LogD3D11RHI:     Description : NVIDIA GeForce GTX 1650 Ti
[2022.06.18-20.27.31:874][  0]LogD3D11RHI:     VendorId    : 10de
[2022.06.18-20.27.31:875][  0]LogD3D11RHI:     DeviceId    : 1f95
[2022.06.18-20.27.31:875][  0]LogD3D11RHI:     SubSysId    : 143e1025
[2022.06.18-20.27.31:875][  0]LogD3D11RHI:     Revision    : 00a1
[2022.06.18-20.27.31:875][  0]LogD3D11RHI:     DedicatedVideoMemory : 4154458112 bytes
[2022.06.18-20.27.31:875][  0]LogD3D11RHI:     DedicatedSystemMemory : 0 bytes
[2022.06.18-20.27.31:875][  0]LogD3D11RHI:     SharedSystemMemory : 4206389248 bytes
[2022.06.18-20.27.31:875][  0]LogD3D11RHI:     AdapterLuid : 0 79825
[2022.06.18-20.27.31:935][  0]LogD3D11RHI: RHI has support for 64 bit atomics
[2022.06.18-20.27.31:936][  0]LogD3D11RHI: Async texture creation enabled
[2022.06.18-20.27.31:936][  0]LogD3D11RHI: Array index from any shader is supported
[2022.06.18-20.27.31:992][  0]LogD3D11RHI: GPU Timing Frequency: 1000.000000 (Debug: 2 1)
[2022.06.18-20.27.32:036][  0]LogRHI: GeForceNow SDK initialized: 1
[2022.06.18-20.27.32:329][  0]LogTargetPlatformManager: Display: Loaded TargetPlatform 'AllDesktop'
[2022.06.18-20.27.32:353][  0]LogTargetPlatformManager: Display: Loaded TargetPlatform 'Android'
[2022.06.18-20.27.32:353][  0]LogTargetPlatformManager: Display: Loaded TargetPlatform 'Android_ASTC'
[2022.06.18-20.27.32:353][  0]LogTargetPlatformManager: Display: Loaded TargetPlatform 'Android_DXT'
[2022.06.18-20.27.32:353][  0]LogTargetPlatformManager: Display: Loaded TargetPlatform 'Android_ETC2'
[2022.06.18-20.27.32:353][  0]LogTargetPlatformManager: Display: Loaded TargetPlatform 'AndroidClient'
[2022.06.18-20.27.32:354][  0]LogTargetPlatformManager: Display: Loaded TargetPlatform 'Android_ASTCClient'
[2022.06.18-20.27.32:354][  0]LogTargetPlatformManager: Display: Loaded TargetPlatform 'Android_DXTClient'
[2022.06.18-20.27.32:354][  0]LogTargetPlatformManager: Display: Loaded TargetPlatform 'Android_ETC2Client'
[2022.06.18-20.27.32:354][  0]LogTargetPlatformManager: Display: Loaded TargetPlatform 'Android_Multi'
[2022.06.18-20.27.32:354][  0]LogTargetPlatformManager: Display: Loaded TargetPlatform 'Android_MultiClient'
[2022.06.18-20.27.32:381][  0]LogTargetPlatformManager: Display: Loaded TargetPlatform 'IOSClient'
[2022.06.18-20.27.32:381][  0]LogTargetPlatformManager: Display: Loaded TargetPlatform 'IOS'
[2022.06.18-20.27.32:393][  0]LogTargetPlatformManager: Display: Loaded TargetPlatform 'Linux'
[2022.06.18-20.27.32:402][  0]LogTargetPlatformManager: Display: Loaded TargetPlatform 'LinuxNoEditor'
[2022.06.18-20.27.32:409][  0]LogTargetPlatformManager: Display: Loaded TargetPlatform 'LinuxClient'
[2022.06.18-20.27.32:416][  0]LogTargetPlatformManager: Display: Loaded TargetPlatform 'LinuxServer'
[2022.06.18-20.27.32:428][  0]LogTargetPlatformManager: Display: Loaded TargetPlatform 'LinuxAArch64NoEditor'
[2022.06.18-20.27.32:434][  0]LogTargetPlatformManager: Display: Loaded TargetPlatform 'LinuxAArch64Client'
[2022.06.18-20.27.32:440][  0]LogTargetPlatformManager: Display: Loaded TargetPlatform 'LinuxAArch64Server'
[2022.06.18-20.27.32:472][  0]LogTargetPlatformManager: Display: Loaded TargetPlatform 'Lumin'
[2022.06.18-20.27.32:472][  0]LogTargetPlatformManager: Display: Loaded TargetPlatform 'LuminClient'
[2022.06.18-20.27.32:486][  0]LogTargetPlatformManager: Display: Loaded TargetPlatform 'MacNoEditor'
[2022.06.18-20.27.32:493][  0]LogTargetPlatformManager: Display: Loaded TargetPlatform 'Mac'
[2022.06.18-20.27.32:498][  0]LogTargetPlatformManager: Display: Loaded TargetPlatform 'MacClient'
[2022.06.18-20.27.32:505][  0]LogTargetPlatformManager: Display: Loaded TargetPlatform 'MacServer'
[2022.06.18-20.27.32:517][  0]LogTargetPlatformManager: Display: Loaded TargetPlatform 'TVOSClient'
[2022.06.18-20.27.32:517][  0]LogTargetPlatformManager: Display: Loaded TargetPlatform 'TVOS'
[2022.06.18-20.27.32:531][  0]LogTargetPlatformManager: Display: Loaded TargetPlatform 'WindowsNoEditor'
[2022.06.18-20.27.32:538][  0]LogTargetPlatformManager: Display: Loaded TargetPlatform 'Windows'
[2022.06.18-20.27.32:546][  0]LogTargetPlatformManager: Display: Loaded TargetPlatform 'WindowsClient'
[2022.06.18-20.27.32:554][  0]LogTargetPlatformManager: Display: Loaded TargetPlatform 'WindowsServer'
[2022.06.18-20.27.32:554][  0]LogTargetPlatformManager: Display: Building Assets For Windows
[2022.06.18-20.27.32:591][  0]LogAudioDebug: Display: Lib vorbis DLL was dynamically loaded.
[2022.06.18-20.27.32:688][  0]LogTextureFormatOodle: Display: Oodle Texture 2.9.0 init RDO Off
[2022.06.18-20.27.32:793][  0]LogRendererCore: Ray tracing is disabled. Reason: r.RayTracing=0.
[2022.06.18-20.27.32:795][  0]LogShaderCompilers: Guid format shader working directory is -5 characters bigger than the processId version (../../../../../../My/Projects/UE4/UE_Learning/HW_2/Intermediate/Shaders/WorkingDirectory/21952/).
[2022.06.18-20.27.32:795][  0]LogShaderCompilers: Cleaned the shader compiler working directory 'C:/Users/NITRO/AppData/Local/Temp/UnrealShaderWorkingDir/D62A590F45DD5721615E6CA732B22767/'.
[2022.06.18-20.27.32:796][  0]LogXGEController: Cannot use XGE Controller as Incredibuild is not installed on this machine.
[2022.06.18-20.27.32:796][  0]LogShaderCompilers: Cannot use XGE Shader Compiler as Incredibuild is not installed on this machine.
[2022.06.18-20.27.32:796][  0]LogShaderCompilers: Display: Using Local Shader Compiler.
[2022.06.18-20.27.33:661][  0]LogDerivedDataCache: Display: Max Cache Size: 512 MB
[2022.06.18-20.27.33:774][  0]LogDerivedDataCache: Loaded boot cache 0.11s 94MB C:/Users/NITRO/AppData/Local/UnrealEngine/4.27/DerivedDataCache/Boot.ddc.
[2022.06.18-20.27.33:774][  0]LogDerivedDataCache: Display: Loaded Boot cache: C:/Users/NITRO/AppData/Local/UnrealEngine/4.27/DerivedDataCache/Boot.ddc
[2022.06.18-20.27.33:774][  0]LogDerivedDataCache: FDerivedDataBackendGraph:  Pak pak cache file ../../../../../../My/Projects/UE4/UE_Learning/HW_2/DerivedDataCache/DDC.ddp not found, will not use a pak cache.
[2022.06.18-20.27.33:774][  0]LogDerivedDataCache: Unable to find inner node Pak for hierarchical cache Hierarchy.
[2022.06.18-20.27.33:774][  0]LogDerivedDataCache: FDerivedDataBackendGraph:  CompressedPak pak cache file ../../../../../../My/Projects/UE4/UE_Learning/HW_2/DerivedDataCache/Compressed.ddp not found, will not use a pak cache.
[2022.06.18-20.27.33:774][  0]LogDerivedDataCache: Unable to find inner node CompressedPak for hierarchical cache Hierarchy.
[2022.06.18-20.27.33:792][  0]LogDerivedDataCache: Display: Pak cache opened for reading ../../../Engine/DerivedDataCache/Compressed.ddp.
[2022.06.18-20.27.33:792][  0]LogDerivedDataCache: FDerivedDataBackendGraph:  EnterprisePak pak cache file ../../../Enterprise/DerivedDataCache/Compressed.ddp not found, will not use a pak cache.
[2022.06.18-20.27.33:792][  0]LogDerivedDataCache: Unable to find inner node EnterprisePak for hierarchical cache Hierarchy.
[2022.06.18-20.27.33:806][  0]LogDerivedDataCache: Speed tests for C:/Users/NITRO/AppData/Local/UnrealEngine/Common/DerivedDataCache took 0.01 seconds
[2022.06.18-20.27.33:806][  0]LogDerivedDataCache: Display: Performance to C:/Users/NITRO/AppData/Local/UnrealEngine/Common/DerivedDataCache: Latency=0.19ms. RandomReadSpeed=139.09MBs, RandomWriteSpeed=196.36MBs. Assigned SpeedClass 'Local'
[2022.06.18-20.27.33:808][  0]LogDerivedDataCache: Using Local data cache path C:/Users/NITRO/AppData/Local/UnrealEngine/Common/DerivedDataCache: Writable
[2022.06.18-20.27.33:808][  0]LogDerivedDataCache: Shared data cache path not found in *engine.ini, will not use an Shared cache.
[2022.06.18-20.27.33:808][  0]LogDerivedDataCache: Unable to find inner node Shared for hierarchical cache Hierarchy.
[2022.06.18-20.27.33:859][  0]LogSlate: Using FreeType 2.10.0
[2022.06.18-20.27.33:861][  0]LogSlate: SlateFontServices - WITH_FREETYPE: 1, WITH_HARFBUZZ: 1
[2022.06.18-20.27.33:898][  0]LogAssetRegistry: FAssetRegistry took 0.0063 seconds to start up
[2022.06.18-20.27.34:335][  0]LogInit: Selected Device Profile: [Windows]
[2022.06.18-20.27.34:335][  0]LogInit: Active device profile: [000002ED861D7E00][000002EDFC1FEAC0 49] Windows
[2022.06.18-20.27.34:335][  0]LogInit: Profiles: [000002ED861D7E00][000002EDFC1FEAC0 49] Windows, [000002ED8618C300][000002EDFB5E0C40 49] WindowsNoEditor, [000002ED861D4300][000002EDFC6C4DC0 49] WindowsServer, [000002ED8618DC00][000002EDFC6C8F40 49] WindowsClient, [000002ED861D5A00][000002EDFC68B0C0 49] IOS, [000002ED8618CE00][000002EDFC68F240 49] iPadAir, [000002ED861D4D00][000002ED850E53C0 49] iPadAir2, [000002ED86144400][000002ED850ED680 49] IPadPro, [000002ED86144500][000002ED850E96C0 49] iPadAir3, [000002ED861D4500][000002ED850F1840 49] iPadAir4, [000002ED86147A00][000002ED850F59C0 49] iPadMini2, [000002ED861D4700][000002ED85057B40 49] iPadMini3, [000002ED86145400][000002ED8505A140 49] iPadMini4, [000002ED861D7A00][000002ED8505E2C0 49] iPadMini5, [000002ED8613FC00][000002ED85066580 49] iPhone6, [000002ED8613FD00][000002ED850625C0 49] iPodTouch6, [000002ED86147300][000002ED85D1E840 49] iPhone7, [000002ED86147200][000002ED8506A880 49] iPodTouch7, [000002ED8613C800][000002ED8506E9C0 49] iPhone5S, [000002ED86146000][000002ED85072B00 49] iPhone6Plus, [000002ED8613F000][000002ED8507AC80 49] iPhone6S, [000002ED86144300][000002EDFC636E00 49] iPhone6SPlus, [000002ED8613D100][000002EDFC63AF80 49] iPhone7Plus, [000002ED86145600][000002EDFC63F100 49] iPhoneSE, [000002ED8613E700][000002EDFC643280 49] iPhone8, [000002ED86145C00][000002EDFC647400 49] iPhone8Plus, [000002ED8613FE00][000002EDFC64B580 49] iPhoneX, [000002ED86144200][000002EDFC64F700 49] iPhoneXS, [000002ED8613C900][000002EDFC653880 49] iPhoneXSMax, [000002ED86146100][000002EDFC657A00 49] iPhoneXR, [000002ED8613EE00][000002EDFC65BB80 49] iPhone11, [000002ED86145800][000002EDFC65E180 49] iPhone11Pro, [000002ED8613D300][000002EDFC662300 49] iPhone11ProMax, [000002ED86147E00][000002EDFB57A480 49] iPhoneSE2, [000002ED8613FF00][000002EDFB57E600 49] iPhone12Mini, [000002ED86147900][000002EDE78B0780 49] iPhone12, [000002ED8613E000][000002EDE78B4900 49] iPhone12Pro, [000002ED86147800][000002ED85076A40 49] iPhone12ProMax, [000002ED8613D900][000002EDE78B8B80 49] iPadPro105, [000002ED86146600][000002EDE78BCCC0 49] iPadPro129, [000002ED8613D700][000002EDE78C4E40 49] iPadPro97, [000002ED86145000][000002EDE78C8FC0 49] iPadPro2_129, [000002ED8613CD00][000002EDE78CD140 49] iPad5, [000002ED86144F00][000002EDE78D12C0 49] iPad6, [000002ED8613E300][000002EDE78D5440 49] iPad7, [000002ED86145A00][000002EDE78D95C0 49] iPad8, [000002ED8613DC00][000002EDE78DD740 49] iPadPro11, [000002ED86144E00][000002EDFB5838C0 49] iPadPro2_11, [000002ED8613E600][000002EDFB587A40 49] iPadPro3_129, [000002ED86145200][000002EDFB58BBC0 49] iPadPro4_129, [000002ED8613E100][000002EDFB58E1C0 49] AppleTV, [000002ED86144100][000002EDFB592340 49] AppleTV4K, [000002ED8613E900][000002EDFB5964C0 49] TVOS, [000002ED86146D00][000002EDFB59A640 49] Mac, [000002ED8613F500][000002EDFB59E7C0 49] MacClient, [000002ED86147600][000002EDFB5A2940 49] MacNoEditor, [000002ED8613D000][000002EDFB5A6AC0 49] MacServer, [000002ED86145D00][000002EDE78C0C00 49] Linux, [000002ED8613F900][000002EDFB5AAD40 49] LinuxAArch64, [000002ED86144800][000002EDFB5AEE80 49] LinuxNoEditor, [000002ED8613F700][000002ED84E5CFC0 49] LinuxAArch64NoEditor, [000002ED86145B00][000002ED84E65140 49] LinuxClient, [000002ED8613E200][000002ED84E692C0 49] LinuxAArch64Client, [000002ED86147D00][000002ED84E6D440 49] LinuxServer, [000002ED8613D200][000002ED84E715C0 49] LinuxAArch64Server, [000002ED86146A00][000002ED84E75740 49] Android, [000002ED8618F400][000002ED84E798C0 49] Android_Low, [000002ED86210500][000002ED84E7DA40 49] Android_Mid, [000002ED8618C400][000002ED84E81BC0 49] Android_High, [000002ED86210100][000002ED84E841C0 49] Android_Default, [000002ED8618C700][000002ED84E88340 49] Android_Adreno4xx, [000002ED86210D00][000002ED84E8C4C0 49] Android_Adreno5xx_Low, [000002ED8618ED00][000002ED84E90640 49] Android_Adreno5xx, [000002ED86210F00][000002ED84E947C0 49] Android_Adreno6xx, [000002ED8618E900][000002ED85A40940 49] Android_Adreno6xx_Vulkan, [000002ED86211200][000002ED85A44AC0 49] Android_Mali_T6xx, [000002ED8618F000][000002ED85A48C40 49] Android_Mali_T7xx, [000002ED86212600][000002ED84E60D80 49] Android_Mali_T8xx, [000002ED8618C200][000002ED85A4CEC0 49] Android_Mali_G71, [000002ED86211400][000002ED85A51000 49] Android_Mali_G72, [000002ED8618D800][000002ED85A55140 49] Android_Mali_G72_Vulkan, [000002ED86211F00][000002ED85A5D2C0 49] Android_Mali_G76, [000002ED8618D000][000002ED85A61440 49] Android_Mali_G76_Vulkan, [000002ED86210300][000002ED85A655C0 49] Android_Mali_G77, [000002ED8618E000][000002ED85A69740 49] Android_Mali_G77_Vulkan, [000002ED86210400][000002ED85A6D8C0 49] Android_Mali_G78, [000002ED8618E800][000002ED85A71A40 49] Android_Mali_G78_Vulkan, [000002ED86212D00][000002ED85A75BC0 49] Android_Mali_G710, [000002ED8618F600][000002ED85A781C0 49] Android_Mali_G710_Vulkan, [000002ED86212700][000002ED85A7C340 49] Android_Vulkan_SM5, [000002ED8618FD00][000002ED85A804C0 49] Android_PowerVR_G6xxx, [000002ED86210600][000002ED85A84640 49] Android_PowerVR_GT7xxx, [000002ED8618D400][000002ED85A887C0 49] Android_PowerVR_GE8xxx, [000002ED86212500][000002ED85A8C940 49] Android_PowerVR_GM9xxx, [000002ED86147500][000002ED85A90AC0 49] Android_PowerVR_GM9xxx_Vulkan, [000002ED86211700][000002ED85A94C40 49] Android_TegraK1, [000002ED86146B00][000002ED85A98DC0 49] Android_Unknown_Vulkan, [000002ED86211600][000002ED85A9CF40 49] Lumin, [000002ED86147700][000002ED85A59080 49] Lumin_Desktop, [000002ED86212100][000002ED85AA11C0 49] HoloLens, 
[2022.06.18-20.27.34:592][  0]LogMeshReduction: Using QuadricMeshReduction for automatic static mesh reduction
[2022.06.18-20.27.34:592][  0]LogMeshReduction: Using SimplygonMeshReduction for automatic skeletal mesh reduction
[2022.06.18-20.27.34:592][  0]LogMeshReduction: Using ProxyLODMeshReduction for automatic mesh merging
[2022.06.18-20.27.34:592][  0]LogMeshReduction: No distributed automatic mesh merging module available
[2022.06.18-20.27.34:593][  0]LogMeshMerging: No distributed automatic mesh merging module available
[2022.06.18-20.27.34:640][  0]LogNetVersion: HW_2 1.0.0, NetCL: 17155196, EngineNetVer: 17, GameNetVer: 0 (Checksum: 3470296912)
[2022.06.18-20.27.35:290][  0]LogTexture: Default maximum texture size for cubemaps generated from long-lat sources has been changed from 512 to unlimited. In order to preserve old behaiour for '/Engine/MapTemplates/Sky/DaylightAmbientCubemap.DaylightAmbientCubemap', its maximum texture size has been explicitly set to 512.
[2022.06.18-20.27.35:379][  0]LogHMD: PokeAHoleMaterial loaded successfully
[2022.06.18-20.27.35:389][  0]LogUObjectArray: 17178 objects as part of root set at end of initial load.
[2022.06.18-20.27.35:389][  0]LogUObjectAllocator: 4302048 out of 0 bytes used by permanent object pool.
[2022.06.18-20.27.35:389][  0]LogUObjectArray: CloseDisregardForGC: 0/0 objects in disregard for GC pool
[2022.06.18-20.27.35:810][  0]LogPython: Using Python 3.7.7
[2022.06.18-20.27.36:383][  0]LogNiagaraDebuggerClient: Niagara Debugger Client Initialized | Session: 7B02F02F444B0A0E28022B9442A35D85 | Instance: B7D971C84C21F9050C6A11A9B6B01C5F (DESKTOP-Q7GCBOU-21952).
[2022.06.18-20.27.36:702][  0]LogTcpMessaging: Initializing TcpMessaging bridge
[2022.06.18-20.27.36:710][  0]LogUdpMessaging: Initializing bridge on interface 0.0.0.0:0 to multicast group 230.0.0.1:6666.
[2022.06.18-20.27.37:040][  0]LogLinker: Warning: Failed to load '/Game/FirstPersonBP/FirstPersonOverview': Can't find file.
[2022.06.18-20.27.37:041][  0]LogLinker: Warning: Failed to load '/Game/FirstPersonBP/FirstPersonOverview': Can't find file.
[2022.06.18-20.27.37:041][  0]LogUObjectGlobals: Warning: Failed to find object 'Class /Game/FirstPersonBP/FirstPersonOverview.FirstPersonOverview_C'
[2022.06.18-20.27.37:238][  0]SourceControl: Source control is disabled
[2022.06.18-20.27.37:238][  0]SourceControl: Source control is disabled
[2022.06.18-20.27.37:249][  0]SourceControl: Source control is disabled
[2022.06.18-20.27.37:256][  0]SourceControl: Source control is disabled
[2022.06.18-20.27.37:284][  0]SourceControl: Source control is disabled
[2022.06.18-20.27.37:309][  0]LogUProjectInfo: Found projects:
[2022.06.18-20.27.37:705][  0]LogOpenImageDenoise: OIDN starting up
[2022.06.18-20.27.37:784][  0]LogAndroidPermission: UAndroidPermissionCallbackProxy::GetInstance
[2022.06.18-20.27.37:812][  0]LogAudioCaptureCore: Display: No Audio Capture implementations found. Audio input will be silent.
[2022.06.18-20.27.37:812][  0]LogAudioCaptureCore: Display: No Audio Capture implementations found. Audio input will be silent.
[2022.06.18-20.27.38:034][  0]LogCollectionManager: Loaded 0 collections in 0.001652 seconds
[2022.06.18-20.27.38:090][  0]LogFileCache: Scanning file cache for directory 'C:/My/Projects/UE4/UE_Learning/HW_2/Saved/Collections/' took 0.00s
[2022.06.18-20.27.38:090][  0]LogFileCache: Scanning file cache for directory 'C:/My/Projects/UE4/UE_Learning/HW_2/Content/Developers/NITRO/Collections/' took 0.00s
[2022.06.18-20.27.38:090][  0]LogFileCache: Scanning file cache for directory 'C:/My/Projects/UE4/UE_Learning/HW_2/Content/Collections/' took 0.00s
[2022.06.18-20.27.38:090][  0]LogOcInput: OculusInput pre-init called
[2022.06.18-20.27.38:463][  0]LogEngine: Initializing Engine...
[2022.06.18-20.27.38:478][  0]LogHMD: Failed to enumerate extensions. Please check that you have a valid OpenXR runtime installed.
[2022.06.18-20.27.38:479][  0]LogHMD: Failed to initialize OpenVR with code 110
[2022.06.18-20.27.38:480][  0]LogMagicLeap: Warning: VR disabled because ZI is not enabled.  To enable, in the editor, Edit -> Project Settings -> Plugins -> Magic Leap Plugin -> Enable Zero Iteration
[2022.06.18-20.27.38:486][  0]LogStats: UGameplayTagsManager::InitializeManager -  0.001 s
[2022.06.18-20.27.38:651][  0]LogInit: Initializing FReadOnlyCVARCache
[2022.06.18-20.27.39:007][  0]LogAIModule: Creating AISystem for world Untitled
[2022.06.18-20.27.39:017][  0]LogAudio: Display: Initializing Audio Device Manager...
[2022.06.18-20.27.39:025][  0]LogAudio: Display: Loading Default Audio Settings Objects...
[2022.06.18-20.27.39:027][  0]LogAudio: Display: No default SoundConcurrencyObject specified (or failed to load).
[2022.06.18-20.27.39:029][  0]LogAudio: Display: Audio Device Manager Initialized
[2022.06.18-20.27.39:029][  0]LogAudio: Display: Creating Audio Device:                 Id: 1, Scope: Shared, Realtime: True
[2022.06.18-20.27.39:030][  0]LogAudioMixer: Display: Audio Mixer Platform Settings:
[2022.06.18-20.27.39:030][  0]LogAudioMixer: Display: 	Sample Rate:						  48000
[2022.06.18-20.27.39:030][  0]LogAudioMixer: Display: 	Callback Buffer Frame Size Requested: 1024
[2022.06.18-20.27.39:030][  0]LogAudioMixer: Display: 	Callback Buffer Frame Size To Use:	  1024
[2022.06.18-20.27.39:030][  0]LogAudioMixer: Display: 	Number of buffers to queue:			  2
[2022.06.18-20.27.39:030][  0]LogAudioMixer: Display: 	Max Channels (voices):				  32
[2022.06.18-20.27.39:030][  0]LogAudioMixer: Display: 	Number of Async Source Workers:		  0
[2022.06.18-20.27.39:030][  0]LogAudio: Display: AudioDevice MaxSources: 32
[2022.06.18-20.27.39:032][  0]LogAudio: Display: Audio Spatialization Plugin: None (built-in).
[2022.06.18-20.27.39:032][  0]LogAudio: Display: Audio Reverb Plugin: None (built-in).
[2022.06.18-20.27.39:032][  0]LogAudio: Display: Audio Occlusion Plugin: None (built-in).
[2022.06.18-20.27.39:032][  0]LogAudioMixer: Display: Initializing audio mixer.
[2022.06.18-20.27.39:069][  0]LogAudioMixer: Display: 0: FrontLeft
[2022.06.18-20.27.39:069][  0]LogAudioMixer: Display: 1: FrontRight
[2022.06.18-20.27.39:094][  0]LogAudioMixer: Display: Using Audio Device Headset Earphone (Jabra EVOLVE 20 MS)
[2022.06.18-20.27.39:099][  0]LogAudioMixer: Display: Initializing Sound Submixes...
[2022.06.18-20.27.39:102][  0]LogAudioMixer: Display: Creating Master Submix 'MasterSubmixDefault'
[2022.06.18-20.27.39:102][  0]LogAudioMixer: Display: Creating Master Submix 'MasterReverbSubmixDefault'
[2022.06.18-20.27.39:104][  0]LogAudioMixer: Display: Creating Master Submix 'MasterEQSubmixDefault'
[2022.06.18-20.27.39:105][  0]LogAudioMixer: FMixerPlatformXAudio2::StartAudioStream() called
[2022.06.18-20.27.39:105][  0]LogAudioMixer: Display: Output buffers initialized: Frames=1024, Channels=2, Samples=2048
[2022.06.18-20.27.39:106][  0]LogAudioMixer: Display: Starting AudioMixerPlatformInterface::RunInternal()
[2022.06.18-20.27.39:106][  0]LogAudioMixer: Display: FMixerPlatformXAudio2::SubmitBuffer() called for the first time
[2022.06.18-20.27.39:106][  0]LogInit: FAudioDevice initialized.
[2022.06.18-20.27.39:108][  0]LogAudio: Display: Audio Device (ID: 1) registered with world 'Untitled'.
[2022.06.18-20.27.39:108][  0]LogNetVersion: Set ProjectVersion to 1.0.0.0. Version Checksum will be recalculated on next use.
[2022.06.18-20.27.39:156][  0]LogDerivedDataCache: Saved boot cache 0.05s 94MB C:/Users/NITRO/AppData/Local/UnrealEngine/4.27/DerivedDataCache/Boot.ddc.
[2022.06.18-20.27.39:157][  0]LogInit: Texture streaming: Enabled
[2022.06.18-20.27.39:179][  0]LogAnalytics: Display: [UEEditor.Rocket.Release] APIServer = https://datarouter.ol.epicgames.com/. AppVersion = 4.27.2-18319896+++UE4+Release-4.27
[2022.06.18-20.27.39:186][  0]LogEngineSessionManager: EngineSessionManager initialized
[2022.06.18-20.27.39:187][  0]LogEditorSessionSummary: Verbose: Initializing EditorSessionSummaryWriter for editor session tracking
[2022.06.18-20.27.39:190][  0]LogEditorSessionSummary: EditorSessionSummaryWriter initialized
[2022.06.18-20.27.39:226][  0]LogInit: Transaction tracking system initialized
[2022.06.18-20.27.39:274][  0]BlueprintLog: New page: Editor Load
[2022.06.18-20.27.39:434][  0]LocalizationService: Localization service is disabled
[2022.06.18-20.27.39:501][  0]TimingProfiler: Initialize
[2022.06.18-20.27.39:502][  0]TimingProfiler: OnSessionChanged
[2022.06.18-20.27.39:503][  0]LoadingProfiler: Initialize
[2022.06.18-20.27.39:503][  0]LoadingProfiler: OnSessionChanged
[2022.06.18-20.27.39:503][  0]NetworkingProfiler: Initialize
[2022.06.18-20.27.39:503][  0]NetworkingProfiler: OnSessionChanged
[2022.06.18-20.27.39:504][  0]MemoryProfiler: Initialize
[2022.06.18-20.27.39:504][  0]MemoryProfiler: OnSessionChanged
[2022.06.18-20.27.39:763][  0]LogFileCache: Scanning file cache for directory 'C:/My/Projects/UE4/UE_Learning/HW_2/Content/' took 0.01s
[2022.06.18-20.27.39:763][  0]LogCook: Display: CookSettings for Memory: MemoryMaxUsedVirtual 0MiB, MemoryMaxUsedPhysical 16384MiB, MemoryMinFreeVirtual 0MiB, MemoryMinFreePhysical 1024MiB
[2022.06.18-20.27.39:763][  0]LogCook: Display: Mobile HDR setting 1
[2022.06.18-20.27.40:325][  0]LogInit: Display: Engine is initialized. Leaving FEngineLoop::Init()
[2022.06.18-20.27.40:350][  0]SourceControl: Source control is disabled
[2022.06.18-20.27.40:352][  0]LogUnrealEdMisc: Loading editor; pre map load, took 11.809
[2022.06.18-20.27.40:357][  0]Cmd: MAP LOAD FILE="../../../Engine/Content/Maps/Templates/Template_Default.umap" TEMPLATE=1 SHOWPROGRESS=1 FEATURELEVEL=3
[2022.06.18-20.27.40:365][  0]LightingResults: New page: Lighting Build
[2022.06.18-20.27.40:386][  0]LogWorld: UWorld::CleanupWorld for Untitled, bSessionEnded=true, bCleanupResources=true
[2022.06.18-20.27.40:389][  0]LogSlate: InvalidateAllWidgets triggered.  All widgets were invalidated
[2022.06.18-20.27.40:392][  0]MapCheck: New page: Map Check
[2022.06.18-20.27.40:392][  0]LightingResults: New page: Lighting Build
[2022.06.18-20.27.40:404][  0]LogAudio: Display: Audio Device unregistered from world 'None'.
[2022.06.18-20.27.40:416][  0]LogUObjectHash: Compacting FUObjectHashTables data took   1.06ms
[2022.06.18-20.27.40:468][  0]LogTexture: Display: Building textures: DeprecatedTextureEB9CBE3C423008B5E8E130901E171C89 (BGRA8, 128X128)
[2022.06.18-20.27.40:476][  0]LogAudio: Display: Audio Device (ID: 1) registered with world 'Untitled_1'.
[2022.06.18-20.27.40:477][  0]LogAIModule: Creating AISystem for world Untitled_1
[2022.06.18-20.27.40:494][  0]LogEditorServer: Finished looking for orphan Actors (0.000 secs)
[2022.06.18-20.27.40:503][  0]LogUObjectHash: Compacting FUObjectHashTables data took   0.76ms
[2022.06.18-20.27.40:504][  0]Cmd: MAP CHECKDEP NOCLEARLOG
[2022.06.18-20.27.40:505][  0]MapCheck: Map check complete: 0 Error(s), 0 Warning(s), took 0,386ms to complete.
[2022.06.18-20.27.40:505][  0]LogFileHelpers: Loading map 'Template_Default' took 0.151
[2022.06.18-20.27.40:539][  0]LogUnrealEdMisc: Total Editor Startup Time, took 11.997
[2022.06.18-20.27.40:688][  0]LogSlate: Updating window title bar state: overlay mode, drag disabled, window buttons hidden, title bar hidden
[2022.06.18-20.27.40:697][  0]LogSlate: Updating window title bar state: overlay mode, drag disabled, window buttons hidden, title bar hidden
[2022.06.18-20.27.40:706][  0]LogSlate: Updating window title bar state: overlay mode, drag disabled, window buttons hidden, title bar hidden
[2022.06.18-20.27.40:713][  0]LogSlate: Updating window title bar state: overlay mode, drag disabled, window buttons hidden, title bar hidden
[2022.06.18-20.27.40:746][  0]LogNativeClassHierarchy: Verbose: Native class hierarchy populated in 0.0089 seconds. Added 3827 classes and 937 folders.
[2022.06.18-20.27.40:754][  0]LogNativeClassHierarchy: Verbose: Native class hierarchy updated for 'WidgetCarousel' in 0.0002 seconds. Added 0 classes and 0 folders.
[2022.06.18-20.27.40:759][  0]LogPakFile: PakFile PrimaryIndexSize=187
[2022.06.18-20.27.40:759][  0]LogPakFile: PakFile PathHashIndexSize=101
[2022.06.18-20.27.40:759][  0]LogPakFile: PakFile FullDirectoryIndexSize=148
[2022.06.18-20.27.40:760][  0]LogShaderLibrary: Display: ShaderCodeLibraryPakFileMountedCallback: PakFile 'C:/Program Files/Epic Games/UE_4.27/FeaturePacks/FP_FirstPerson.upack' (chunk index -1, root 'root:/') mounted
[2022.06.18-20.27.40:760][  0]LogShaderLibrary: Display: ShaderCodeLibraryPakFileMountedCallback: pending pak file info (ChunkID:-1 Root:root:/ File:C:/Program Files/Epic Games/UE_4.27/FeaturePacks/FP_FirstPerson.upack)
[2022.06.18-20.27.40:760][  0]LogPakFile: OnPakFileMounted2Time == 0.000689
[2022.06.18-20.27.40:763][  0]LogPakFile: PakFile PrimaryIndexSize=189
[2022.06.18-20.27.40:763][  0]LogPakFile: PakFile PathHashIndexSize=101
[2022.06.18-20.27.40:763][  0]LogPakFile: PakFile FullDirectoryIndexSize=152
[2022.06.18-20.27.40:763][  0]LogShaderLibrary: Display: ShaderCodeLibraryPakFileMountedCallback: PakFile 'C:/Program Files/Epic Games/UE_4.27/FeaturePacks/FP_FirstPersonBP.upack' (chunk index -1, root 'root:/') mounted
[2022.06.18-20.27.40:763][  0]LogShaderLibrary: Display: ShaderCodeLibraryPakFileMountedCallback: pending pak file info (ChunkID:-1 Root:root:/ File:C:/Program Files/Epic Games/UE_4.27/FeaturePacks/FP_FirstPersonBP.upack)
[2022.06.18-20.27.40:763][  0]LogPakFile: OnPakFileMounted2Time == 0.000122
[2022.06.18-20.27.40:765][  0]LogPakFile: PakFile PrimaryIndexSize=191
[2022.06.18-20.27.40:765][  0]LogPakFile: PakFile PathHashIndexSize=101
[2022.06.18-20.27.40:765][  0]LogPakFile: PakFile FullDirectoryIndexSize=160
[2022.06.18-20.27.40:765][  0]LogShaderLibrary: Display: ShaderCodeLibraryPakFileMountedCallback: PakFile 'C:/Program Files/Epic Games/UE_4.27/FeaturePacks/MobileStarterContent.upack' (chunk index -1, root 'root:/') mounted
[2022.06.18-20.27.40:765][  0]LogShaderLibrary: Display: ShaderCodeLibraryPakFileMountedCallback: pending pak file info (ChunkID:-1 Root:root:/ File:C:/Program Files/Epic Games/UE_4.27/FeaturePacks/MobileStarterContent.upack)
[2022.06.18-20.27.40:765][  0]LogPakFile: OnPakFileMounted2Time == 0.000106
[2022.06.18-20.27.40:766][  0]LogPakFile: PakFile PrimaryIndexSize=185
[2022.06.18-20.27.40:766][  0]LogPakFile: PakFile PathHashIndexSize=101
[2022.06.18-20.27.40:766][  0]LogPakFile: PakFile FullDirectoryIndexSize=148
[2022.06.18-20.27.40:766][  0]LogShaderLibrary: Display: ShaderCodeLibraryPakFileMountedCallback: PakFile 'C:/Program Files/Epic Games/UE_4.27/FeaturePacks/StarterContent.upack' (chunk index -1, root 'root:/') mounted
[2022.06.18-20.27.40:767][  0]LogShaderLibrary: Display: ShaderCodeLibraryPakFileMountedCallback: pending pak file info (ChunkID:-1 Root:root:/ File:C:/Program Files/Epic Games/UE_4.27/FeaturePacks/StarterContent.upack)
[2022.06.18-20.27.40:767][  0]LogPakFile: OnPakFileMounted2Time == 0.000126
[2022.06.18-20.27.40:768][  0]LogPakFile: PakFile PrimaryIndexSize=190
[2022.06.18-20.27.40:768][  0]LogPakFile: PakFile PathHashIndexSize=101
[2022.06.18-20.27.40:768][  0]LogPakFile: PakFile FullDirectoryIndexSize=154
[2022.06.18-20.27.40:768][  0]LogShaderLibrary: Display: ShaderCodeLibraryPakFileMountedCallback: PakFile 'C:/Program Files/Epic Games/UE_4.27/FeaturePacks/TP_2DSideScroller.upack' (chunk index -1, root 'root:/') mounted
[2022.06.18-20.27.40:768][  0]LogShaderLibrary: Display: ShaderCodeLibraryPakFileMountedCallback: pending pak file info (ChunkID:-1 Root:root:/ File:C:/Program Files/Epic Games/UE_4.27/FeaturePacks/TP_2DSideScroller.upack)
[2022.06.18-20.27.40:768][  0]LogPakFile: OnPakFileMounted2Time == 0.000112
[2022.06.18-20.27.40:771][  0]LogPakFile: PakFile PrimaryIndexSize=192
[2022.06.18-20.27.40:771][  0]LogPakFile: PakFile PathHashIndexSize=101
[2022.06.18-20.27.40:771][  0]LogPakFile: PakFile FullDirectoryIndexSize=158
[2022.06.18-20.27.40:771][  0]LogShaderLibrary: Display: ShaderCodeLibraryPakFileMountedCallback: PakFile 'C:/Program Files/Epic Games/UE_4.27/FeaturePacks/TP_2DSideScrollerBP.upack' (chunk index -1, root 'root:/') mounted
[2022.06.18-20.27.40:771][  0]LogShaderLibrary: Display: ShaderCodeLibraryPakFileMountedCallback: pending pak file info (ChunkID:-1 Root:root:/ File:C:/Program Files/Epic Games/UE_4.27/FeaturePacks/TP_2DSideScrollerBP.upack)
[2022.06.18-20.27.40:771][  0]LogPakFile: OnPakFileMounted2Time == 0.000132
[2022.06.18-20.27.40:772][  0]LogPakFile: PakFile PrimaryIndexSize=182
[2022.06.18-20.27.40:772][  0]LogPakFile: PakFile PathHashIndexSize=101
[2022.06.18-20.27.40:772][  0]LogPakFile: PakFile FullDirectoryIndexSize=138
[2022.06.18-20.27.40:772][  0]LogShaderLibrary: Display: ShaderCodeLibraryPakFileMountedCallback: PakFile 'C:/Program Files/Epic Games/UE_4.27/FeaturePacks/TP_Flying.upack' (chunk index -1, root 'root:/') mounted
[2022.06.18-20.27.40:772][  0]LogShaderLibrary: Display: ShaderCodeLibraryPakFileMountedCallback: pending pak file info (ChunkID:-1 Root:root:/ File:C:/Program Files/Epic Games/UE_4.27/FeaturePacks/TP_Flying.upack)
[2022.06.18-20.27.40:772][  0]LogPakFile: OnPakFileMounted2Time == 0.000107
[2022.06.18-20.27.40:774][  0]LogPakFile: PakFile PrimaryIndexSize=184
[2022.06.18-20.27.40:774][  0]LogPakFile: PakFile PathHashIndexSize=101
[2022.06.18-20.27.40:774][  0]LogPakFile: PakFile FullDirectoryIndexSize=142
[2022.06.18-20.27.40:774][  0]LogShaderLibrary: Display: ShaderCodeLibraryPakFileMountedCallback: PakFile 'C:/Program Files/Epic Games/UE_4.27/FeaturePacks/TP_FlyingBP.upack' (chunk index -1, root 'root:/') mounted
[2022.06.18-20.27.40:774][  0]LogShaderLibrary: Display: ShaderCodeLibraryPakFileMountedCallback: pending pak file info (ChunkID:-1 Root:root:/ File:C:/Program Files/Epic Games/UE_4.27/FeaturePacks/TP_FlyingBP.upack)
[2022.06.18-20.27.40:774][  0]LogPakFile: OnPakFileMounted2Time == 0.000102
[2022.06.18-20.27.40:775][  0]LogPakFile: PakFile PrimaryIndexSize=188
[2022.06.18-20.27.40:776][  0]LogPakFile: PakFile PathHashIndexSize=101
[2022.06.18-20.27.40:776][  0]LogPakFile: PakFile FullDirectoryIndexSize=150
[2022.06.18-20.27.40:776][  0]LogShaderLibrary: Display: ShaderCodeLibraryPakFileMountedCallback: PakFile 'C:/Program Files/Epic Games/UE_4.27/FeaturePacks/TP_HandheldARBP.upack' (chunk index -1, root 'root:/') mounted
[2022.06.18-20.27.40:776][  0]LogShaderLibrary: Display: ShaderCodeLibraryPakFileMountedCallback: pending pak file info (ChunkID:-1 Root:root:/ File:C:/Program Files/Epic Games/UE_4.27/FeaturePacks/TP_HandheldARBP.upack)
[2022.06.18-20.27.40:776][  0]LogPakFile: OnPakFileMounted2Time == 0.000108
[2022.06.18-20.27.40:778][  0]LogPakFile: PakFile PrimaryIndexSize=182
[2022.06.18-20.27.40:779][  0]LogPakFile: PakFile PathHashIndexSize=101
[2022.06.18-20.27.40:779][  0]LogPakFile: PakFile FullDirectoryIndexSize=138
[2022.06.18-20.27.40:779][  0]LogShaderLibrary: Display: ShaderCodeLibraryPakFileMountedCallback: PakFile 'C:/Program Files/Epic Games/UE_4.27/FeaturePacks/TP_Puzzle.upack' (chunk index -1, root 'root:/') mounted
[2022.06.18-20.27.40:779][  0]LogShaderLibrary: Display: ShaderCodeLibraryPakFileMountedCallback: pending pak file info (ChunkID:-1 Root:root:/ File:C:/Program Files/Epic Games/UE_4.27/FeaturePacks/TP_Puzzle.upack)
[2022.06.18-20.27.40:779][  0]LogPakFile: OnPakFileMounted2Time == 0.000115
[2022.06.18-20.27.40:780][  0]LogPakFile: PakFile PrimaryIndexSize=184
[2022.06.18-20.27.40:780][  0]LogPakFile: PakFile PathHashIndexSize=101
[2022.06.18-20.27.40:780][  0]LogPakFile: PakFile FullDirectoryIndexSize=142
[2022.06.18-20.27.40:780][  0]LogShaderLibrary: Display: ShaderCodeLibraryPakFileMountedCallback: PakFile 'C:/Program Files/Epic Games/UE_4.27/FeaturePacks/TP_PuzzleBP.upack' (chunk index -1, root 'root:/') mounted
[2022.06.18-20.27.40:780][  0]LogShaderLibrary: Display: ShaderCodeLibraryPakFileMountedCallback: pending pak file info (ChunkID:-1 Root:root:/ File:C:/Program Files/Epic Games/UE_4.27/FeaturePacks/TP_PuzzleBP.upack)
[2022.06.18-20.27.40:780][  0]LogPakFile: OnPakFileMounted2Time == 0.000121
[2022.06.18-20.27.40:781][  0]LogPakFile: PakFile PrimaryIndexSize=183
[2022.06.18-20.27.40:781][  0]LogPakFile: PakFile PathHashIndexSize=101
[2022.06.18-20.27.40:781][  0]LogPakFile: PakFile FullDirectoryIndexSize=140
[2022.06.18-20.27.40:781][  0]LogShaderLibrary: Display: ShaderCodeLibraryPakFileMountedCallback: PakFile 'C:/Program Files/Epic Games/UE_4.27/FeaturePacks/TP_Rolling.upack' (chunk index -1, root 'root:/') mounted
[2022.06.18-20.27.40:781][  0]LogShaderLibrary: Display: ShaderCodeLibraryPakFileMountedCallback: pending pak file info (ChunkID:-1 Root:root:/ File:C:/Program Files/Epic Games/UE_4.27/FeaturePacks/TP_Rolling.upack)
[2022.06.18-20.27.40:781][  0]LogPakFile: OnPakFileMounted2Time == 0.000109
[2022.06.18-20.27.40:783][  0]LogPakFile: PakFile PrimaryIndexSize=185
[2022.06.18-20.27.40:783][  0]LogPakFile: PakFile PathHashIndexSize=101
[2022.06.18-20.27.40:783][  0]LogPakFile: PakFile FullDirectoryIndexSize=144
[2022.06.18-20.27.40:783][  0]LogShaderLibrary: Display: ShaderCodeLibraryPakFileMountedCallback: PakFile 'C:/Program Files/Epic Games/UE_4.27/FeaturePacks/TP_RollingBP.upack' (chunk index -1, root 'root:/') mounted
[2022.06.18-20.27.40:783][  0]LogShaderLibrary: Display: ShaderCodeLibraryPakFileMountedCallback: pending pak file info (ChunkID:-1 Root:root:/ File:C:/Program Files/Epic Games/UE_4.27/FeaturePacks/TP_RollingBP.upack)
[2022.06.18-20.27.40:783][  0]LogPakFile: OnPakFileMounted2Time == 0.000130
[2022.06.18-20.27.40:784][  0]LogPakFile: PakFile PrimaryIndexSize=188
[2022.06.18-20.27.40:784][  0]LogPakFile: PakFile PathHashIndexSize=101
[2022.06.18-20.27.40:784][  0]LogPakFile: PakFile FullDirectoryIndexSize=150
[2022.06.18-20.27.40:784][  0]LogShaderLibrary: Display: ShaderCodeLibraryPakFileMountedCallback: PakFile 'C:/Program Files/Epic Games/UE_4.27/FeaturePacks/TP_SideScroller.upack' (chunk index -1, root 'root:/') mounted
[2022.06.18-20.27.40:784][  0]LogShaderLibrary: Display: ShaderCodeLibraryPakFileMountedCallback: pending pak file info (ChunkID:-1 Root:root:/ File:C:/Program Files/Epic Games/UE_4.27/FeaturePacks/TP_SideScroller.upack)
[2022.06.18-20.27.40:784][  0]LogPakFile: OnPakFileMounted2Time == 0.000103
[2022.06.18-20.27.40:786][  0]LogPakFile: PakFile PrimaryIndexSize=190
[2022.06.18-20.27.40:786][  0]LogPakFile: PakFile PathHashIndexSize=101
[2022.06.18-20.27.40:786][  0]LogPakFile: PakFile FullDirectoryIndexSize=154
[2022.06.18-20.27.40:786][  0]LogShaderLibrary: Display: ShaderCodeLibraryPakFileMountedCallback: PakFile 'C:/Program Files/Epic Games/UE_4.27/FeaturePacks/TP_SideScrollerBP.upack' (chunk index -1, root 'root:/') mounted
[2022.06.18-20.27.40:786][  0]LogShaderLibrary: Display: ShaderCodeLibraryPakFileMountedCallback: pending pak file info (ChunkID:-1 Root:root:/ File:C:/Program Files/Epic Games/UE_4.27/FeaturePacks/TP_SideScrollerBP.upack)
[2022.06.18-20.27.40:786][  0]LogPakFile: OnPakFileMounted2Time == 0.000114
[2022.06.18-20.27.40:787][  0]LogPakFile: PakFile PrimaryIndexSize=187
[2022.06.18-20.27.40:787][  0]LogPakFile: PakFile PathHashIndexSize=101
[2022.06.18-20.27.40:788][  0]LogPakFile: PakFile FullDirectoryIndexSize=148
[2022.06.18-20.27.40:788][  0]LogShaderLibrary: Display: ShaderCodeLibraryPakFileMountedCallback: PakFile 'C:/Program Files/Epic Games/UE_4.27/FeaturePacks/TP_ThirdPerson.upack' (chunk index -1, root 'root:/') mounted
[2022.06.18-20.27.40:788][  0]LogShaderLibrary: Display: ShaderCodeLibraryPakFileMountedCallback: pending pak file info (ChunkID:-1 Root:root:/ File:C:/Program Files/Epic Games/UE_4.27/FeaturePacks/TP_ThirdPerson.upack)
[2022.06.18-20.27.40:788][  0]LogPakFile: OnPakFileMounted2Time == 0.000112
[2022.06.18-20.27.40:789][  0]LogPakFile: PakFile PrimaryIndexSize=189
[2022.06.18-20.27.40:789][  0]LogPakFile: PakFile PathHashIndexSize=101
[2022.06.18-20.27.40:789][  0]LogPakFile: PakFile FullDirectoryIndexSize=152
[2022.06.18-20.27.40:789][  0]LogShaderLibrary: Display: ShaderCodeLibraryPakFileMountedCallback: PakFile 'C:/Program Files/Epic Games/UE_4.27/FeaturePacks/TP_ThirdPersonBP.upack' (chunk index -1, root 'root:/') mounted
[2022.06.18-20.27.40:789][  0]LogShaderLibrary: Display: ShaderCodeLibraryPakFileMountedCallback: pending pak file info (ChunkID:-1 Root:root:/ File:C:/Program Files/Epic Games/UE_4.27/FeaturePacks/TP_ThirdPersonBP.upack)
[2022.06.18-20.27.40:789][  0]LogPakFile: OnPakFileMounted2Time == 0.000107
[2022.06.18-20.27.40:790][  0]LogPakFile: PakFile PrimaryIndexSize=183
[2022.06.18-20.27.40:790][  0]LogPakFile: PakFile PathHashIndexSize=101
[2022.06.18-20.27.40:790][  0]LogPakFile: PakFile FullDirectoryIndexSize=140
[2022.06.18-20.27.40:791][  0]LogShaderLibrary: Display: ShaderCodeLibraryPakFileMountedCallback: PakFile 'C:/Program Files/Epic Games/UE_4.27/FeaturePacks/TP_TopDown.upack' (chunk index -1, root 'root:/') mounted
[2022.06.18-20.27.40:791][  0]LogShaderLibrary: Display: ShaderCodeLibraryPakFileMountedCallback: pending pak file info (ChunkID:-1 Root:root:/ File:C:/Program Files/Epic Games/UE_4.27/FeaturePacks/TP_TopDown.upack)
[2022.06.18-20.27.40:791][  0]LogPakFile: OnPakFileMounted2Time == 0.000134
[2022.06.18-20.27.40:792][  0]LogPakFile: PakFile PrimaryIndexSize=185
[2022.06.18-20.27.40:792][  0]LogPakFile: PakFile PathHashIndexSize=101
[2022.06.18-20.27.40:792][  0]LogPakFile: PakFile FullDirectoryIndexSize=144
[2022.06.18-20.27.40:792][  0]LogShaderLibrary: Display: ShaderCodeLibraryPakFileMountedCallback: PakFile 'C:/Program Files/Epic Games/UE_4.27/FeaturePacks/TP_TopDownBP.upack' (chunk index -1, root 'root:/') mounted
[2022.06.18-20.27.40:792][  0]LogShaderLibrary: Display: ShaderCodeLibraryPakFileMountedCallback: pending pak file info (ChunkID:-1 Root:root:/ File:C:/Program Files/Epic Games/UE_4.27/FeaturePacks/TP_TopDownBP.upack)
[2022.06.18-20.27.40:792][  0]LogPakFile: OnPakFileMounted2Time == 0.000108
[2022.06.18-20.27.40:793][  0]LogPakFile: PakFile PrimaryIndexSize=185
[2022.06.18-20.27.40:793][  0]LogPakFile: PakFile PathHashIndexSize=101
[2022.06.18-20.27.40:793][  0]LogPakFile: PakFile FullDirectoryIndexSize=144
[2022.06.18-20.27.40:793][  0]LogShaderLibrary: Display: ShaderCodeLibraryPakFileMountedCallback: PakFile 'C:/Program Files/Epic Games/UE_4.27/FeaturePacks/TP_TwinStick.upack' (chunk index -1, root 'root:/') mounted
[2022.06.18-20.27.40:793][  0]LogShaderLibrary: Display: ShaderCodeLibraryPakFileMountedCallback: pending pak file info (ChunkID:-1 Root:root:/ File:C:/Program Files/Epic Games/UE_4.27/FeaturePacks/TP_TwinStick.upack)
[2022.06.18-20.27.40:793][  0]LogPakFile: OnPakFileMounted2Time == 0.000113
[2022.06.18-20.27.40:795][  0]LogPakFile: PakFile PrimaryIndexSize=187
[2022.06.18-20.27.40:795][  0]LogPakFile: PakFile PathHashIndexSize=101
[2022.06.18-20.27.40:795][  0]LogPakFile: PakFile FullDirectoryIndexSize=148
[2022.06.18-20.27.40:795][  0]LogShaderLibrary: Display: ShaderCodeLibraryPakFileMountedCallback: PakFile 'C:/Program Files/Epic Games/UE_4.27/FeaturePacks/TP_TwinStickBP.upack' (chunk index -1, root 'root:/') mounted
[2022.06.18-20.27.40:795][  0]LogShaderLibrary: Display: ShaderCodeLibraryPakFileMountedCallback: pending pak file info (ChunkID:-1 Root:root:/ File:C:/Program Files/Epic Games/UE_4.27/FeaturePacks/TP_TwinStickBP.upack)
[2022.06.18-20.27.40:795][  0]LogPakFile: OnPakFileMounted2Time == 0.000106
[2022.06.18-20.27.40:796][  0]LogPakFile: PakFile PrimaryIndexSize=183
[2022.06.18-20.27.40:796][  0]LogPakFile: PakFile PathHashIndexSize=101
[2022.06.18-20.27.40:796][  0]LogPakFile: PakFile FullDirectoryIndexSize=140
[2022.06.18-20.27.40:797][  0]LogShaderLibrary: Display: ShaderCodeLibraryPakFileMountedCallback: PakFile 'C:/Program Files/Epic Games/UE_4.27/FeaturePacks/TP_Vehicle.upack' (chunk index -1, root 'root:/') mounted
[2022.06.18-20.27.40:797][  0]LogShaderLibrary: Display: ShaderCodeLibraryPakFileMountedCallback: pending pak file info (ChunkID:-1 Root:root:/ File:C:/Program Files/Epic Games/UE_4.27/FeaturePacks/TP_Vehicle.upack)
[2022.06.18-20.27.40:797][  0]LogPakFile: OnPakFileMounted2Time == 0.000115
[2022.06.18-20.27.40:798][  0]LogPakFile: PakFile PrimaryIndexSize=186
[2022.06.18-20.27.40:798][  0]LogPakFile: PakFile PathHashIndexSize=101
[2022.06.18-20.27.40:798][  0]LogPakFile: PakFile FullDirectoryIndexSize=146
[2022.06.18-20.27.40:798][  0]LogShaderLibrary: Display: ShaderCodeLibraryPakFileMountedCallback: PakFile 'C:/Program Files/Epic Games/UE_4.27/FeaturePacks/TP_VehicleAdv.upack' (chunk index -1, root 'root:/') mounted
[2022.06.18-20.27.40:798][  0]LogShaderLibrary: Display: ShaderCodeLibraryPakFileMountedCallback: pending pak file info (ChunkID:-1 Root:root:/ File:C:/Program Files/Epic Games/UE_4.27/FeaturePacks/TP_VehicleAdv.upack)
[2022.06.18-20.27.40:798][  0]LogPakFile: OnPakFileMounted2Time == 0.000117
[2022.06.18-20.27.40:800][  0]LogPakFile: PakFile PrimaryIndexSize=188
[2022.06.18-20.27.40:800][  0]LogPakFile: PakFile PathHashIndexSize=101
[2022.06.18-20.27.40:800][  0]LogPakFile: PakFile FullDirectoryIndexSize=150
[2022.06.18-20.27.40:800][  0]LogShaderLibrary: Display: ShaderCodeLibraryPakFileMountedCallback: PakFile 'C:/Program Files/Epic Games/UE_4.27/FeaturePacks/TP_VehicleAdvBP.upack' (chunk index -1, root 'root:/') mounted
[2022.06.18-20.27.40:800][  0]LogShaderLibrary: Display: ShaderCodeLibraryPakFileMountedCallback: pending pak file info (ChunkID:-1 Root:root:/ File:C:/Program Files/Epic Games/UE_4.27/FeaturePacks/TP_VehicleAdvBP.upack)
[2022.06.18-20.27.40:800][  0]LogPakFile: OnPakFileMounted2Time == 0.000111
[2022.06.18-20.27.40:801][  0]LogPakFile: PakFile PrimaryIndexSize=185
[2022.06.18-20.27.40:801][  0]LogPakFile: PakFile PathHashIndexSize=101
[2022.06.18-20.27.40:801][  0]LogPakFile: PakFile FullDirectoryIndexSize=144
[2022.06.18-20.27.40:801][  0]LogShaderLibrary: Display: ShaderCodeLibraryPakFileMountedCallback: PakFile 'C:/Program Files/Epic Games/UE_4.27/FeaturePacks/TP_VehicleBP.upack' (chunk index -1, root 'root:/') mounted
[2022.06.18-20.27.40:801][  0]LogShaderLibrary: Display: ShaderCodeLibraryPakFileMountedCallback: pending pak file info (ChunkID:-1 Root:root:/ File:C:/Program Files/Epic Games/UE_4.27/FeaturePacks/TP_VehicleBP.upack)
[2022.06.18-20.27.40:802][  0]LogPakFile: OnPakFileMounted2Time == 0.000101
[2022.06.18-20.27.40:803][  0]LogPakFile: PakFile PrimaryIndexSize=192
[2022.06.18-20.27.40:803][  0]LogPakFile: PakFile PathHashIndexSize=101
[2022.06.18-20.27.40:803][  0]LogPakFile: PakFile FullDirectoryIndexSize=158
[2022.06.18-20.27.40:803][  0]LogShaderLibrary: Display: ShaderCodeLibraryPakFileMountedCallback: PakFile 'C:/Program Files/Epic Games/UE_4.27/FeaturePacks/TP_VirtualRealityBP.upack' (chunk index -1, root 'root:/') mounted
[2022.06.18-20.27.40:803][  0]LogShaderLibrary: Display: ShaderCodeLibraryPakFileMountedCallback: pending pak file info (ChunkID:-1 Root:root:/ File:C:/Program Files/Epic Games/UE_4.27/FeaturePacks/TP_VirtualRealityBP.upack)
[2022.06.18-20.27.40:803][  0]LogPakFile: OnPakFileMounted2Time == 0.000111
[2022.06.18-20.27.40:917][  0]LogNativeClassHierarchy: Verbose: Native class hierarchy updated for 'AddContentDialog' in 0.0002 seconds. Added 0 classes and 0 folders.
[2022.06.18-20.27.40:921][  0]LogNativeClassHierarchy: Verbose: Native class hierarchy updated for 'SceneOutliner' in 0.0002 seconds. Added 2 classes and 0 folders.
[2022.06.18-20.27.41:039][  0]LogNativeClassHierarchy: Verbose: Native class hierarchy updated for 'ScreenShotComparisonTools' in 0.0002 seconds. Added 1 classes and 2 folders.
[2022.06.18-20.27.41:133][  0]LogSlate: Took 0.001252 seconds to synchronously load lazily loaded font '../../../Engine/Content/Slate/Fonts/Roboto-Regular.ttf' (155K)
[2022.06.18-20.27.41:137][  0]LogSlate: Took 0.000586 seconds to synchronously load lazily loaded font '../../../Engine/Content/Editor/Slate/Fonts/FontAwesome.ttf' (139K)
[2022.06.18-20.27.41:141][  0]LogSlate: Took 0.000610 seconds to synchronously load lazily loaded font '../../../Engine/Content/Slate/Fonts/Roboto-Bold.ttf' (160K)
[2022.06.18-20.27.41:226][  0]LogRenderer: Reallocating scene render targets to support 1228x416 Format 9 NumSamples 1 (Frame:1).
[2022.06.18-20.27.41:293][  0]LogSlate: Took 0.000605 seconds to synchronously load lazily loaded font '../../../Engine/Content/Slate/Fonts/Roboto-Light.ttf' (167K)
[2022.06.18-20.27.41:382][  0]LogNativeClassHierarchy: Verbose: Native class hierarchy updated for 'HierarchicalLODOutliner' in 0.0002 seconds. Added 0 classes and 0 folders.
[2022.06.18-20.27.41:382][  0]LogLoad: (Engine Initialization) Total time: 12.84 seconds
[2022.06.18-20.27.41:382][  0]LogLoad: (Engine Initialization) Total Blueprint compile time: 0.00 seconds
[2022.06.18-20.27.41:453][  0]LogAssetRegistry: Asset discovery search completed in 7.5569 seconds
[2022.06.18-20.27.41:465][  0]LogCollectionManager: Fixed up redirectors for 0 collections in 0.000252 seconds (updated 0 objects)
[2022.06.18-20.27.41:475][  0]LogContentStreaming: Texture pool size now 400 MB
[2022.06.18-20.27.46:416][290]LogNiagaraDebugger: Session selection changed. Dropping connections not from this session. | Session: 7B02F02F444B0A0E28022B9442A35D85 ()
[2022.06.18-20.27.46:417][290]LogProfilerClient: Subscribe Session: 7B02F02F444B0A0E28022B9442A35D85
[2022.06.18-20.27.46:427][290]LogNiagaraDebugger: Establishing connection. | Session: 7B02F02F444B0A0E28022B9442A35D85 | Instance: B7D971C84C21F9050C6A11A9B6B01C5F (DESKTOP-Q7GCBOU-21952).
[2022.06.18-20.27.46:428][290]LogProfilerService: Subscribe Session: 7B02F02F444B0A0E28022B9442A35D85, Instance: B7D971C84C21F9050C6A11A9B6B01C5F
[2022.06.18-20.27.46:429][290]LogNiagaraDebuggerClient: Connection request recieved and accepted. | Session: 7B02F02F444B0A0E28022B9442A35D85 | Instance: B7D971C84C21F9050C6A11A9B6B01C5F (DESKTOP-Q7GCBOU-21952).
[2022.06.18-20.27.46:430][290]LogNiagaraDebugger: Connection accepted. | Session: 7B02F02F444B0A0E28022B9442A35D85 | Instance: B7D971C84C21F9050C6A11A9B6B01C5F |
[2022.06.18-20.27.46:430][290]LogNiagaraDebugger: Sending updated debug HUD settings. | Session: 7B02F02F444B0A0E28022B9442A35D85 | Instance: B7D971C84C21F9050C6A11A9B6B01C5F |
[2022.06.18-20.27.46:431][290]LogNiagaraDebugger: Recieved simple client info update. | Sender: 653C2AB94AE69BAC34EF0A966168DAF3 
[2022.06.18-20.27.46:431][290]LogNiagaraDebuggerClient: Received updated DebugHUD settings. | Session: 7B02F02F444B0A0E28022B9442A35D85 | Instance: B7D971C84C21F9050C6A11A9B6B01C5F (DESKTOP-Q7GCBOU-21952).
[2022.06.18-20.27.46:431][290]Cmd: fx.Niagara.Debug.GlobalLoopTime 0.000
[2022.06.18-20.27.46:439][290]fx.Niagara.Debug.GlobalLoopTime = "0.0"
[2022.06.18-20.27.46:441][290]LogAutomationWorker: Received FindWorkersMessage from F719E1AA401F3DA455607C926E51DB3C
[2022.06.18-20.27.46:442][291]LogAutomationController: Received FindWorkersResponseMessage from 1CA9A1C4413008B688DCE48BADC46498
[2022.06.18-20.27.46:443][291]LogAutomationController: Requesting test list from 1CA9A1C4413008B688DCE48BADC46498
[2022.06.18-20.27.46:445][291]LogAutomationWorker: Received RequestTestsMessage from F719E1AA401F3DA455607C926E51DB3C
[2022.06.18-20.27.46:828][291]LogAutomationWorker: Set 675 tests to F719E1AA401F3DA455607C926E51DB3C
[2022.06.18-20.27.46:828][292]LogAutomationController: Received RequestTestsReplyCompleteMessage from 1CA9A1C4413008B688DCE48BADC46498
[2022.06.18-20.27.46:828][292]LogAutomationController: 675 tests available on 1CA9A1C4413008B688DCE48BADC46498
[2022.06.18-20.27.48:848][408]LogUObjectHash: Compacting FUObjectHashTables data took   0.78ms
[2022.06.18-20.27.48:852][408]AutomationTestingLog: New page: -----Test Run 4----
[2022.06.18-20.27.48:853][408]LogAutomationController: Sending Reset Tests to 1CA9A1C4413008B688DCE48BADC46498
[2022.06.18-20.27.48:853][408]LogAutomationController: Display: Clearing ../../../../../../My/Projects/UE4/UE_Learning/HW_2/Saved/Automation/Logs/ and ../../../../../../My/Projects/UE4/UE_Learning/HW_2/Saved/Automation/Tmp/
[2022.06.18-20.27.48:853][408]AutomationTestingLog: -----Test Run 4----
[2022.06.18-20.27.48:855][408]LogAutomationController: Display: Test Started. Name={Compute}
[2022.06.18-20.27.48:855][408]LogAutomationController: Sending RunTest Compute to 1CA9A1C4413008B688DCE48BADC46498
[2022.06.18-20.27.48:855][408]LogAutomationWorker: Received ResetTests from F719E1AA401F3DA455607C926E51DB3C
[2022.06.18-20.27.48:856][408]LogAutomationWorker: Received RunTests Compute from F719E1AA401F3DA455607C926E51DB3C
[2022.06.18-20.27.48:877][410]LogAutomationController: Display: Test Completed. Result={Passed} Name={Compute} Path={CalculatorEBNF.Compute}
[2022.06.18-20.27.48:877][410]LogAutomationController: BeginEvents: CalculatorEBNF.Compute
[2022.06.18-20.27.48:877][410]LogAutomationController: EndEvents: CalculatorEBNF.Compute
[2022.06.18-20.27.48:883][410]LogSlate: Took 0.000539 seconds to synchronously load lazily loaded font '../../../Engine/Content/Slate/Fonts/DroidSansMono.ttf' (77K)
[2022.06.18-20.27.48:884][410]LogAutomationController: Display: Report can be opened in the editor at 'C:/My/Projects/UE4/UE_Learning/HW_2/Saved/Automation/Reports/'
